<?xml version="1.0" encoding="UTF-8" ?>
<testsuites errors="0"
            failures="1"
            tests="1">

  <testsuite name="accueil"
    errors="0" failures="1" hostname="" id="" package="accueil" skipped="0"
    tests="1" time="7.514" timestamp="">
  
    <testcase name="Page d&#39;accueil" classname="accueil" time="7.514" assertions="20">

    

    

    

    

    

    

    

    

    

    

    

    

    

    

    

    

    

    

      <failure message="Expected element &lt;.dropdown-content a:nth-child(2)&gt; to have attribute &#34;class&#34; which contains: &#34;active&#34; - expected [0;32m&#34;contains &#39;active&#39;&#34;[0m but got: [0;31m&#34;&#34;[0m">    at Object.Page d&#39;accueil (C:\poly\LOG4420\TP3\TP3_4420A\tests\e2e\accueil.js:42:19)
    at processTicksAndRejections (internal/process/task_queues.js:93:5)</failure>

    <failure message="    at Object.Page d&#39;accueil (C:\poly\LOG4420\TP3\TP3_4420A\tests\e2e\accueil.js:42:19)">    at processTicksAndRejections (internal/process/task_queues.js:93:5)</failure>
    </testcase>
  

  

  
  </testsuite>
</testsuites>
