<?xml version="1.0" encoding="UTF-8" ?>
<testsuites errors="0"
            failures="1"
            tests="1">

  <testsuite name="projects"
    errors="0" failures="1" hostname="" id="" package="projects" skipped="0"
    tests="1" time="13.45" timestamp="">
  
    <testcase name="Page de projets" classname="projects" time="13.45" assertions="25">

    

    

    

    

    

    

    

    

    

    

    

    

    

    

    

    

    

    

    

    

    

    

    

      <failure message="Expected element &lt;h1&gt; text to equal: &#34;Évaluation et amélioration de la qualité de DBpedia pour la représentation de la connaissance du domaine&#34; - expected [0;32m&#34;equal &#39;Évaluation et amélioration de la qualité de DBpedia pour la représentation de la connaissance du domaine&#39;&#34;[0m but got: [0;31m&#34;Request failed with status code 500&#34;[0m">    at NightwatchAPI.&lt;anonymous&gt; (C:\poly\LOG4420\TP3\LOG4420_TP3\TP3_4420A\tests\e2e\projects.js:65:19)
    at processTicksAndRejections (internal/process/task_queues.js:93:5)</failure>

    <failure message="    at NightwatchAPI.&lt;anonymous&gt; (C:\poly\LOG4420\TP3\LOG4420_TP3\TP3_4420A\tests\e2e\projects.js:65:19)">    at processTicksAndRejections (internal/process/task_queues.js:93:5)</failure>
    </testcase>
  

  

  
  </testsuite>
</testsuites>
