{"C:\\poly\\LOG4420\\TP3\\LOG4420_TP3\\TP3_4420A\\routes\\rest\\members.js":{"path":"C:\\poly\\LOG4420\\TP3\\LOG4420_TP3\\TP3_4420A\\routes\\rest\\members.js","statementMap":{"0":{"start":{"line":1,"column":16},"end":{"line":1,"column":34}},"1":{"start":{"line":3,"column":0},"end":{"line":25,"column":1}},"2":{"start":{"line":4,"column":17},"end":{"line":4,"column":33}},"3":{"start":{"line":6,"column":2},"end":{"line":21,"column":7}},"4":{"start":{"line":8,"column":4},"end":{"line":21,"column":5}},"5":{"start":{"line":11,"column":6},"end":{"line":17,"column":37}},"6":{"start":{"line":12,"column":8},"end":{"line":15,"column":88}},"7":{"start":{"line":13,"column":10},"end":{"line":13,"column":57}},"8":{"start":{"line":15,"column":10},"end":{"line":15,"column":88}},"9":{"start":{"line":17,"column":8},"end":{"line":17,"column":37}},"10":{"start":{"line":24,"column":0},"end":{"line":24,"column":13}}},"fnMap":{"0":{"name":"(anonymous_0)","decl":{"start":{"line":3,"column":17},"end":{"line":3,"column":18}},"loc":{"start":{"line":3,"column":32},"end":{"line":25,"column":1}},"line":3},"1":{"name":"(anonymous_1)","decl":{"start":{"line":6,"column":18},"end":{"line":6,"column":19}},"loc":{"start":{"line":6,"column":38},"end":{"line":21,"column":6}},"line":6},"2":{"name":"(anonymous_2)","decl":{"start":{"line":8,"column":31},"end":{"line":8,"column":32}},"loc":{"start":{"line":9,"column":4},"end":{"line":19,"column":5}},"line":9}},"branchMap":{"0":{"loc":{"start":{"line":11,"column":6},"end":{"line":17,"column":37}},"type":"if","locations":[{"start":{"line":11,"column":6},"end":{"line":17,"column":37}},{"start":{"line":11,"column":6},"end":{"line":17,"column":37}}],"line":11},"1":{"loc":{"start":{"line":12,"column":8},"end":{"line":15,"column":88}},"type":"if","locations":[{"start":{"line":12,"column":8},"end":{"line":15,"column":88}},{"start":{"line":12,"column":8},"end":{"line":15,"column":88}}],"line":12},"2":{"loc":{"start":{"line":12,"column":12},"end":{"line":12,"column":113}},"type":"binary-expr","locations":[{"start":{"line":12,"column":12},"end":{"line":12,"column":52}},{"start":{"line":12,"column":56},"end":{"line":12,"column":113}}],"line":12}},"s":{"0":1,"1":1,"2":3,"3":3,"4":2,"5":2,"6":2,"7":1,"8":1,"9":0,"10":3},"f":{"0":3,"1":2,"2":2},"b":{"0":[2,0],"1":[1,1],"2":[2,2]},"_coverageSchema":"43e27e138ebf9cfc5966b082cf9a028302ed4184","hash":"6690bbc11b44dd32ed3969502b1a64fd10f85cd9","contentHash":"79c0d135a89916cffb295c0e0bafab5d6e84669ba8bd94901a6c905800bf60d4"},"C:\\poly\\LOG4420\\TP3\\LOG4420_TP3\\TP3_4420A\\services\\feed.js":{"path":"C:\\poly\\LOG4420\\TP3\\LOG4420_TP3\\TP3_4420A\\services\\feed.js","statementMap":{"0":{"start":{"line":1,"column":14},"end":{"line":1,"column":30}},"1":{"start":{"line":20,"column":17},"end":{"line":30,"column":1}},"2":{"start":{"line":20,"column":32},"end":{"line":30,"column":1}},"3":{"start":{"line":20,"column":50},"end":{"line":30,"column":1}},"4":{"start":{"line":20,"column":62},"end":{"line":30,"column":1}},"5":{"start":{"line":20,"column":74},"end":{"line":30,"column":1}},"6":{"start":{"line":21,"column":23},"end":{"line":21,"column":90}},"7":{"start":{"line":23,"column":2},"end":{"line":29,"column":4}},"8":{"start":{"line":24,"column":4},"end":{"line":28,"column":5}},"9":{"start":{"line":25,"column":6},"end":{"line":25,"column":25}},"10":{"start":{"line":27,"column":6},"end":{"line":27,"column":53}},"11":{"start":{"line":40,"column":37},"end":{"line":45,"column":1}},"12":{"start":{"line":41,"column":16},"end":{"line":43,"column":50}},"13":{"start":{"line":42,"column":42},"end":{"line":42,"column":73}},"14":{"start":{"line":43,"column":22},"end":{"line":43,"column":49}},"15":{"start":{"line":44,"column":2},"end":{"line":44,"column":23}},"16":{"start":{"line":47,"column":0},"end":{"line":51,"column":1}},"17":{"start":{"line":48,"column":2},"end":{"line":50,"column":3}}},"fnMap":{"0":{"name":"(anonymous_0)","decl":{"start":{"line":20,"column":17},"end":{"line":20,"column":18}},"loc":{"start":{"line":20,"column":32},"end":{"line":30,"column":1}},"line":20},"1":{"name":"(anonymous_1)","decl":{"start":{"line":20,"column":32},"end":{"line":20,"column":33}},"loc":{"start":{"line":20,"column":50},"end":{"line":30,"column":1}},"line":20},"2":{"name":"(anonymous_2)","decl":{"start":{"line":20,"column":50},"end":{"line":20,"column":51}},"loc":{"start":{"line":20,"column":62},"end":{"line":30,"column":1}},"line":20},"3":{"name":"(anonymous_3)","decl":{"start":{"line":20,"column":62},"end":{"line":20,"column":63}},"loc":{"start":{"line":20,"column":74},"end":{"line":30,"column":1}},"line":20},"4":{"name":"(anonymous_4)","decl":{"start":{"line":20,"column":74},"end":{"line":20,"column":75}},"loc":{"start":{"line":20,"column":86},"end":{"line":30,"column":1}},"line":20},"5":{"name":"(anonymous_5)","decl":{"start":{"line":23,"column":102},"end":{"line":23,"column":103}},"loc":{"start":{"line":23,"column":120},"end":{"line":29,"column":3}},"line":23},"6":{"name":"(anonymous_6)","decl":{"start":{"line":40,"column":37},"end":{"line":40,"column":38}},"loc":{"start":{"line":40,"column":60},"end":{"line":45,"column":1}},"line":40},"7":{"name":"(anonymous_7)","decl":{"start":{"line":42,"column":12},"end":{"line":42,"column":13}},"loc":{"start":{"line":42,"column":42},"end":{"line":42,"column":73}},"line":42},"8":{"name":"(anonymous_8)","decl":{"start":{"line":43,"column":10},"end":{"line":43,"column":11}},"loc":{"start":{"line":43,"column":22},"end":{"line":43,"column":49}},"line":43},"9":{"name":"(anonymous_9)","decl":{"start":{"line":47,"column":17},"end":{"line":47,"column":18}},"loc":{"start":{"line":47,"column":50},"end":{"line":51,"column":1}},"line":47}},"branchMap":{"0":{"loc":{"start":{"line":24,"column":4},"end":{"line":28,"column":5}},"type":"if","locations":[{"start":{"line":24,"column":4},"end":{"line":28,"column":5}},{"start":{"line":24,"column":4},"end":{"line":28,"column":5}}],"line":24}},"s":{"0":1,"1":1,"2":2,"3":2,"4":2,"5":2,"6":2,"7":2,"8":2,"9":1,"10":1,"11":1,"12":1,"13":2,"14":1,"15":1,"16":1,"17":2},"f":{"0":2,"1":2,"2":2,"3":2,"4":2,"5":2,"6":1,"7":2,"8":1,"9":2},"b":{"0":[1,1]},"_coverageSchema":"43e27e138ebf9cfc5966b082cf9a028302ed4184","hash":"9efdc9a40dd68fe1131ab1dd50db4a0a420c375e","contentHash":"534c2ebf2ad833e3d1f0e965ced2c6395aec4955e5d181bc8586edf2c63d2b14"},"C:\\poly\\LOG4420\\TP3\\LOG4420_TP3\\TP3_4420A\\services\\mongo\\news.js":{"path":"C:\\poly\\LOG4420\\TP3\\LOG4420_TP3\\TP3_4420A\\services\\mongo\\news.js","statementMap":{"0":{"start":{"line":1,"column":15},"end":{"line":1,"column":32}},"1":{"start":{"line":2,"column":27},"end":{"line":2,"column":46}},"2":{"start":{"line":19,"column":16},"end":{"line":46,"column":1}},"3":{"start":{"line":19,"column":22},"end":{"line":46,"column":1}},"4":{"start":{"line":19,"column":34},"end":{"line":46,"column":1}},"5":{"start":{"line":21,"column":2},"end":{"line":44,"column":4}},"6":{"start":{"line":22,"column":4},"end":{"line":42,"column":5}},"7":{"start":{"line":24,"column":8},"end":{"line":24,"column":27}},"8":{"start":{"line":28,"column":23},"end":{"line":40,"column":11}},"9":{"start":{"line":30,"column":37},"end":{"line":30,"column":69}},"10":{"start":{"line":31,"column":39},"end":{"line":31,"column":90}},"11":{"start":{"line":32,"column":14},"end":{"line":38,"column":15}},"12":{"start":{"line":41,"column":10},"end":{"line":41,"column":30}},"13":{"start":{"line":48,"column":0},"end":{"line":52,"column":1}},"14":{"start":{"line":49,"column":2},"end":{"line":51,"column":3}}},"fnMap":{"0":{"name":"(anonymous_0)","decl":{"start":{"line":19,"column":16},"end":{"line":19,"column":17}},"loc":{"start":{"line":19,"column":22},"end":{"line":46,"column":1}},"line":19},"1":{"name":"(anonymous_1)","decl":{"start":{"line":19,"column":22},"end":{"line":19,"column":23}},"loc":{"start":{"line":19,"column":34},"end":{"line":46,"column":1}},"line":19},"2":{"name":"(anonymous_2)","decl":{"start":{"line":19,"column":34},"end":{"line":19,"column":35}},"loc":{"start":{"line":19,"column":46},"end":{"line":46,"column":1}},"line":19},"3":{"name":"(anonymous_3)","decl":{"start":{"line":21,"column":41},"end":{"line":21,"column":42}},"loc":{"start":{"line":21,"column":60},"end":{"line":44,"column":3}},"line":21},"4":{"name":"(anonymous_4)","decl":{"start":{"line":29,"column":17},"end":{"line":29,"column":18}},"loc":{"start":{"line":29,"column":22},"end":{"line":39,"column":13}},"line":29},"5":{"name":"(anonymous_5)","decl":{"start":{"line":48,"column":17},"end":{"line":48,"column":18}},"loc":{"start":{"line":48,"column":23},"end":{"line":52,"column":1}},"line":48}},"branchMap":{"0":{"loc":{"start":{"line":22,"column":4},"end":{"line":42,"column":5}},"type":"if","locations":[{"start":{"line":22,"column":4},"end":{"line":42,"column":5}},{"start":{"line":22,"column":4},"end":{"line":42,"column":5}}],"line":22},"1":{"loc":{"start":{"line":28,"column":24},"end":{"line":28,"column":51}},"type":"cond-expr","locations":[{"start":{"line":28,"column":42},"end":{"line":28,"column":44}},{"start":{"line":28,"column":47},"end":{"line":28,"column":51}}],"line":28}},"s":{"0":1,"1":1,"2":1,"3":2,"4":2,"5":2,"6":2,"7":0,"8":2,"9":10,"10":10,"11":10,"12":2,"13":1,"14":2},"f":{"0":2,"1":2,"2":2,"3":2,"4":10,"5":2},"b":{"0":[0,2],"1":[0,2]},"_coverageSchema":"43e27e138ebf9cfc5966b082cf9a028302ed4184","hash":"95a3b213509cd21ad7b7de3cde11a8371a25fc80","contentHash":"298a0f5d3d5f173334ed3c0eaf09226bbdb502eb67ffb4ce0418aa9a6b5a545d"},"C:\\poly\\LOG4420\\TP3\\LOG4420_TP3\\TP3_4420A\\services\\utils.js":{"path":"C:\\poly\\LOG4420\\TP3\\LOG4420_TP3\\TP3_4420A\\services\\utils.js","statementMap":{"0":{"start":{"line":15,"column":0},"end":{"line":23,"column":1}},"1":{"start":{"line":16,"column":2},"end":{"line":22,"column":3}},"2":{"start":{"line":17,"column":4},"end":{"line":17,"column":13}},"3":{"start":{"line":18,"column":9},"end":{"line":22,"column":3}},"4":{"start":{"line":19,"column":4},"end":{"line":19,"column":26}},"5":{"start":{"line":21,"column":4},"end":{"line":21,"column":22}}},"fnMap":{"0":{"name":"(anonymous_0)","decl":{"start":{"line":15,"column":25},"end":{"line":15,"column":26}},"loc":{"start":{"line":15,"column":46},"end":{"line":23,"column":1}},"line":15}},"branchMap":{"0":{"loc":{"start":{"line":16,"column":2},"end":{"line":22,"column":3}},"type":"if","locations":[{"start":{"line":16,"column":2},"end":{"line":22,"column":3}},{"start":{"line":16,"column":2},"end":{"line":22,"column":3}}],"line":16},"1":{"loc":{"start":{"line":18,"column":9},"end":{"line":22,"column":3}},"type":"if","locations":[{"start":{"line":18,"column":9},"end":{"line":22,"column":3}},{"start":{"line":18,"column":9},"end":{"line":22,"column":3}}],"line":18}},"s":{"0":1,"1":236,"2":21,"3":215,"4":211,"5":4},"f":{"0":236},"b":{"0":[21,215],"1":[211,4]},"_coverageSchema":"43e27e138ebf9cfc5966b082cf9a028302ed4184","hash":"a4415efa84a347c7192a766ba2a005a1d4c4bba8","contentHash":"817831cf27967d6f5d8de880f9108dcae209835323fd6b0dab0344692b2a8e14"},"C:\\poly\\LOG4420\\TP3\\LOG4420_TP3\\TP3_4420A\\services\\yaml\\news.js":{"path":"C:\\poly\\LOG4420\\TP3\\LOG4420_TP3\\TP3_4420A\\services\\yaml\\news.js","statementMap":{"0":{"start":{"line":1,"column":13},"end":{"line":1,"column":31}},"1":{"start":{"line":2,"column":15},"end":{"line":2,"column":32}},"2":{"start":{"line":3,"column":27},"end":{"line":3,"column":46}},"3":{"start":{"line":20,"column":16},"end":{"line":40,"column":1}},"4":{"start":{"line":20,"column":22},"end":{"line":40,"column":1}},"5":{"start":{"line":20,"column":34},"end":{"line":40,"column":1}},"6":{"start":{"line":21,"column":2},"end":{"line":39,"column":4}},"7":{"start":{"line":22,"column":4},"end":{"line":38,"column":5}},"8":{"start":{"line":23,"column":6},"end":{"line":23,"column":25}},"9":{"start":{"line":25,"column":29},"end":{"line":25,"column":51}},"10":{"start":{"line":26,"column":19},"end":{"line":36,"column":10}},"11":{"start":{"line":28,"column":33},"end":{"line":28,"column":65}},"12":{"start":{"line":29,"column":35},"end":{"line":29,"column":86}},"13":{"start":{"line":30,"column":10},"end":{"line":35,"column":11}},"14":{"start":{"line":37,"column":6},"end":{"line":37,"column":26}},"15":{"start":{"line":42,"column":0},"end":{"line":46,"column":1}},"16":{"start":{"line":43,"column":2},"end":{"line":45,"column":3}}},"fnMap":{"0":{"name":"(anonymous_0)","decl":{"start":{"line":20,"column":16},"end":{"line":20,"column":17}},"loc":{"start":{"line":20,"column":22},"end":{"line":40,"column":1}},"line":20},"1":{"name":"(anonymous_1)","decl":{"start":{"line":20,"column":22},"end":{"line":20,"column":23}},"loc":{"start":{"line":20,"column":34},"end":{"line":40,"column":1}},"line":20},"2":{"name":"(anonymous_2)","decl":{"start":{"line":20,"column":34},"end":{"line":20,"column":35}},"loc":{"start":{"line":20,"column":46},"end":{"line":40,"column":1}},"line":20},"3":{"name":"(anonymous_3)","decl":{"start":{"line":21,"column":41},"end":{"line":21,"column":42}},"loc":{"start":{"line":21,"column":59},"end":{"line":39,"column":3}},"line":21},"4":{"name":"(anonymous_4)","decl":{"start":{"line":27,"column":13},"end":{"line":27,"column":14}},"loc":{"start":{"line":27,"column":18},"end":{"line":36,"column":9}},"line":27},"5":{"name":"(anonymous_5)","decl":{"start":{"line":42,"column":17},"end":{"line":42,"column":18}},"loc":{"start":{"line":42,"column":23},"end":{"line":46,"column":1}},"line":42}},"branchMap":{"0":{"loc":{"start":{"line":22,"column":4},"end":{"line":38,"column":5}},"type":"if","locations":[{"start":{"line":22,"column":4},"end":{"line":38,"column":5}},{"start":{"line":22,"column":4},"end":{"line":38,"column":5}}],"line":22},"1":{"loc":{"start":{"line":26,"column":20},"end":{"line":26,"column":67}},"type":"cond-expr","locations":[{"start":{"line":26,"column":48},"end":{"line":26,"column":50}},{"start":{"line":26,"column":53},"end":{"line":26,"column":67}}],"line":26}},"s":{"0":1,"1":1,"2":1,"3":1,"4":3,"5":3,"6":3,"7":3,"8":1,"9":2,"10":2,"11":1,"12":1,"13":1,"14":2,"15":1,"16":3},"f":{"0":3,"1":3,"2":3,"3":3,"4":1,"5":3},"b":{"0":[1,2],"1":[1,1]},"_coverageSchema":"43e27e138ebf9cfc5966b082cf9a028302ed4184","hash":"dcb4ebc7733fcfa178a172edc09f638c7f8cd756","contentHash":"2160be5d40330ad0285896670ce586c960364d105d419a5a54e5d03a4967d74c"},"C:\\poly\\LOG4420\\TP3\\LOG4420_TP3\\TP3_4420A\\services\\mongo\\projects.js":{"path":"C:\\poly\\LOG4420\\TP3\\LOG4420_TP3\\TP3_4420A\\services\\mongo\\projects.js","statementMap":{"0":{"start":{"line":1,"column":27},"end":{"line":1,"column":46}},"1":{"start":{"line":2,"column":17},"end":{"line":2,"column":44}},"2":{"start":{"line":19,"column":20},"end":{"line":48,"column":1}},"3":{"start":{"line":19,"column":26},"end":{"line":48,"column":1}},"4":{"start":{"line":19,"column":38},"end":{"line":48,"column":1}},"5":{"start":{"line":23,"column":2},"end":{"line":46,"column":4}},"6":{"start":{"line":25,"column":4},"end":{"line":45,"column":5}},"7":{"start":{"line":26,"column":6},"end":{"line":26,"column":25}},"8":{"start":{"line":30,"column":23},"end":{"line":42,"column":10}},"9":{"start":{"line":33,"column":34},"end":{"line":33,"column":73}},"10":{"start":{"line":34,"column":40},"end":{"line":34,"column":85}},"11":{"start":{"line":36,"column":10},"end":{"line":41,"column":11}},"12":{"start":{"line":43,"column":6},"end":{"line":43,"column":30}},"13":{"start":{"line":67,"column":23},"end":{"line":89,"column":1}},"14":{"start":{"line":67,"column":29},"end":{"line":89,"column":1}},"15":{"start":{"line":67,"column":47},"end":{"line":89,"column":1}},"16":{"start":{"line":67,"column":59},"end":{"line":89,"column":1}},"17":{"start":{"line":67,"column":65},"end":{"line":89,"column":1}},"18":{"start":{"line":69,"column":2},"end":{"line":87,"column":4}},"19":{"start":{"line":71,"column":4},"end":{"line":86,"column":5}},"20":{"start":{"line":73,"column":6},"end":{"line":73,"column":24}},"21":{"start":{"line":75,"column":8},"end":{"line":84,"column":9}},"22":{"start":{"line":76,"column":10},"end":{"line":76,"column":30}},"23":{"start":{"line":79,"column":27},"end":{"line":79,"column":242}},"24":{"start":{"line":80,"column":24},"end":{"line":80,"column":43}},"25":{"start":{"line":81,"column":10},"end":{"line":81,"column":34}},"26":{"start":{"line":82,"column":10},"end":{"line":82,"column":31}},"27":{"start":{"line":88,"column":2},"end":{"line":88,"column":12}},"28":{"start":{"line":91,"column":0},"end":{"line":96,"column":1}},"29":{"start":{"line":92,"column":2},"end":{"line":95,"column":3}}},"fnMap":{"0":{"name":"(anonymous_0)","decl":{"start":{"line":19,"column":20},"end":{"line":19,"column":21}},"loc":{"start":{"line":19,"column":26},"end":{"line":48,"column":1}},"line":19},"1":{"name":"(anonymous_1)","decl":{"start":{"line":19,"column":26},"end":{"line":19,"column":27}},"loc":{"start":{"line":19,"column":38},"end":{"line":48,"column":1}},"line":19},"2":{"name":"(anonymous_2)","decl":{"start":{"line":19,"column":38},"end":{"line":19,"column":39}},"loc":{"start":{"line":19,"column":50},"end":{"line":48,"column":1}},"line":19},"3":{"name":"(anonymous_3)","decl":{"start":{"line":23,"column":45},"end":{"line":23,"column":46}},"loc":{"start":{"line":23,"column":64},"end":{"line":46,"column":3}},"line":23},"4":{"name":"(anonymous_4)","decl":{"start":{"line":32,"column":13},"end":{"line":32,"column":14}},"loc":{"start":{"line":32,"column":24},"end":{"line":42,"column":9}},"line":32},"5":{"name":"(anonymous_5)","decl":{"start":{"line":67,"column":23},"end":{"line":67,"column":24}},"loc":{"start":{"line":67,"column":29},"end":{"line":89,"column":1}},"line":67},"6":{"name":"(anonymous_6)","decl":{"start":{"line":67,"column":29},"end":{"line":67,"column":30}},"loc":{"start":{"line":67,"column":47},"end":{"line":89,"column":1}},"line":67},"7":{"name":"(anonymous_7)","decl":{"start":{"line":67,"column":47},"end":{"line":67,"column":48}},"loc":{"start":{"line":67,"column":59},"end":{"line":89,"column":1}},"line":67},"8":{"name":"(anonymous_8)","decl":{"start":{"line":67,"column":59},"end":{"line":67,"column":60}},"loc":{"start":{"line":67,"column":65},"end":{"line":89,"column":1}},"line":67},"9":{"name":"(anonymous_9)","decl":{"start":{"line":67,"column":65},"end":{"line":67,"column":66}},"loc":{"start":{"line":67,"column":77},"end":{"line":89,"column":1}},"line":67},"10":{"name":"(anonymous_10)","decl":{"start":{"line":69,"column":53},"end":{"line":69,"column":54}},"loc":{"start":{"line":69,"column":66},"end":{"line":87,"column":3}},"line":69},"11":{"name":"(anonymous_11)","decl":{"start":{"line":91,"column":17},"end":{"line":91,"column":18}},"loc":{"start":{"line":91,"column":23},"end":{"line":96,"column":1}},"line":91}},"branchMap":{"0":{"loc":{"start":{"line":25,"column":4},"end":{"line":45,"column":5}},"type":"if","locations":[{"start":{"line":25,"column":4},"end":{"line":45,"column":5}},{"start":{"line":25,"column":4},"end":{"line":45,"column":5}}],"line":25},"1":{"loc":{"start":{"line":30,"column":24},"end":{"line":30,"column":51}},"type":"cond-expr","locations":[{"start":{"line":30,"column":42},"end":{"line":30,"column":44}},{"start":{"line":30,"column":47},"end":{"line":30,"column":51}}],"line":30},"2":{"loc":{"start":{"line":40,"column":26},"end":{"line":40,"column":90}},"type":"cond-expr","locations":[{"start":{"line":40,"column":65},"end":{"line":40,"column":67}},{"start":{"line":40,"column":70},"end":{"line":40,"column":90}}],"line":40},"3":{"loc":{"start":{"line":71,"column":4},"end":{"line":86,"column":5}},"type":"if","locations":[{"start":{"line":71,"column":4},"end":{"line":86,"column":5}},{"start":{"line":71,"column":4},"end":{"line":86,"column":5}}],"line":71},"4":{"loc":{"start":{"line":75,"column":8},"end":{"line":84,"column":9}},"type":"if","locations":[{"start":{"line":75,"column":8},"end":{"line":84,"column":9}},{"start":{"line":75,"column":8},"end":{"line":84,"column":9}}],"line":75},"5":{"loc":{"start":{"line":79,"column":27},"end":{"line":79,"column":242}},"type":"cond-expr","locations":[{"start":{"line":79,"column":171},"end":{"line":79,"column":188}},{"start":{"line":79,"column":191},"end":{"line":79,"column":242}}],"line":79},"6":{"loc":{"start":{"line":79,"column":27},"end":{"line":79,"column":168}},"type":"binary-expr","locations":[{"start":{"line":79,"column":27},"end":{"line":79,"column":55}},{"start":{"line":79,"column":59},"end":{"line":79,"column":99}},{"start":{"line":79,"column":103},"end":{"line":79,"column":168}}],"line":79}},"s":{"0":1,"1":1,"2":1,"3":5,"4":4,"5":4,"6":4,"7":0,"8":4,"9":68,"10":68,"11":68,"12":4,"13":1,"14":5,"15":3,"16":3,"17":3,"18":3,"19":3,"20":0,"21":3,"22":3,"23":0,"24":0,"25":0,"26":0,"27":3,"28":1,"29":5},"f":{"0":5,"1":4,"2":4,"3":4,"4":68,"5":5,"6":3,"7":3,"8":3,"9":3,"10":3,"11":5},"b":{"0":[0,4],"1":[0,4],"2":[40,28],"3":[0,3],"4":[3,0],"5":[0,0],"6":[0,0,0]},"_coverageSchema":"43e27e138ebf9cfc5966b082cf9a028302ed4184","hash":"1431ef4a52c43e8a3f407bc161efc49c76473b19","contentHash":"fdec9d6a8a31497873ad55b666b3d012dc8e59ef7cae275ceec36147deb4092d"},"C:\\poly\\LOG4420\\TP3\\LOG4420_TP3\\TP3_4420A\\services\\yaml\\projects.js":{"path":"C:\\poly\\LOG4420\\TP3\\LOG4420_TP3\\TP3_4420A\\services\\yaml\\projects.js","statementMap":{"0":{"start":{"line":1,"column":13},"end":{"line":1,"column":31}},"1":{"start":{"line":2,"column":27},"end":{"line":2,"column":46}},"2":{"start":{"line":19,"column":20},"end":{"line":40,"column":1}},"3":{"start":{"line":19,"column":26},"end":{"line":40,"column":1}},"4":{"start":{"line":19,"column":38},"end":{"line":40,"column":1}},"5":{"start":{"line":20,"column":2},"end":{"line":39,"column":4}},"6":{"start":{"line":21,"column":4},"end":{"line":38,"column":5}},"7":{"start":{"line":22,"column":6},"end":{"line":22,"column":25}},"8":{"start":{"line":24,"column":29},"end":{"line":24,"column":51}},"9":{"start":{"line":25,"column":23},"end":{"line":36,"column":10}},"10":{"start":{"line":28,"column":34},"end":{"line":28,"column":73}},"11":{"start":{"line":29,"column":40},"end":{"line":29,"column":85}},"12":{"start":{"line":30,"column":10},"end":{"line":35,"column":11}},"13":{"start":{"line":37,"column":6},"end":{"line":37,"column":30}},"14":{"start":{"line":59,"column":23},"end":{"line":75,"column":1}},"15":{"start":{"line":59,"column":29},"end":{"line":75,"column":1}},"16":{"start":{"line":59,"column":47},"end":{"line":75,"column":1}},"17":{"start":{"line":59,"column":59},"end":{"line":75,"column":1}},"18":{"start":{"line":59,"column":65},"end":{"line":75,"column":1}},"19":{"start":{"line":60,"column":2},"end":{"line":74,"column":4}},"20":{"start":{"line":61,"column":4},"end":{"line":73,"column":5}},"21":{"start":{"line":62,"column":6},"end":{"line":62,"column":25}},"22":{"start":{"line":64,"column":25},"end":{"line":64,"column":57}},"23":{"start":{"line":64,"column":44},"end":{"line":64,"column":56}},"24":{"start":{"line":65,"column":6},"end":{"line":72,"column":7}},"25":{"start":{"line":66,"column":8},"end":{"line":66,"column":34}},"26":{"start":{"line":68,"column":25},"end":{"line":68,"column":240}},"27":{"start":{"line":69,"column":22},"end":{"line":69,"column":41}},"28":{"start":{"line":70,"column":8},"end":{"line":70,"column":32}},"29":{"start":{"line":71,"column":8},"end":{"line":71,"column":29}},"30":{"start":{"line":77,"column":0},"end":{"line":82,"column":1}},"31":{"start":{"line":78,"column":2},"end":{"line":81,"column":3}}},"fnMap":{"0":{"name":"(anonymous_0)","decl":{"start":{"line":19,"column":20},"end":{"line":19,"column":21}},"loc":{"start":{"line":19,"column":26},"end":{"line":40,"column":1}},"line":19},"1":{"name":"(anonymous_1)","decl":{"start":{"line":19,"column":26},"end":{"line":19,"column":27}},"loc":{"start":{"line":19,"column":38},"end":{"line":40,"column":1}},"line":19},"2":{"name":"(anonymous_2)","decl":{"start":{"line":19,"column":38},"end":{"line":19,"column":39}},"loc":{"start":{"line":19,"column":50},"end":{"line":40,"column":1}},"line":19},"3":{"name":"(anonymous_3)","decl":{"start":{"line":20,"column":45},"end":{"line":20,"column":46}},"loc":{"start":{"line":20,"column":63},"end":{"line":39,"column":3}},"line":20},"4":{"name":"(anonymous_4)","decl":{"start":{"line":27,"column":13},"end":{"line":27,"column":14}},"loc":{"start":{"line":27,"column":24},"end":{"line":36,"column":9}},"line":27},"5":{"name":"(anonymous_5)","decl":{"start":{"line":59,"column":23},"end":{"line":59,"column":24}},"loc":{"start":{"line":59,"column":29},"end":{"line":75,"column":1}},"line":59},"6":{"name":"(anonymous_6)","decl":{"start":{"line":59,"column":29},"end":{"line":59,"column":30}},"loc":{"start":{"line":59,"column":47},"end":{"line":75,"column":1}},"line":59},"7":{"name":"(anonymous_7)","decl":{"start":{"line":59,"column":47},"end":{"line":59,"column":48}},"loc":{"start":{"line":59,"column":59},"end":{"line":75,"column":1}},"line":59},"8":{"name":"(anonymous_8)","decl":{"start":{"line":59,"column":59},"end":{"line":59,"column":60}},"loc":{"start":{"line":59,"column":65},"end":{"line":75,"column":1}},"line":59},"9":{"name":"(anonymous_9)","decl":{"start":{"line":59,"column":65},"end":{"line":59,"column":66}},"loc":{"start":{"line":59,"column":77},"end":{"line":75,"column":1}},"line":59},"10":{"name":"(anonymous_10)","decl":{"start":{"line":60,"column":28},"end":{"line":60,"column":29}},"loc":{"start":{"line":60,"column":47},"end":{"line":74,"column":3}},"line":60},"11":{"name":"(anonymous_11)","decl":{"start":{"line":64,"column":39},"end":{"line":64,"column":40}},"loc":{"start":{"line":64,"column":44},"end":{"line":64,"column":56}},"line":64},"12":{"name":"(anonymous_12)","decl":{"start":{"line":77,"column":17},"end":{"line":77,"column":18}},"loc":{"start":{"line":77,"column":23},"end":{"line":82,"column":1}},"line":77}},"branchMap":{"0":{"loc":{"start":{"line":21,"column":4},"end":{"line":38,"column":5}},"type":"if","locations":[{"start":{"line":21,"column":4},"end":{"line":38,"column":5}},{"start":{"line":21,"column":4},"end":{"line":38,"column":5}}],"line":21},"1":{"loc":{"start":{"line":25,"column":24},"end":{"line":25,"column":71}},"type":"cond-expr","locations":[{"start":{"line":25,"column":52},"end":{"line":25,"column":54}},{"start":{"line":25,"column":57},"end":{"line":25,"column":71}}],"line":25},"2":{"loc":{"start":{"line":34,"column":26},"end":{"line":34,"column":90}},"type":"cond-expr","locations":[{"start":{"line":34,"column":65},"end":{"line":34,"column":67}},{"start":{"line":34,"column":70},"end":{"line":34,"column":90}}],"line":34},"3":{"loc":{"start":{"line":61,"column":4},"end":{"line":73,"column":5}},"type":"if","locations":[{"start":{"line":61,"column":4},"end":{"line":73,"column":5}},{"start":{"line":61,"column":4},"end":{"line":73,"column":5}}],"line":61},"4":{"loc":{"start":{"line":65,"column":6},"end":{"line":72,"column":7}},"type":"if","locations":[{"start":{"line":65,"column":6},"end":{"line":72,"column":7}},{"start":{"line":65,"column":6},"end":{"line":72,"column":7}}],"line":65},"5":{"loc":{"start":{"line":68,"column":25},"end":{"line":68,"column":240}},"type":"cond-expr","locations":[{"start":{"line":68,"column":169},"end":{"line":68,"column":186}},{"start":{"line":68,"column":189},"end":{"line":68,"column":240}}],"line":68},"6":{"loc":{"start":{"line":68,"column":25},"end":{"line":68,"column":166}},"type":"binary-expr","locations":[{"start":{"line":68,"column":25},"end":{"line":68,"column":53}},{"start":{"line":68,"column":57},"end":{"line":68,"column":97}},{"start":{"line":68,"column":101},"end":{"line":68,"column":166}}],"line":68}},"s":{"0":1,"1":1,"2":1,"3":10,"4":7,"5":7,"6":7,"7":2,"8":5,"9":5,"10":4,"11":4,"12":4,"13":5,"14":1,"15":7,"16":3,"17":3,"18":3,"19":3,"20":3,"21":1,"22":2,"23":2,"24":2,"25":1,"26":1,"27":1,"28":1,"29":1,"30":1,"31":7},"f":{"0":10,"1":7,"2":7,"3":7,"4":4,"5":7,"6":3,"7":3,"8":3,"9":3,"10":3,"11":2,"12":7},"b":{"0":[2,5],"1":[1,4],"2":[1,3],"3":[1,2],"4":[1,1],"5":[0,1],"6":[1,0,0]},"_coverageSchema":"43e27e138ebf9cfc5966b082cf9a028302ed4184","hash":"bd476a7d9afd74dd5f220f06db5f8f4a882ecc87","contentHash":"448d49c139674dcc060de177f7a224cd6753f7798af514e5b0732aa78a353aaa"},"C:\\poly\\LOG4420\\TP3\\LOG4420_TP3\\TP3_4420A\\services\\mongo\\publication.js":{"path":"C:\\poly\\LOG4420\\TP3\\LOG4420_TP3\\TP3_4420A\\services\\mongo\\publication.js","statementMap":{"0":{"start":{"line":1,"column":15},"end":{"line":1,"column":32}},"1":{"start":{"line":2,"column":16},"end":{"line":2,"column":34}},"2":{"start":{"line":18,"column":32},"end":{"line":27,"column":1}},"3":{"start":{"line":18,"column":38},"end":{"line":27,"column":1}},"4":{"start":{"line":20,"column":2},"end":{"line":26,"column":4}},"5":{"start":{"line":21,"column":4},"end":{"line":25,"column":5}},"6":{"start":{"line":21,"column":13},"end":{"line":21,"column":32}},"7":{"start":{"line":23,"column":28},"end":{"line":23,"column":59}},"8":{"start":{"line":24,"column":6},"end":{"line":24,"column":41}},"9":{"start":{"line":50,"column":24},"end":{"line":76,"column":1}},"10":{"start":{"line":50,"column":30},"end":{"line":76,"column":1}},"11":{"start":{"line":50,"column":44},"end":{"line":76,"column":1}},"12":{"start":{"line":52,"column":2},"end":{"line":75,"column":4}},"13":{"start":{"line":53,"column":4},"end":{"line":74,"column":5}},"14":{"start":{"line":53,"column":13},"end":{"line":53,"column":32}},"15":{"start":{"line":55,"column":27},"end":{"line":62,"column":10}},"16":{"start":{"line":58,"column":10},"end":{"line":61,"column":11}},"17":{"start":{"line":64,"column":6},"end":{"line":73,"column":7}},"18":{"start":{"line":65,"column":8},"end":{"line":65,"column":36}},"19":{"start":{"line":67,"column":10},"end":{"line":68,"column":37}},"20":{"start":{"line":68,"column":12},"end":{"line":68,"column":37}},"21":{"start":{"line":69,"column":27},"end":{"line":69,"column":73}},"22":{"start":{"line":70,"column":25},"end":{"line":70,"column":54}},"23":{"start":{"line":71,"column":33},"end":{"line":71,"column":73}},"24":{"start":{"line":72,"column":8},"end":{"line":72,"column":40}},"25":{"start":{"line":93,"column":26},"end":{"line":100,"column":1}},"26":{"start":{"line":93,"column":32},"end":{"line":100,"column":1}},"27":{"start":{"line":93,"column":47},"end":{"line":100,"column":1}},"28":{"start":{"line":95,"column":2},"end":{"line":99,"column":4}},"29":{"start":{"line":96,"column":4},"end":{"line":98,"column":24}},"30":{"start":{"line":96,"column":12},"end":{"line":96,"column":30}},"31":{"start":{"line":98,"column":6},"end":{"line":98,"column":24}},"32":{"start":{"line":109,"column":26},"end":{"line":116,"column":1}},"33":{"start":{"line":109,"column":32},"end":{"line":116,"column":1}},"34":{"start":{"line":109,"column":38},"end":{"line":116,"column":1}},"35":{"start":{"line":111,"column":2},"end":{"line":115,"column":4}},"36":{"start":{"line":112,"column":4},"end":{"line":114,"column":24}},"37":{"start":{"line":112,"column":12},"end":{"line":112,"column":30}},"38":{"start":{"line":114,"column":6},"end":{"line":114,"column":24}},"39":{"start":{"line":133,"column":29},"end":{"line":141,"column":1}},"40":{"start":{"line":133,"column":35},"end":{"line":141,"column":1}},"41":{"start":{"line":133,"column":45},"end":{"line":141,"column":1}},"42":{"start":{"line":135,"column":2},"end":{"line":140,"column":4}},"43":{"start":{"line":136,"column":4},"end":{"line":139,"column":5}},"44":{"start":{"line":136,"column":13},"end":{"line":136,"column":32}},"45":{"start":{"line":138,"column":6},"end":{"line":138,"column":27}},"46":{"start":{"line":152,"column":28},"end":{"line":164,"column":1}},"47":{"start":{"line":152,"column":42},"end":{"line":164,"column":1}},"48":{"start":{"line":153,"column":2},"end":{"line":163,"column":3}},"49":{"start":{"line":154,"column":4},"end":{"line":162,"column":9}},"50":{"start":{"line":155,"column":6},"end":{"line":160,"column":7}},"51":{"start":{"line":156,"column":22},"end":{"line":156,"column":29}},"52":{"start":{"line":157,"column":22},"end":{"line":157,"column":29}},"53":{"start":{"line":158,"column":24},"end":{"line":158,"column":82}},"54":{"start":{"line":159,"column":8},"end":{"line":159,"column":80}},"55":{"start":{"line":161,"column":6},"end":{"line":161,"column":16}},"56":{"start":{"line":166,"column":0},"end":{"line":174,"column":1}},"57":{"start":{"line":167,"column":2},"end":{"line":173,"column":3}}},"fnMap":{"0":{"name":"(anonymous_0)","decl":{"start":{"line":18,"column":32},"end":{"line":18,"column":33}},"loc":{"start":{"line":18,"column":38},"end":{"line":27,"column":1}},"line":18},"1":{"name":"(anonymous_1)","decl":{"start":{"line":18,"column":38},"end":{"line":18,"column":39}},"loc":{"start":{"line":18,"column":50},"end":{"line":27,"column":1}},"line":18},"2":{"name":"(anonymous_2)","decl":{"start":{"line":20,"column":49},"end":{"line":20,"column":50}},"loc":{"start":{"line":20,"column":71},"end":{"line":26,"column":3}},"line":20},"3":{"name":"(anonymous_3)","decl":{"start":{"line":50,"column":24},"end":{"line":50,"column":25}},"loc":{"start":{"line":50,"column":30},"end":{"line":76,"column":1}},"line":50},"4":{"name":"(anonymous_4)","decl":{"start":{"line":50,"column":30},"end":{"line":50,"column":31}},"loc":{"start":{"line":50,"column":44},"end":{"line":76,"column":1}},"line":50},"5":{"name":"(anonymous_5)","decl":{"start":{"line":50,"column":44},"end":{"line":50,"column":45}},"loc":{"start":{"line":50,"column":56},"end":{"line":76,"column":1}},"line":50},"6":{"name":"(anonymous_6)","decl":{"start":{"line":52,"column":49},"end":{"line":52,"column":50}},"loc":{"start":{"line":52,"column":71},"end":{"line":75,"column":3}},"line":52},"7":{"name":"(anonymous_7)","decl":{"start":{"line":57,"column":13},"end":{"line":57,"column":14}},"loc":{"start":{"line":57,"column":28},"end":{"line":62,"column":9}},"line":57},"8":{"name":"(anonymous_8)","decl":{"start":{"line":93,"column":26},"end":{"line":93,"column":27}},"loc":{"start":{"line":93,"column":32},"end":{"line":100,"column":1}},"line":93},"9":{"name":"(anonymous_9)","decl":{"start":{"line":93,"column":32},"end":{"line":93,"column":33}},"loc":{"start":{"line":93,"column":47},"end":{"line":100,"column":1}},"line":93},"10":{"name":"(anonymous_10)","decl":{"start":{"line":93,"column":47},"end":{"line":93,"column":48}},"loc":{"start":{"line":93,"column":59},"end":{"line":100,"column":1}},"line":93},"11":{"name":"(anonymous_11)","decl":{"start":{"line":95,"column":54},"end":{"line":95,"column":55}},"loc":{"start":{"line":95,"column":72},"end":{"line":99,"column":3}},"line":95},"12":{"name":"(anonymous_12)","decl":{"start":{"line":109,"column":26},"end":{"line":109,"column":27}},"loc":{"start":{"line":109,"column":32},"end":{"line":116,"column":1}},"line":109},"13":{"name":"(anonymous_13)","decl":{"start":{"line":109,"column":32},"end":{"line":109,"column":33}},"loc":{"start":{"line":109,"column":38},"end":{"line":116,"column":1}},"line":109},"14":{"name":"(anonymous_14)","decl":{"start":{"line":109,"column":38},"end":{"line":109,"column":39}},"loc":{"start":{"line":109,"column":50},"end":{"line":116,"column":1}},"line":109},"15":{"name":"(anonymous_15)","decl":{"start":{"line":111,"column":53},"end":{"line":111,"column":54}},"loc":{"start":{"line":111,"column":71},"end":{"line":115,"column":3}},"line":111},"16":{"name":"(anonymous_16)","decl":{"start":{"line":133,"column":29},"end":{"line":133,"column":30}},"loc":{"start":{"line":133,"column":35},"end":{"line":141,"column":1}},"line":133},"17":{"name":"(anonymous_17)","decl":{"start":{"line":133,"column":35},"end":{"line":133,"column":36}},"loc":{"start":{"line":133,"column":45},"end":{"line":141,"column":1}},"line":133},"18":{"name":"(anonymous_18)","decl":{"start":{"line":133,"column":45},"end":{"line":133,"column":46}},"loc":{"start":{"line":133,"column":57},"end":{"line":141,"column":1}},"line":133},"19":{"name":"(anonymous_19)","decl":{"start":{"line":135,"column":70},"end":{"line":135,"column":71}},"loc":{"start":{"line":135,"column":92},"end":{"line":140,"column":3}},"line":135},"20":{"name":"(anonymous_20)","decl":{"start":{"line":152,"column":28},"end":{"line":152,"column":29}},"loc":{"start":{"line":152,"column":42},"end":{"line":164,"column":1}},"line":152},"21":{"name":"(anonymous_21)","decl":{"start":{"line":152,"column":42},"end":{"line":152,"column":43}},"loc":{"start":{"line":152,"column":54},"end":{"line":164,"column":1}},"line":152},"22":{"name":"(anonymous_22)","decl":{"start":{"line":154,"column":37},"end":{"line":154,"column":38}},"loc":{"start":{"line":154,"column":52},"end":{"line":162,"column":5}},"line":154},"23":{"name":"(anonymous_23)","decl":{"start":{"line":166,"column":17},"end":{"line":166,"column":18}},"loc":{"start":{"line":166,"column":23},"end":{"line":174,"column":1}},"line":166}},"branchMap":{"0":{"loc":{"start":{"line":21,"column":4},"end":{"line":25,"column":5}},"type":"if","locations":[{"start":{"line":21,"column":4},"end":{"line":25,"column":5}},{"start":{"line":21,"column":4},"end":{"line":25,"column":5}}],"line":21},"1":{"loc":{"start":{"line":23,"column":28},"end":{"line":23,"column":59}},"type":"cond-expr","locations":[{"start":{"line":23,"column":48},"end":{"line":23,"column":50}},{"start":{"line":23,"column":53},"end":{"line":23,"column":59}}],"line":23},"2":{"loc":{"start":{"line":53,"column":4},"end":{"line":74,"column":5}},"type":"if","locations":[{"start":{"line":53,"column":4},"end":{"line":74,"column":5}},{"start":{"line":53,"column":4},"end":{"line":74,"column":5}}],"line":53},"3":{"loc":{"start":{"line":55,"column":28},"end":{"line":55,"column":59}},"type":"cond-expr","locations":[{"start":{"line":55,"column":48},"end":{"line":55,"column":50}},{"start":{"line":55,"column":53},"end":{"line":55,"column":59}}],"line":55},"4":{"loc":{"start":{"line":60,"column":19},"end":{"line":60,"column":119}},"type":"cond-expr","locations":[{"start":{"line":60,"column":55},"end":{"line":60,"column":64}},{"start":{"line":60,"column":67},"end":{"line":60,"column":119}}],"line":60},"5":{"loc":{"start":{"line":64,"column":6},"end":{"line":73,"column":7}},"type":"if","locations":[{"start":{"line":64,"column":6},"end":{"line":73,"column":7}},{"start":{"line":64,"column":6},"end":{"line":73,"column":7}}],"line":64},"6":{"loc":{"start":{"line":67,"column":10},"end":{"line":68,"column":37}},"type":"if","locations":[{"start":{"line":67,"column":10},"end":{"line":68,"column":37}},{"start":{"line":67,"column":10},"end":{"line":68,"column":37}}],"line":67},"7":{"loc":{"start":{"line":96,"column":4},"end":{"line":98,"column":24}},"type":"if","locations":[{"start":{"line":96,"column":4},"end":{"line":98,"column":24}},{"start":{"line":96,"column":4},"end":{"line":98,"column":24}}],"line":96},"8":{"loc":{"start":{"line":112,"column":4},"end":{"line":114,"column":24}},"type":"if","locations":[{"start":{"line":112,"column":4},"end":{"line":114,"column":24}},{"start":{"line":112,"column":4},"end":{"line":114,"column":24}}],"line":112},"9":{"loc":{"start":{"line":136,"column":4},"end":{"line":139,"column":5}},"type":"if","locations":[{"start":{"line":136,"column":4},"end":{"line":139,"column":5}},{"start":{"line":136,"column":4},"end":{"line":139,"column":5}}],"line":136},"10":{"loc":{"start":{"line":153,"column":2},"end":{"line":163,"column":3}},"type":"if","locations":[{"start":{"line":153,"column":2},"end":{"line":163,"column":3}},{"start":{"line":153,"column":2},"end":{"line":163,"column":3}}],"line":153},"11":{"loc":{"start":{"line":155,"column":6},"end":{"line":160,"column":7}},"type":"if","locations":[{"start":{"line":155,"column":6},"end":{"line":160,"column":7}},{"start":{"line":155,"column":6},"end":{"line":160,"column":7}}],"line":155},"12":{"loc":{"start":{"line":158,"column":24},"end":{"line":158,"column":82}},"type":"cond-expr","locations":[{"start":{"line":158,"column":48},"end":{"line":158,"column":50}},{"start":{"line":158,"column":53},"end":{"line":158,"column":82}}],"line":158},"13":{"loc":{"start":{"line":158,"column":53},"end":{"line":158,"column":82}},"type":"cond-expr","locations":[{"start":{"line":158,"column":77},"end":{"line":158,"column":78}},{"start":{"line":158,"column":81},"end":{"line":158,"column":82}}],"line":158},"14":{"loc":{"start":{"line":159,"column":15},"end":{"line":159,"column":80}},"type":"cond-expr","locations":[{"start":{"line":159,"column":33},"end":{"line":159,"column":40}},{"start":{"line":159,"column":43},"end":{"line":159,"column":80}}],"line":159},"15":{"loc":{"start":{"line":159,"column":43},"end":{"line":159,"column":80}},"type":"cond-expr","locations":[{"start":{"line":159,"column":62},"end":{"line":159,"column":70}},{"start":{"line":159,"column":73},"end":{"line":159,"column":80}}],"line":159}},"s":{"0":1,"1":1,"2":1,"3":8,"4":4,"5":3,"6":0,"7":3,"8":3,"9":1,"10":8,"11":6,"12":6,"13":6,"14":0,"15":6,"16":239,"17":6,"18":0,"19":6,"20":4,"21":6,"22":6,"23":6,"24":6,"25":1,"26":8,"27":0,"28":0,"29":0,"30":0,"31":0,"32":1,"33":8,"34":2,"35":2,"36":2,"37":0,"38":2,"39":1,"40":8,"41":1,"42":1,"43":0,"44":0,"45":0,"46":1,"47":6,"48":233,"49":156,"50":312,"51":312,"52":312,"53":312,"54":312,"55":0,"56":1,"57":8},"f":{"0":8,"1":4,"2":3,"3":8,"4":6,"5":6,"6":6,"7":239,"8":8,"9":0,"10":0,"11":0,"12":8,"13":2,"14":2,"15":2,"16":8,"17":1,"18":1,"19":0,"20":6,"21":233,"22":312,"23":8},"b":{"0":[0,3],"1":[0,3],"2":[0,6],"3":[0,6],"4":[138,101],"5":[0,6],"6":[4,2],"7":[0,0],"8":[0,2],"9":[0,0],"10":[156,77],"11":[312,0],"12":[0,312],"13":[0,312],"14":[0,312],"15":[0,312]},"_coverageSchema":"43e27e138ebf9cfc5966b082cf9a028302ed4184","hash":"179ec409d1c1504132708a2dc1de308ee9d1ec25","contentHash":"43a4b514c2913f76980bf17e46977c5fca7dc9273bb3ffc9687bd45ef48a9a36"},"C:\\poly\\LOG4420\\TP3\\LOG4420_TP3\\TP3_4420A\\services\\yaml\\publication.js":{"path":"C:\\poly\\LOG4420\\TP3\\LOG4420_TP3\\TP3_4420A\\services\\yaml\\publication.js","statementMap":{"0":{"start":{"line":1,"column":13},"end":{"line":1,"column":31}},"1":{"start":{"line":2,"column":15},"end":{"line":2,"column":32}},"2":{"start":{"line":18,"column":32},"end":{"line":28,"column":1}},"3":{"start":{"line":18,"column":38},"end":{"line":28,"column":1}},"4":{"start":{"line":19,"column":2},"end":{"line":27,"column":4}},"5":{"start":{"line":20,"column":4},"end":{"line":26,"column":5}},"6":{"start":{"line":21,"column":6},"end":{"line":21,"column":25}},"7":{"start":{"line":23,"column":29},"end":{"line":23,"column":51}},"8":{"start":{"line":24,"column":28},"end":{"line":24,"column":75}},"9":{"start":{"line":25,"column":6},"end":{"line":25,"column":41}},"10":{"start":{"line":44,"column":24},"end":{"line":79,"column":1}},"11":{"start":{"line":44,"column":30},"end":{"line":79,"column":1}},"12":{"start":{"line":44,"column":44},"end":{"line":79,"column":1}},"13":{"start":{"line":45,"column":2},"end":{"line":78,"column":4}},"14":{"start":{"line":47,"column":4},"end":{"line":77,"column":5}},"15":{"start":{"line":48,"column":6},"end":{"line":48,"column":25}},"16":{"start":{"line":50,"column":29},"end":{"line":50,"column":51}},"17":{"start":{"line":52,"column":6},"end":{"line":58,"column":11}},"18":{"start":{"line":53,"column":8},"end":{"line":58,"column":11}},"19":{"start":{"line":60,"column":27},"end":{"line":67,"column":10}},"20":{"start":{"line":63,"column":10},"end":{"line":66,"column":11}},"21":{"start":{"line":69,"column":6},"end":{"line":76,"column":7}},"22":{"start":{"line":70,"column":8},"end":{"line":70,"column":36}},"23":{"start":{"line":72,"column":27},"end":{"line":72,"column":73}},"24":{"start":{"line":73,"column":25},"end":{"line":73,"column":54}},"25":{"start":{"line":74,"column":33},"end":{"line":74,"column":73}},"26":{"start":{"line":75,"column":8},"end":{"line":75,"column":40}},"27":{"start":{"line":81,"column":26},"end":{"line":83,"column":1}},"28":{"start":{"line":81,"column":32},"end":{"line":83,"column":1}},"29":{"start":{"line":81,"column":47},"end":{"line":83,"column":1}},"30":{"start":{"line":82,"column":2},"end":{"line":82,"column":12}},"31":{"start":{"line":85,"column":26},"end":{"line":87,"column":1}},"32":{"start":{"line":85,"column":32},"end":{"line":87,"column":1}},"33":{"start":{"line":85,"column":38},"end":{"line":87,"column":1}},"34":{"start":{"line":86,"column":2},"end":{"line":86,"column":12}},"35":{"start":{"line":98,"column":28},"end":{"line":108,"column":1}},"36":{"start":{"line":98,"column":42},"end":{"line":108,"column":1}},"37":{"start":{"line":99,"column":2},"end":{"line":107,"column":7}},"38":{"start":{"line":100,"column":4},"end":{"line":105,"column":5}},"39":{"start":{"line":101,"column":20},"end":{"line":101,"column":27}},"40":{"start":{"line":102,"column":20},"end":{"line":102,"column":27}},"41":{"start":{"line":103,"column":22},"end":{"line":103,"column":80}},"42":{"start":{"line":104,"column":6},"end":{"line":104,"column":78}},"43":{"start":{"line":106,"column":4},"end":{"line":106,"column":14}},"44":{"start":{"line":117,"column":29},"end":{"line":127,"column":1}},"45":{"start":{"line":117,"column":35},"end":{"line":127,"column":1}},"46":{"start":{"line":117,"column":45},"end":{"line":127,"column":1}},"47":{"start":{"line":119,"column":2},"end":{"line":126,"column":4}},"48":{"start":{"line":121,"column":4},"end":{"line":125,"column":5}},"49":{"start":{"line":122,"column":6},"end":{"line":122,"column":25}},"50":{"start":{"line":124,"column":6},"end":{"line":124,"column":135}},"51":{"start":{"line":124,"column":56},"end":{"line":124,"column":88}},"52":{"start":{"line":124,"column":107},"end":{"line":124,"column":133}},"53":{"start":{"line":129,"column":0},"end":{"line":137,"column":1}},"54":{"start":{"line":130,"column":2},"end":{"line":136,"column":3}}},"fnMap":{"0":{"name":"(anonymous_0)","decl":{"start":{"line":18,"column":32},"end":{"line":18,"column":33}},"loc":{"start":{"line":18,"column":38},"end":{"line":28,"column":1}},"line":18},"1":{"name":"(anonymous_1)","decl":{"start":{"line":18,"column":38},"end":{"line":18,"column":39}},"loc":{"start":{"line":18,"column":50},"end":{"line":28,"column":1}},"line":18},"2":{"name":"(anonymous_2)","decl":{"start":{"line":19,"column":49},"end":{"line":19,"column":50}},"loc":{"start":{"line":19,"column":67},"end":{"line":27,"column":3}},"line":19},"3":{"name":"(anonymous_3)","decl":{"start":{"line":44,"column":24},"end":{"line":44,"column":25}},"loc":{"start":{"line":44,"column":30},"end":{"line":79,"column":1}},"line":44},"4":{"name":"(anonymous_4)","decl":{"start":{"line":44,"column":30},"end":{"line":44,"column":31}},"loc":{"start":{"line":44,"column":44},"end":{"line":79,"column":1}},"line":44},"5":{"name":"(anonymous_5)","decl":{"start":{"line":44,"column":44},"end":{"line":44,"column":45}},"loc":{"start":{"line":44,"column":56},"end":{"line":79,"column":1}},"line":44},"6":{"name":"(anonymous_6)","decl":{"start":{"line":45,"column":49},"end":{"line":45,"column":50}},"loc":{"start":{"line":45,"column":67},"end":{"line":78,"column":3}},"line":45},"7":{"name":"(anonymous_7)","decl":{"start":{"line":62,"column":13},"end":{"line":62,"column":14}},"loc":{"start":{"line":62,"column":28},"end":{"line":67,"column":9}},"line":62},"8":{"name":"(anonymous_8)","decl":{"start":{"line":81,"column":26},"end":{"line":81,"column":27}},"loc":{"start":{"line":81,"column":32},"end":{"line":83,"column":1}},"line":81},"9":{"name":"(anonymous_9)","decl":{"start":{"line":81,"column":32},"end":{"line":81,"column":33}},"loc":{"start":{"line":81,"column":47},"end":{"line":83,"column":1}},"line":81},"10":{"name":"(anonymous_10)","decl":{"start":{"line":81,"column":47},"end":{"line":81,"column":48}},"loc":{"start":{"line":81,"column":59},"end":{"line":83,"column":1}},"line":81},"11":{"name":"(anonymous_11)","decl":{"start":{"line":85,"column":26},"end":{"line":85,"column":27}},"loc":{"start":{"line":85,"column":32},"end":{"line":87,"column":1}},"line":85},"12":{"name":"(anonymous_12)","decl":{"start":{"line":85,"column":32},"end":{"line":85,"column":33}},"loc":{"start":{"line":85,"column":38},"end":{"line":87,"column":1}},"line":85},"13":{"name":"(anonymous_13)","decl":{"start":{"line":85,"column":38},"end":{"line":85,"column":39}},"loc":{"start":{"line":85,"column":50},"end":{"line":87,"column":1}},"line":85},"14":{"name":"(anonymous_14)","decl":{"start":{"line":98,"column":28},"end":{"line":98,"column":29}},"loc":{"start":{"line":98,"column":42},"end":{"line":108,"column":1}},"line":98},"15":{"name":"(anonymous_15)","decl":{"start":{"line":98,"column":42},"end":{"line":98,"column":43}},"loc":{"start":{"line":98,"column":54},"end":{"line":108,"column":1}},"line":98},"16":{"name":"(anonymous_16)","decl":{"start":{"line":99,"column":35},"end":{"line":99,"column":36}},"loc":{"start":{"line":99,"column":50},"end":{"line":107,"column":3}},"line":99},"17":{"name":"(anonymous_17)","decl":{"start":{"line":117,"column":29},"end":{"line":117,"column":30}},"loc":{"start":{"line":117,"column":35},"end":{"line":127,"column":1}},"line":117},"18":{"name":"(anonymous_18)","decl":{"start":{"line":117,"column":35},"end":{"line":117,"column":36}},"loc":{"start":{"line":117,"column":45},"end":{"line":127,"column":1}},"line":117},"19":{"name":"(anonymous_19)","decl":{"start":{"line":117,"column":45},"end":{"line":117,"column":46}},"loc":{"start":{"line":117,"column":57},"end":{"line":127,"column":1}},"line":117},"20":{"name":"(anonymous_20)","decl":{"start":{"line":119,"column":26},"end":{"line":119,"column":27}},"loc":{"start":{"line":119,"column":49},"end":{"line":126,"column":3}},"line":119},"21":{"name":"(anonymous_21)","decl":{"start":{"line":124,"column":41},"end":{"line":124,"column":42}},"loc":{"start":{"line":124,"column":56},"end":{"line":124,"column":88}},"line":124},"22":{"name":"(anonymous_22)","decl":{"start":{"line":124,"column":95},"end":{"line":124,"column":96}},"loc":{"start":{"line":124,"column":107},"end":{"line":124,"column":133}},"line":124},"23":{"name":"(anonymous_23)","decl":{"start":{"line":129,"column":17},"end":{"line":129,"column":18}},"loc":{"start":{"line":129,"column":23},"end":{"line":137,"column":1}},"line":129}},"branchMap":{"0":{"loc":{"start":{"line":20,"column":4},"end":{"line":26,"column":5}},"type":"if","locations":[{"start":{"line":20,"column":4},"end":{"line":26,"column":5}},{"start":{"line":20,"column":4},"end":{"line":26,"column":5}}],"line":20},"1":{"loc":{"start":{"line":24,"column":28},"end":{"line":24,"column":75}},"type":"cond-expr","locations":[{"start":{"line":24,"column":56},"end":{"line":24,"column":58}},{"start":{"line":24,"column":61},"end":{"line":24,"column":75}}],"line":24},"2":{"loc":{"start":{"line":47,"column":4},"end":{"line":77,"column":5}},"type":"if","locations":[{"start":{"line":47,"column":4},"end":{"line":77,"column":5}},{"start":{"line":47,"column":4},"end":{"line":77,"column":5}}],"line":47},"3":{"loc":{"start":{"line":52,"column":6},"end":{"line":58,"column":11}},"type":"if","locations":[{"start":{"line":52,"column":6},"end":{"line":58,"column":11}},{"start":{"line":52,"column":6},"end":{"line":58,"column":11}}],"line":52},"4":{"loc":{"start":{"line":52,"column":10},"end":{"line":52,"column":107}},"type":"binary-expr","locations":[{"start":{"line":52,"column":10},"end":{"line":52,"column":34}},{"start":{"line":52,"column":38},"end":{"line":52,"column":73}},{"start":{"line":52,"column":77},"end":{"line":52,"column":107}}],"line":52},"5":{"loc":{"start":{"line":60,"column":28},"end":{"line":60,"column":75}},"type":"cond-expr","locations":[{"start":{"line":60,"column":56},"end":{"line":60,"column":58}},{"start":{"line":60,"column":61},"end":{"line":60,"column":75}}],"line":60},"6":{"loc":{"start":{"line":65,"column":19},"end":{"line":65,"column":119}},"type":"cond-expr","locations":[{"start":{"line":65,"column":55},"end":{"line":65,"column":64}},{"start":{"line":65,"column":67},"end":{"line":65,"column":119}}],"line":65},"7":{"loc":{"start":{"line":69,"column":6},"end":{"line":76,"column":7}},"type":"if","locations":[{"start":{"line":69,"column":6},"end":{"line":76,"column":7}},{"start":{"line":69,"column":6},"end":{"line":76,"column":7}}],"line":69},"8":{"loc":{"start":{"line":69,"column":10},"end":{"line":69,"column":107}},"type":"binary-expr","locations":[{"start":{"line":69,"column":10},"end":{"line":69,"column":34}},{"start":{"line":69,"column":38},"end":{"line":69,"column":73}},{"start":{"line":69,"column":77},"end":{"line":69,"column":107}}],"line":69},"9":{"loc":{"start":{"line":100,"column":4},"end":{"line":105,"column":5}},"type":"if","locations":[{"start":{"line":100,"column":4},"end":{"line":105,"column":5}},{"start":{"line":100,"column":4},"end":{"line":105,"column":5}}],"line":100},"10":{"loc":{"start":{"line":103,"column":22},"end":{"line":103,"column":80}},"type":"cond-expr","locations":[{"start":{"line":103,"column":46},"end":{"line":103,"column":48}},{"start":{"line":103,"column":51},"end":{"line":103,"column":80}}],"line":103},"11":{"loc":{"start":{"line":103,"column":51},"end":{"line":103,"column":80}},"type":"cond-expr","locations":[{"start":{"line":103,"column":75},"end":{"line":103,"column":76}},{"start":{"line":103,"column":79},"end":{"line":103,"column":80}}],"line":103},"12":{"loc":{"start":{"line":104,"column":13},"end":{"line":104,"column":78}},"type":"cond-expr","locations":[{"start":{"line":104,"column":31},"end":{"line":104,"column":38}},{"start":{"line":104,"column":41},"end":{"line":104,"column":78}}],"line":104},"13":{"loc":{"start":{"line":104,"column":41},"end":{"line":104,"column":78}},"type":"cond-expr","locations":[{"start":{"line":104,"column":60},"end":{"line":104,"column":68}},{"start":{"line":104,"column":71},"end":{"line":104,"column":78}}],"line":104},"14":{"loc":{"start":{"line":121,"column":4},"end":{"line":125,"column":5}},"type":"if","locations":[{"start":{"line":121,"column":4},"end":{"line":125,"column":5}},{"start":{"line":121,"column":4},"end":{"line":125,"column":5}}],"line":121},"15":{"loc":{"start":{"line":124,"column":107},"end":{"line":124,"column":133}},"type":"cond-expr","locations":[{"start":{"line":124,"column":127},"end":{"line":124,"column":128}},{"start":{"line":124,"column":131},"end":{"line":124,"column":133}}],"line":124}},"s":{"0":1,"1":1,"2":1,"3":9,"4":2,"5":2,"6":0,"7":2,"8":2,"9":2,"10":1,"11":12,"12":7,"13":7,"14":7,"15":2,"16":5,"17":5,"18":5,"19":5,"20":4,"21":5,"22":5,"23":0,"24":0,"25":0,"26":0,"27":1,"28":9,"29":0,"30":0,"31":1,"32":9,"33":0,"34":0,"35":1,"36":5,"37":0,"38":0,"39":0,"40":0,"41":0,"42":0,"43":0,"44":1,"45":9,"46":3,"47":3,"48":3,"49":1,"50":2,"51":2,"52":0,"53":1,"54":9},"f":{"0":9,"1":2,"2":2,"3":12,"4":7,"5":7,"6":7,"7":4,"8":9,"9":0,"10":0,"11":9,"12":0,"13":0,"14":5,"15":0,"16":0,"17":9,"18":3,"19":3,"20":3,"21":2,"22":0,"23":9},"b":{"0":[0,2],"1":[1,1],"2":[2,5],"3":[5,0],"4":[5,5,0],"5":[1,4],"6":[4,0],"7":[5,0],"8":[5,5,0],"9":[0,0],"10":[0,0],"11":[0,0],"12":[0,0],"13":[0,0],"14":[1,2],"15":[0,0]},"_coverageSchema":"43e27e138ebf9cfc5966b082cf9a028302ed4184","hash":"cadb5d6d9f9a1cd1fbb2fee99d9c0fdbad5ccbc9","contentHash":"ffcf06396bec9c2e72e04d5dcbaad6370e65c18e4abb73f34aff4f4761998b43"},"C:\\poly\\LOG4420\\TP3\\LOG4420_TP3\\TP3_4420A\\services\\mongo\\seminar.js":{"path":"C:\\poly\\LOG4420\\TP3\\LOG4420_TP3\\TP3_4420A\\services\\mongo\\seminar.js","statementMap":{"0":{"start":{"line":1,"column":15},"end":{"line":1,"column":32}},"1":{"start":{"line":2,"column":27},"end":{"line":2,"column":46}},"2":{"start":{"line":21,"column":20},"end":{"line":47,"column":1}},"3":{"start":{"line":21,"column":26},"end":{"line":47,"column":1}},"4":{"start":{"line":21,"column":35},"end":{"line":47,"column":1}},"5":{"start":{"line":21,"column":47},"end":{"line":47,"column":1}},"6":{"start":{"line":23,"column":2},"end":{"line":46,"column":5}},"7":{"start":{"line":24,"column":4},"end":{"line":45,"column":5}},"8":{"start":{"line":24,"column":13},"end":{"line":24,"column":32}},"9":{"start":{"line":26,"column":23},"end":{"line":40,"column":10}},"10":{"start":{"line":28,"column":34},"end":{"line":28,"column":67}},"11":{"start":{"line":29,"column":40},"end":{"line":29,"column":79}},"12":{"start":{"line":30,"column":26},"end":{"line":30,"column":72}},"13":{"start":{"line":31,"column":35},"end":{"line":31,"column":86}},"14":{"start":{"line":32,"column":10},"end":{"line":39,"column":11}},"15":{"start":{"line":42,"column":30},"end":{"line":42,"column":84}},"16":{"start":{"line":43,"column":34},"end":{"line":43,"column":86}},"17":{"start":{"line":43,"column":69},"end":{"line":43,"column":75}},"18":{"start":{"line":44,"column":6},"end":{"line":44,"column":41}},"19":{"start":{"line":58,"column":33},"end":{"line":64,"column":1}},"20":{"start":{"line":58,"column":42},"end":{"line":64,"column":1}},"21":{"start":{"line":59,"column":2},"end":{"line":63,"column":3}},"22":{"start":{"line":60,"column":4},"end":{"line":60,"column":52}},"23":{"start":{"line":60,"column":32},"end":{"line":60,"column":51}},"24":{"start":{"line":62,"column":4},"end":{"line":62,"column":19}},"25":{"start":{"line":75,"column":21},"end":{"line":85,"column":1}},"26":{"start":{"line":75,"column":30},"end":{"line":85,"column":1}},"27":{"start":{"line":76,"column":25},"end":{"line":79,"column":63}},"28":{"start":{"line":80,"column":2},"end":{"line":84,"column":3}},"29":{"start":{"line":81,"column":4},"end":{"line":81,"column":91}},"30":{"start":{"line":81,"column":37},"end":{"line":81,"column":90}},"31":{"start":{"line":83,"column":4},"end":{"line":83,"column":19}},"32":{"start":{"line":95,"column":16},"end":{"line":103,"column":1}},"33":{"start":{"line":95,"column":25},"end":{"line":103,"column":1}},"34":{"start":{"line":95,"column":31},"end":{"line":103,"column":1}},"35":{"start":{"line":96,"column":2},"end":{"line":102,"column":3}},"36":{"start":{"line":97,"column":4},"end":{"line":97,"column":43}},"37":{"start":{"line":98,"column":9},"end":{"line":102,"column":3}},"38":{"start":{"line":99,"column":4},"end":{"line":99,"column":43}},"39":{"start":{"line":101,"column":4},"end":{"line":101,"column":12}},"40":{"start":{"line":105,"column":0},"end":{"line":109,"column":1}},"41":{"start":{"line":106,"column":2},"end":{"line":108,"column":3}}},"fnMap":{"0":{"name":"(anonymous_0)","decl":{"start":{"line":21,"column":20},"end":{"line":21,"column":21}},"loc":{"start":{"line":21,"column":26},"end":{"line":47,"column":1}},"line":21},"1":{"name":"(anonymous_1)","decl":{"start":{"line":21,"column":26},"end":{"line":21,"column":27}},"loc":{"start":{"line":21,"column":35},"end":{"line":47,"column":1}},"line":21},"2":{"name":"(anonymous_2)","decl":{"start":{"line":21,"column":35},"end":{"line":21,"column":36}},"loc":{"start":{"line":21,"column":47},"end":{"line":47,"column":1}},"line":21},"3":{"name":"(anonymous_3)","decl":{"start":{"line":21,"column":47},"end":{"line":21,"column":48}},"loc":{"start":{"line":21,"column":59},"end":{"line":47,"column":1}},"line":21},"4":{"name":"(anonymous_4)","decl":{"start":{"line":23,"column":45},"end":{"line":23,"column":46}},"loc":{"start":{"line":23,"column":67},"end":{"line":46,"column":3}},"line":23},"5":{"name":"(anonymous_5)","decl":{"start":{"line":27,"column":13},"end":{"line":27,"column":14}},"loc":{"start":{"line":27,"column":18},"end":{"line":40,"column":9}},"line":27},"6":{"name":"(anonymous_6)","decl":{"start":{"line":43,"column":57},"end":{"line":43,"column":58}},"loc":{"start":{"line":43,"column":69},"end":{"line":43,"column":75}},"line":43},"7":{"name":"(anonymous_7)","decl":{"start":{"line":58,"column":33},"end":{"line":58,"column":34}},"loc":{"start":{"line":58,"column":42},"end":{"line":64,"column":1}},"line":58},"8":{"name":"(anonymous_8)","decl":{"start":{"line":58,"column":42},"end":{"line":58,"column":43}},"loc":{"start":{"line":58,"column":54},"end":{"line":64,"column":1}},"line":58},"9":{"name":"(anonymous_9)","decl":{"start":{"line":60,"column":27},"end":{"line":60,"column":28}},"loc":{"start":{"line":60,"column":32},"end":{"line":60,"column":51}},"line":60},"10":{"name":"(anonymous_10)","decl":{"start":{"line":75,"column":21},"end":{"line":75,"column":22}},"loc":{"start":{"line":75,"column":30},"end":{"line":85,"column":1}},"line":75},"11":{"name":"(anonymous_11)","decl":{"start":{"line":75,"column":30},"end":{"line":75,"column":31}},"loc":{"start":{"line":75,"column":42},"end":{"line":85,"column":1}},"line":75},"12":{"name":"(anonymous_12)","decl":{"start":{"line":81,"column":25},"end":{"line":81,"column":26}},"loc":{"start":{"line":81,"column":37},"end":{"line":81,"column":90}},"line":81},"13":{"name":"(anonymous_13)","decl":{"start":{"line":95,"column":16},"end":{"line":95,"column":17}},"loc":{"start":{"line":95,"column":25},"end":{"line":103,"column":1}},"line":95},"14":{"name":"(anonymous_14)","decl":{"start":{"line":95,"column":25},"end":{"line":95,"column":26}},"loc":{"start":{"line":95,"column":31},"end":{"line":103,"column":1}},"line":95},"15":{"name":"(anonymous_15)","decl":{"start":{"line":95,"column":31},"end":{"line":95,"column":32}},"loc":{"start":{"line":95,"column":37},"end":{"line":103,"column":1}},"line":95},"16":{"name":"(anonymous_16)","decl":{"start":{"line":105,"column":17},"end":{"line":105,"column":18}},"loc":{"start":{"line":105,"column":23},"end":{"line":109,"column":1}},"line":105}},"branchMap":{"0":{"loc":{"start":{"line":24,"column":4},"end":{"line":45,"column":5}},"type":"if","locations":[{"start":{"line":24,"column":4},"end":{"line":45,"column":5}},{"start":{"line":24,"column":4},"end":{"line":45,"column":5}}],"line":24},"1":{"loc":{"start":{"line":26,"column":24},"end":{"line":26,"column":55}},"type":"cond-expr","locations":[{"start":{"line":26,"column":44},"end":{"line":26,"column":46}},{"start":{"line":26,"column":49},"end":{"line":26,"column":55}}],"line":26},"2":{"loc":{"start":{"line":59,"column":2},"end":{"line":63,"column":3}},"type":"if","locations":[{"start":{"line":59,"column":2},"end":{"line":63,"column":3}},{"start":{"line":59,"column":2},"end":{"line":63,"column":3}}],"line":59},"3":{"loc":{"start":{"line":59,"column":6},"end":{"line":59,"column":53}},"type":"binary-expr","locations":[{"start":{"line":59,"column":6},"end":{"line":59,"column":25}},{"start":{"line":59,"column":29},"end":{"line":59,"column":53}}],"line":59},"4":{"loc":{"start":{"line":76,"column":25},"end":{"line":79,"column":63}},"type":"binary-expr","locations":[{"start":{"line":76,"column":25},"end":{"line":76,"column":44}},{"start":{"line":77,"column":4},"end":{"line":77,"column":28}},{"start":{"line":78,"column":4},"end":{"line":78,"column":34}},{"start":{"line":79,"column":5},"end":{"line":79,"column":31}},{"start":{"line":79,"column":35},"end":{"line":79,"column":62}}],"line":76},"5":{"loc":{"start":{"line":80,"column":2},"end":{"line":84,"column":3}},"type":"if","locations":[{"start":{"line":80,"column":2},"end":{"line":84,"column":3}},{"start":{"line":80,"column":2},"end":{"line":84,"column":3}}],"line":80},"6":{"loc":{"start":{"line":96,"column":2},"end":{"line":102,"column":3}},"type":"if","locations":[{"start":{"line":96,"column":2},"end":{"line":102,"column":3}},{"start":{"line":96,"column":2},"end":{"line":102,"column":3}}],"line":96},"7":{"loc":{"start":{"line":97,"column":11},"end":{"line":97,"column":43}},"type":"cond-expr","locations":[{"start":{"line":97,"column":23},"end":{"line":97,"column":25}},{"start":{"line":97,"column":28},"end":{"line":97,"column":43}}],"line":97},"8":{"loc":{"start":{"line":97,"column":28},"end":{"line":97,"column":43}},"type":"cond-expr","locations":[{"start":{"line":97,"column":38},"end":{"line":97,"column":39}},{"start":{"line":97,"column":42},"end":{"line":97,"column":43}}],"line":97},"9":{"loc":{"start":{"line":98,"column":9},"end":{"line":102,"column":3}},"type":"if","locations":[{"start":{"line":98,"column":9},"end":{"line":102,"column":3}},{"start":{"line":98,"column":9},"end":{"line":102,"column":3}}],"line":98},"10":{"loc":{"start":{"line":99,"column":11},"end":{"line":99,"column":43}},"type":"cond-expr","locations":[{"start":{"line":99,"column":23},"end":{"line":99,"column":24}},{"start":{"line":99,"column":27},"end":{"line":99,"column":43}}],"line":99},"11":{"loc":{"start":{"line":99,"column":27},"end":{"line":99,"column":43}},"type":"cond-expr","locations":[{"start":{"line":99,"column":37},"end":{"line":99,"column":39}},{"start":{"line":99,"column":42},"end":{"line":99,"column":43}}],"line":99}},"s":{"0":1,"1":1,"2":1,"3":4,"4":4,"5":4,"6":4,"7":4,"8":0,"9":4,"10":32,"11":32,"12":32,"13":32,"14":32,"15":4,"16":4,"17":8,"18":4,"19":1,"20":4,"21":4,"22":3,"23":24,"24":1,"25":1,"26":4,"27":4,"28":4,"29":2,"30":6,"31":2,"32":1,"33":6,"34":6,"35":6,"36":3,"37":3,"38":3,"39":0,"40":1,"41":4},"f":{"0":4,"1":4,"2":4,"3":4,"4":4,"5":32,"6":8,"7":4,"8":4,"9":24,"10":4,"11":4,"12":6,"13":6,"14":6,"15":6,"16":4},"b":{"0":[0,4],"1":[0,4],"2":[3,1],"3":[4,4],"4":[4,4,2,2,1],"5":[2,2],"6":[3,3],"7":[3,0],"8":[0,0],"9":[3,0],"10":[3,0],"11":[0,0]},"_coverageSchema":"43e27e138ebf9cfc5966b082cf9a028302ed4184","hash":"3389d4e397565092a5c4520a7365b19484e6d96b","contentHash":"c189e5835833678d9db076fa2c6680f39e463c22292c2bea83e85bab6472fcf3"},"C:\\poly\\LOG4420\\TP3\\LOG4420_TP3\\TP3_4420A\\services\\yaml\\seminar.js":{"path":"C:\\poly\\LOG4420\\TP3\\LOG4420_TP3\\TP3_4420A\\services\\yaml\\seminar.js","statementMap":{"0":{"start":{"line":1,"column":13},"end":{"line":1,"column":31}},"1":{"start":{"line":2,"column":15},"end":{"line":2,"column":32}},"2":{"start":{"line":3,"column":27},"end":{"line":3,"column":46}},"3":{"start":{"line":22,"column":20},"end":{"line":49,"column":1}},"4":{"start":{"line":22,"column":26},"end":{"line":49,"column":1}},"5":{"start":{"line":22,"column":35},"end":{"line":49,"column":1}},"6":{"start":{"line":22,"column":47},"end":{"line":49,"column":1}},"7":{"start":{"line":23,"column":2},"end":{"line":48,"column":4}},"8":{"start":{"line":24,"column":4},"end":{"line":47,"column":5}},"9":{"start":{"line":25,"column":6},"end":{"line":25,"column":25}},"10":{"start":{"line":27,"column":29},"end":{"line":27,"column":51}},"11":{"start":{"line":28,"column":23},"end":{"line":42,"column":10}},"12":{"start":{"line":30,"column":34},"end":{"line":30,"column":67}},"13":{"start":{"line":31,"column":40},"end":{"line":31,"column":79}},"14":{"start":{"line":32,"column":26},"end":{"line":32,"column":72}},"15":{"start":{"line":33,"column":35},"end":{"line":33,"column":86}},"16":{"start":{"line":34,"column":10},"end":{"line":41,"column":11}},"17":{"start":{"line":44,"column":30},"end":{"line":44,"column":84}},"18":{"start":{"line":45,"column":34},"end":{"line":45,"column":86}},"19":{"start":{"line":45,"column":69},"end":{"line":45,"column":75}},"20":{"start":{"line":46,"column":6},"end":{"line":46,"column":41}},"21":{"start":{"line":60,"column":33},"end":{"line":66,"column":1}},"22":{"start":{"line":60,"column":42},"end":{"line":66,"column":1}},"23":{"start":{"line":61,"column":2},"end":{"line":65,"column":3}},"24":{"start":{"line":62,"column":4},"end":{"line":62,"column":52}},"25":{"start":{"line":62,"column":32},"end":{"line":62,"column":51}},"26":{"start":{"line":64,"column":4},"end":{"line":64,"column":19}},"27":{"start":{"line":77,"column":21},"end":{"line":87,"column":1}},"28":{"start":{"line":77,"column":30},"end":{"line":87,"column":1}},"29":{"start":{"line":78,"column":25},"end":{"line":81,"column":63}},"30":{"start":{"line":82,"column":2},"end":{"line":86,"column":3}},"31":{"start":{"line":83,"column":4},"end":{"line":83,"column":81}},"32":{"start":{"line":83,"column":37},"end":{"line":83,"column":80}},"33":{"start":{"line":85,"column":4},"end":{"line":85,"column":19}},"34":{"start":{"line":97,"column":16},"end":{"line":105,"column":1}},"35":{"start":{"line":97,"column":25},"end":{"line":105,"column":1}},"36":{"start":{"line":97,"column":31},"end":{"line":105,"column":1}},"37":{"start":{"line":98,"column":2},"end":{"line":104,"column":3}},"38":{"start":{"line":99,"column":4},"end":{"line":99,"column":43}},"39":{"start":{"line":100,"column":9},"end":{"line":104,"column":3}},"40":{"start":{"line":101,"column":4},"end":{"line":101,"column":43}},"41":{"start":{"line":103,"column":4},"end":{"line":103,"column":12}},"42":{"start":{"line":107,"column":0},"end":{"line":111,"column":1}},"43":{"start":{"line":108,"column":2},"end":{"line":110,"column":3}}},"fnMap":{"0":{"name":"(anonymous_0)","decl":{"start":{"line":22,"column":20},"end":{"line":22,"column":21}},"loc":{"start":{"line":22,"column":26},"end":{"line":49,"column":1}},"line":22},"1":{"name":"(anonymous_1)","decl":{"start":{"line":22,"column":26},"end":{"line":22,"column":27}},"loc":{"start":{"line":22,"column":35},"end":{"line":49,"column":1}},"line":22},"2":{"name":"(anonymous_2)","decl":{"start":{"line":22,"column":35},"end":{"line":22,"column":36}},"loc":{"start":{"line":22,"column":47},"end":{"line":49,"column":1}},"line":22},"3":{"name":"(anonymous_3)","decl":{"start":{"line":22,"column":47},"end":{"line":22,"column":48}},"loc":{"start":{"line":22,"column":59},"end":{"line":49,"column":1}},"line":22},"4":{"name":"(anonymous_4)","decl":{"start":{"line":23,"column":45},"end":{"line":23,"column":46}},"loc":{"start":{"line":23,"column":63},"end":{"line":48,"column":3}},"line":23},"5":{"name":"(anonymous_5)","decl":{"start":{"line":29,"column":13},"end":{"line":29,"column":14}},"loc":{"start":{"line":29,"column":18},"end":{"line":42,"column":9}},"line":29},"6":{"name":"(anonymous_6)","decl":{"start":{"line":45,"column":57},"end":{"line":45,"column":58}},"loc":{"start":{"line":45,"column":69},"end":{"line":45,"column":75}},"line":45},"7":{"name":"(anonymous_7)","decl":{"start":{"line":60,"column":33},"end":{"line":60,"column":34}},"loc":{"start":{"line":60,"column":42},"end":{"line":66,"column":1}},"line":60},"8":{"name":"(anonymous_8)","decl":{"start":{"line":60,"column":42},"end":{"line":60,"column":43}},"loc":{"start":{"line":60,"column":54},"end":{"line":66,"column":1}},"line":60},"9":{"name":"(anonymous_9)","decl":{"start":{"line":62,"column":27},"end":{"line":62,"column":28}},"loc":{"start":{"line":62,"column":32},"end":{"line":62,"column":51}},"line":62},"10":{"name":"(anonymous_10)","decl":{"start":{"line":77,"column":21},"end":{"line":77,"column":22}},"loc":{"start":{"line":77,"column":30},"end":{"line":87,"column":1}},"line":77},"11":{"name":"(anonymous_11)","decl":{"start":{"line":77,"column":30},"end":{"line":77,"column":31}},"loc":{"start":{"line":77,"column":42},"end":{"line":87,"column":1}},"line":77},"12":{"name":"(anonymous_12)","decl":{"start":{"line":83,"column":25},"end":{"line":83,"column":26}},"loc":{"start":{"line":83,"column":37},"end":{"line":83,"column":80}},"line":83},"13":{"name":"(anonymous_13)","decl":{"start":{"line":97,"column":16},"end":{"line":97,"column":17}},"loc":{"start":{"line":97,"column":25},"end":{"line":105,"column":1}},"line":97},"14":{"name":"(anonymous_14)","decl":{"start":{"line":97,"column":25},"end":{"line":97,"column":26}},"loc":{"start":{"line":97,"column":31},"end":{"line":105,"column":1}},"line":97},"15":{"name":"(anonymous_15)","decl":{"start":{"line":97,"column":31},"end":{"line":97,"column":32}},"loc":{"start":{"line":97,"column":37},"end":{"line":105,"column":1}},"line":97},"16":{"name":"(anonymous_16)","decl":{"start":{"line":107,"column":17},"end":{"line":107,"column":18}},"loc":{"start":{"line":107,"column":23},"end":{"line":111,"column":1}},"line":107}},"branchMap":{"0":{"loc":{"start":{"line":24,"column":4},"end":{"line":47,"column":5}},"type":"if","locations":[{"start":{"line":24,"column":4},"end":{"line":47,"column":5}},{"start":{"line":24,"column":4},"end":{"line":47,"column":5}}],"line":24},"1":{"loc":{"start":{"line":28,"column":24},"end":{"line":28,"column":71}},"type":"cond-expr","locations":[{"start":{"line":28,"column":52},"end":{"line":28,"column":54}},{"start":{"line":28,"column":57},"end":{"line":28,"column":71}}],"line":28},"2":{"loc":{"start":{"line":61,"column":2},"end":{"line":65,"column":3}},"type":"if","locations":[{"start":{"line":61,"column":2},"end":{"line":65,"column":3}},{"start":{"line":61,"column":2},"end":{"line":65,"column":3}}],"line":61},"3":{"loc":{"start":{"line":61,"column":6},"end":{"line":61,"column":53}},"type":"binary-expr","locations":[{"start":{"line":61,"column":6},"end":{"line":61,"column":25}},{"start":{"line":61,"column":29},"end":{"line":61,"column":53}}],"line":61},"4":{"loc":{"start":{"line":78,"column":25},"end":{"line":81,"column":63}},"type":"binary-expr","locations":[{"start":{"line":78,"column":25},"end":{"line":78,"column":44}},{"start":{"line":79,"column":4},"end":{"line":79,"column":28}},{"start":{"line":80,"column":4},"end":{"line":80,"column":34}},{"start":{"line":81,"column":5},"end":{"line":81,"column":31}},{"start":{"line":81,"column":35},"end":{"line":81,"column":62}}],"line":78},"5":{"loc":{"start":{"line":82,"column":2},"end":{"line":86,"column":3}},"type":"if","locations":[{"start":{"line":82,"column":2},"end":{"line":86,"column":3}},{"start":{"line":82,"column":2},"end":{"line":86,"column":3}}],"line":82},"6":{"loc":{"start":{"line":98,"column":2},"end":{"line":104,"column":3}},"type":"if","locations":[{"start":{"line":98,"column":2},"end":{"line":104,"column":3}},{"start":{"line":98,"column":2},"end":{"line":104,"column":3}}],"line":98},"7":{"loc":{"start":{"line":99,"column":11},"end":{"line":99,"column":43}},"type":"cond-expr","locations":[{"start":{"line":99,"column":23},"end":{"line":99,"column":25}},{"start":{"line":99,"column":28},"end":{"line":99,"column":43}}],"line":99},"8":{"loc":{"start":{"line":99,"column":28},"end":{"line":99,"column":43}},"type":"cond-expr","locations":[{"start":{"line":99,"column":38},"end":{"line":99,"column":39}},{"start":{"line":99,"column":42},"end":{"line":99,"column":43}}],"line":99},"9":{"loc":{"start":{"line":100,"column":9},"end":{"line":104,"column":3}},"type":"if","locations":[{"start":{"line":100,"column":9},"end":{"line":104,"column":3}},{"start":{"line":100,"column":9},"end":{"line":104,"column":3}}],"line":100},"10":{"loc":{"start":{"line":101,"column":11},"end":{"line":101,"column":43}},"type":"cond-expr","locations":[{"start":{"line":101,"column":23},"end":{"line":101,"column":24}},{"start":{"line":101,"column":27},"end":{"line":101,"column":43}}],"line":101},"11":{"loc":{"start":{"line":101,"column":27},"end":{"line":101,"column":43}},"type":"cond-expr","locations":[{"start":{"line":101,"column":37},"end":{"line":101,"column":39}},{"start":{"line":101,"column":42},"end":{"line":101,"column":43}}],"line":101}},"s":{"0":1,"1":1,"2":1,"3":1,"4":6,"5":6,"6":6,"7":6,"8":6,"9":1,"10":5,"11":5,"12":6,"13":6,"14":6,"15":6,"16":6,"17":5,"18":5,"19":10,"20":5,"21":1,"22":5,"23":5,"24":1,"25":1,"26":4,"27":1,"28":5,"29":5,"30":5,"31":2,"32":2,"33":3,"34":1,"35":2,"36":2,"37":2,"38":1,"39":1,"40":1,"41":0,"42":1,"43":6},"f":{"0":6,"1":6,"2":6,"3":6,"4":6,"5":6,"6":10,"7":5,"8":5,"9":1,"10":5,"11":5,"12":2,"13":2,"14":2,"15":2,"16":6},"b":{"0":[1,5],"1":[1,4],"2":[1,4],"3":[5,5],"4":[5,5,2,2,1],"5":[2,3],"6":[1,1],"7":[1,0],"8":[0,0],"9":[1,0],"10":[0,1],"11":[1,0]},"_coverageSchema":"43e27e138ebf9cfc5966b082cf9a028302ed4184","hash":"6cb234b9c652b23917e8b93835df8dea65d578e1","contentHash":"3c74decb66645982c986e54113f6f2349281c193087fc53f6007c5823279d481"},"C:\\poly\\LOG4420\\TP3\\LOG4420_TP3\\TP3_4420A\\services\\mongo\\team.js":{"path":"C:\\poly\\LOG4420\\TP3\\LOG4420_TP3\\TP3_4420A\\services\\mongo\\team.js","statementMap":{"0":{"start":{"line":10,"column":23},"end":{"line":26,"column":1}},"1":{"start":{"line":10,"column":29},"end":{"line":26,"column":1}},"2":{"start":{"line":12,"column":2},"end":{"line":25,"column":5}},"3":{"start":{"line":13,"column":4},"end":{"line":24,"column":5}},"4":{"start":{"line":13,"column":13},"end":{"line":13,"column":32}},"5":{"start":{"line":15,"column":19},"end":{"line":22,"column":10}},"6":{"start":{"line":17,"column":10},"end":{"line":21,"column":11}},"7":{"start":{"line":18,"column":12},"end":{"line":18,"column":93}},"8":{"start":{"line":20,"column":12},"end":{"line":20,"column":55}},"9":{"start":{"line":23,"column":6},"end":{"line":23,"column":26}},"10":{"start":{"line":28,"column":0},"end":{"line":32,"column":1}},"11":{"start":{"line":29,"column":2},"end":{"line":31,"column":3}}},"fnMap":{"0":{"name":"(anonymous_0)","decl":{"start":{"line":10,"column":23},"end":{"line":10,"column":24}},"loc":{"start":{"line":10,"column":29},"end":{"line":26,"column":1}},"line":10},"1":{"name":"(anonymous_1)","decl":{"start":{"line":10,"column":29},"end":{"line":10,"column":30}},"loc":{"start":{"line":10,"column":41},"end":{"line":26,"column":1}},"line":10},"2":{"name":"(anonymous_2)","decl":{"start":{"line":12,"column":44},"end":{"line":12,"column":45}},"loc":{"start":{"line":12,"column":66},"end":{"line":25,"column":3}},"line":12},"3":{"name":"(anonymous_3)","decl":{"start":{"line":16,"column":14},"end":{"line":16,"column":15}},"loc":{"start":{"line":16,"column":26},"end":{"line":22,"column":9}},"line":16},"4":{"name":"(anonymous_4)","decl":{"start":{"line":28,"column":17},"end":{"line":28,"column":18}},"loc":{"start":{"line":28,"column":23},"end":{"line":32,"column":1}},"line":28}},"branchMap":{"0":{"loc":{"start":{"line":13,"column":4},"end":{"line":24,"column":5}},"type":"if","locations":[{"start":{"line":13,"column":4},"end":{"line":24,"column":5}},{"start":{"line":13,"column":4},"end":{"line":24,"column":5}}],"line":13},"1":{"loc":{"start":{"line":15,"column":20},"end":{"line":15,"column":51}},"type":"cond-expr","locations":[{"start":{"line":15,"column":40},"end":{"line":15,"column":42}},{"start":{"line":15,"column":45},"end":{"line":15,"column":51}}],"line":15},"2":{"loc":{"start":{"line":17,"column":10},"end":{"line":21,"column":11}},"type":"if","locations":[{"start":{"line":17,"column":10},"end":{"line":21,"column":11}},{"start":{"line":17,"column":10},"end":{"line":21,"column":11}}],"line":17},"3":{"loc":{"start":{"line":18,"column":19},"end":{"line":18,"column":93}},"type":"cond-expr","locations":[{"start":{"line":18,"column":51},"end":{"line":18,"column":53}},{"start":{"line":18,"column":56},"end":{"line":18,"column":93}}],"line":18},"4":{"loc":{"start":{"line":18,"column":56},"end":{"line":18,"column":93}},"type":"cond-expr","locations":[{"start":{"line":18,"column":88},"end":{"line":18,"column":89}},{"start":{"line":18,"column":92},"end":{"line":18,"column":93}}],"line":18},"5":{"loc":{"start":{"line":20,"column":19},"end":{"line":20,"column":55}},"type":"cond-expr","locations":[{"start":{"line":20,"column":49},"end":{"line":20,"column":51}},{"start":{"line":20,"column":54},"end":{"line":20,"column":55}}],"line":20}},"s":{"0":1,"1":1,"2":1,"3":1,"4":0,"5":1,"6":68,"7":0,"8":68,"9":1,"10":1,"11":1},"f":{"0":1,"1":1,"2":1,"3":68,"4":1},"b":{"0":[0,1],"1":[0,1],"2":[0,68],"3":[0,0],"4":[0,0],"5":[35,33]},"_coverageSchema":"43e27e138ebf9cfc5966b082cf9a028302ed4184","hash":"17bf8e392b9e5073828fb08afac227af6e081249","contentHash":"c18b845c09ca3acf39ae11618259ed02ad17b2fe554819028f48fd92186e8788"},"C:\\poly\\LOG4420\\TP3\\LOG4420_TP3\\TP3_4420A\\services\\yaml\\team.js":{"path":"C:\\poly\\LOG4420\\TP3\\LOG4420_TP3\\TP3_4420A\\services\\yaml\\team.js","statementMap":{"0":{"start":{"line":1,"column":13},"end":{"line":1,"column":31}},"1":{"start":{"line":11,"column":23},"end":{"line":28,"column":1}},"2":{"start":{"line":11,"column":29},"end":{"line":28,"column":1}},"3":{"start":{"line":12,"column":2},"end":{"line":27,"column":4}},"4":{"start":{"line":13,"column":4},"end":{"line":26,"column":5}},"5":{"start":{"line":14,"column":6},"end":{"line":14,"column":25}},"6":{"start":{"line":16,"column":29},"end":{"line":16,"column":51}},"7":{"start":{"line":17,"column":19},"end":{"line":24,"column":10}},"8":{"start":{"line":19,"column":10},"end":{"line":23,"column":11}},"9":{"start":{"line":20,"column":12},"end":{"line":20,"column":93}},"10":{"start":{"line":22,"column":12},"end":{"line":22,"column":55}},"11":{"start":{"line":25,"column":6},"end":{"line":25,"column":26}},"12":{"start":{"line":30,"column":0},"end":{"line":34,"column":1}},"13":{"start":{"line":31,"column":2},"end":{"line":33,"column":3}}},"fnMap":{"0":{"name":"(anonymous_0)","decl":{"start":{"line":11,"column":23},"end":{"line":11,"column":24}},"loc":{"start":{"line":11,"column":29},"end":{"line":28,"column":1}},"line":11},"1":{"name":"(anonym
[...]
"line":50,"column":117}},"type":"binary-expr","locations":[{"start":{"line":50,"column":16},"end":{"line":50,"column":56}},{"start":{"line":50,"column":60},"end":{"line":50,"column":117}}],"line":50},"9":{"loc":{"start":{"line":61,"column":10},"end":{"line":72,"column":62}},"type":"if","locations":[{"start":{"line":61,"column":10},"end":{"line":72,"column":62}},{"start":{"line":61,"column":10},"end":{"line":72,"column":62}}],"line":61},"10":{"loc":{"start":{"line":63,"column":12},"end":{"line":67,"column":93}},"type":"if","locations":[{"start":{"line":63,"column":12},"end":{"line":67,"column":93}},{"start":{"line":63,"column":12},"end":{"line":67,"column":93}}],"line":63},"11":{"loc":{"start":{"line":63,"column":16},"end":{"line":63,"column":117}},"type":"binary-expr","locations":[{"start":{"line":63,"column":16},"end":{"line":63,"column":56}},{"start":{"line":63,"column":60},"end":{"line":63,"column":117}}],"line":63}},"s":{"0":1,"1":1,"2":1,"3":7,"4":7,"5":3,"6":3,"7":2,"8":1,"9":1,"10":1,"11":7,"12":4,"13":4,"14":3,"15":1,"16":0,"17":1,"18":2,"19":1,"20":1,"21":1,"22":1,"23":0,"24":0,"25":0,"26":1,"27":1,"28":7},"f":{"0":7,"1":3,"2":3,"3":4,"4":4,"5":1},"b":{"0":[2,1],"1":[1,1],"2":[2,1,1],"3":[3,1],"4":[1,2],"5":[0,1],"6":[1,1],"7":[1,1],"8":[2,1],"9":[0,1],"10":[0,0],"11":[0,0]},"_coverageSchema":"43e27e138ebf9cfc5966b082cf9a028302ed4184","hash":"038daf83d9998c9dafb9479e810921bc38c66e17","contentHash":"e2f5abaf6be0575367e8f44937f5709a652b3ebd58ed72444986182907e164c2"},"C:\\poly\\LOG4420\\TP3\\LOG4420_TP3\\TP3_4420A\\routes\\rest\\publications.js":{"path":"C:\\poly\\LOG4420\\TP3\\LOG4420_TP3\\TP3_4420A\\routes\\rest\\publications.js","statementMap":{"0":{"start":{"line":1,"column":16},"end":{"line":1,"column":34}},"1":{"start":{"line":2,"column":14},"end":{"line":2,"column":30}},"2":{"start":{"line":4,"column":0},"end":{"line":226,"column":1}},"3":{"start":{"line":5,"column":15},"end":{"line":5,"column":31}},"4":{"start":{"line":9,"column":13},"end":{"line":9,"column":15}},"5":{"start":{"line":10,"column":14},"end":{"line":10,"column":22}},"6":{"start":{"line":13,"column":2},"end":{"line":78,"column":3}},"7":{"start":{"line":15,"column":4},"end":{"line":19,"column":5}},"8":{"start":{"line":18,"column":6},"end":{"line":18,"column":69}},"9":{"start":{"line":26,"column":4},"end":{"line":35,"column":7}},"10":{"start":{"line":28,"column":8},"end":{"line":33,"column":9}},"11":{"start":{"line":31,"column":10},"end":{"line":31,"column":68}},"12":{"start":{"line":38,"column":4},"end":{"line":45,"column":7}},"13":{"start":{"line":40,"column":8},"end":{"line":44,"column":9}},"14":{"start":{"line":43,"column":10},"end":{"line":43,"column":68}},"15":{"start":{"line":47,"column":4},"end":{"line":53,"column":9}},"16":{"start":{"line":49,"column":6},"end":{"line":53,"column":9}},"17":{"start":{"line":52,"column":10},"end":{"line":52,"column":67}},"18":{"start":{"line":56,"column":4},"end":{"line":66,"column":7}},"19":{"start":{"line":58,"column":8},"end":{"line":64,"column":9}},"20":{"start":{"line":61,"column":10},"end":{"line":61,"column":75}},"21":{"start":{"line":69,"column":4},"end":{"line":76,"column":7}},"22":{"start":{"line":70,"column":6},"end":{"line":76,"column":7}},"23":{"start":{"line":73,"column":8},"end":{"line":73,"column":75}},"24":{"start":{"line":82,"column":2},"end":{"line":82,"column":13}},"25":{"start":{"line":86,"column":2},"end":{"line":154,"column":4}},"26":{"start":{"line":88,"column":18},"end":{"line":88,"column":35}},"27":{"start":{"line":89,"column":18},"end":{"line":89,"column":36}},"28":{"start":{"line":90,"column":14},"end":{"line":90,"column":16}},"29":{"start":{"line":92,"column":4},"end":{"line":98,"column":34}},"30":{"start":{"line":93,"column":6},"end":{"line":96,"column":54}},"31":{"start":{"line":94,"column":8},"end":{"line":94,"column":35}},"32":{"start":{"line":96,"column":8},"end":{"line":96,"column":54}},"33":{"start":{"line":98,"column":8},"end":{"line":98,"column":34}},"34":{"start":{"line":101,"column":6},"end":{"line":107,"column":7}},"35":{"start":{"line":113,"column":4},"end":{"line":152,"column":7}},"36":{"start":{"line":115,"column":6},"end":{"line":150,"column":34}},"37":{"start":{"line":117,"column":8},"end":{"line":121,"column":88}},"38":{"start":{"line":118,"column":10},"end":{"line":118,"column":58}},"39":{"start":{"line":121,"column":10},"end":{"line":121,"column":88}},"40":{"start":{"line":128,"column":8},"end":{"line":150,"column":34}},"41":{"start":{"line":130,"column":11},"end":{"line":145,"column":13}},"42":{"start":{"line":134,"column":12},"end":{"line":139,"column":15}},"43":{"start":{"line":135,"column":14},"end":{"line":139,"column":15}},"44":{"start":{"line":142,"column":16},"end":{"line":142,"column":42}},"45":{"start":{"line":150,"column":18},"end":{"line":150,"column":33}},"46":{"start":{"line":159,"column":3},"end":{"line":195,"column":4}},"47":{"start":{"line":162,"column":4},"end":{"line":194,"column":9}},"48":{"start":{"line":165,"column":6},"end":{"line":187,"column":9}},"49":{"start":{"line":170,"column":10},"end":{"line":173,"column":93}},"50":{"start":{"line":171,"column":12},"end":{"line":171,"column":61}},"51":{"start":{"line":173,"column":12},"end":{"line":173,"column":93}},"52":{"start":{"line":179,"column":28},"end":{"line":179,"column":54}},"53":{"start":{"line":181,"column":9},"end":{"line":185,"column":38}},"54":{"start":{"line":182,"column":12},"end":{"line":182,"column":56}},"55":{"start":{"line":185,"column":12},"end":{"line":185,"column":38}},"56":{"start":{"line":198,"column":2},"end":{"line":223,"column":4}},"57":{"start":{"line":200,"column":4},"end":{"line":222,"column":4}},"58":{"start":{"line":201,"column":4},"end":{"line":221,"column":34}},"59":{"start":{"line":203,"column":6},"end":{"line":218,"column":95}},"60":{"start":{"line":205,"column":10},"end":{"line":208,"column":97}},"61":{"start":{"line":206,"column":12},"end":{"line":206,"column":58}},"62":{"start":{"line":208,"column":12},"end":{"line":208,"column":97}},"63":{"start":{"line":214,"column":8},"end":{"line":218,"column":95}},"64":{"start":{"line":215,"column":10},"end":{"line":215,"column":56}},"65":{"start":{"line":218,"column":10},"end":{"line":218,"column":95}},"66":{"start":{"line":221,"column":6},"end":{"line":221,"column":34}},"67":{"start":{"line":225,"column":2},"end":{"line":225,"column":15}}},"fnMap":{"0":{"name":"(anonymous_0)","decl":{"start":{"line":4,"column":17},"end":{"line":4,"column":18}},"loc":{"start":{"line":4,"column":39},"end":{"line":226,"column":1}},"line":4},"1":{"name":"handelError","decl":{"start":{"line":8,"column":9},"end":{"line":8,"column":20}},"loc":{"start":{"line":8,"column":35},"end":{"line":83,"column":1}},"line":8},"2":{"name":"(anonymous_2)","decl":{"start":{"line":86,"column":17},"end":{"line":86,"column":18}},"loc":{"start":{"line":86,"column":33},"end":{"line":154,"column":3}},"line":86},"3":{"name":"(anonymous_3)","decl":{"start":{"line":113,"column":54},"end":{"line":113,"column":55}},"loc":{"start":{"line":113,"column":74},"end":{"line":151,"column":5}},"line":113},"4":{"name":"(anonymous_4)","decl":{"start":{"line":130,"column":60},"end":{"line":130,"column":61}},"loc":{"start":{"line":130,"column":77},"end":{"line":145,"column":11}},"line":130},"5":{"name":"(anonymous_5)","decl":{"start":{"line":159,"column":21},"end":{"line":159,"column":22}},"loc":{"start":{"line":159,"column":37},"end":{"line":195,"column":3}},"line":159},"6":{"name":"(anonymous_6)","decl":{"start":{"line":162,"column":51},"end":{"line":162,"column":52}},"loc":{"start":{"line":162,"column":64},"end":{"line":194,"column":6}},"line":162},"7":{"name":"(anonymous_7)","decl":{"start":{"line":198,"column":23},"end":{"line":198,"column":24}},"loc":{"start":{"line":198,"column":39},"end":{"line":223,"column":3}},"line":198},"8":{"name":"(anonymous_8)","decl":{"start":{"line":200,"column":56},"end":{"line":200,"column":57}},"loc":{"start":{"line":200,"column":76},"end":{"line":222,"column":3}},"line":200}},"branchMap":{"0":{"loc":{"start":{"line":13,"column":2},"end":{"line":78,"column":3}},"type":"if","locations":[{"start":{"line":13,"column":2},"end":{"line":78,"column":3}},{"start":{"line":13,"column":2},"end":{"line":78,"column":3}}],"line":13},"1":{"loc":{"start":{"line":13,"column":6},"end":{"line":13,"column":41}},"type":"binary-expr","locations":[{"start":{"line":13,"column":6},"end":{"line":13,"column":24}},{"start":{"line":13,"column":28},"end":{"line":13,"column":41}}],"line":13},"2":{"loc":{"start":{"line":15,"column":4},"end":{"line":19,"column":5}},"type":"if","locations":[{"start":{"line":15,"column":4},"end":{"line":19,"column":5}},{"start":{"line":15,"column":4},"end":{"line":19,"column":5}}],"line":15},"3":{"loc":{"start":{"line":15,"column":8},"end":{"line":15,"column":118}},"type":"binary-expr","locations":[{"start":{"line":15,"column":8},"end":{"line":15,"column":48}},{"start":{"line":15,"column":52},"end":{"line":15,"column":118}}],"line":15},"4":{"loc":{"start":{"line":26,"column":4},"end":{"line":35,"column":7}},"type":"if","locations":[{"start":{"line":26,"column":4},"end":{"line":35,"column":7}},{"start":{"line":26,"column":4},"end":{"line":35,"column":7}}],"line":26},"5":{"loc":{"start":{"line":28,"column":8},"end":{"line":33,"column":9}},"type":"if","locations":[{"start":{"line":28,"column":8},"end":{"line":33,"column":9}},{"start":{"line":28,"column":8},"end":{"line":33,"column":9}}],"line":28},"6":{"loc":{"start":{"line":28,"column":13},"end":{"line":28,"column":118}},"type":"binary-expr","locations":[{"start":{"line":28,"column":13},"end":{"line":28,"column":53}},{"start":{"line":28,"column":57},"end":{"line":28,"column":118}}],"line":28},"7":{"loc":{"start":{"line":38,"column":4},"end":{"line":45,"column":7}},"type":"if","locations":[{"start":{"line":38,"column":4},"end":{"line":45,"column":7}},{"start":{"line":38,"column":4},"end":{"line":45,"column":7}}],"line":38},"8":{"loc":{"start":{"line":38,"column":8},"end":{"line":38,"column":66}},"type":"binary-expr","locations":[{"start":{"line":38,"column":8},"end":{"line":38,"column":31}},{"start":{"line":38,"column":35},"end":{"line":38,"column":51}},{"start":{"line":38,"column":55},"end":{"line":38,"column":66}}],"line":38},"9":{"loc":{"start":{"line":40,"column":8},"end":{"line":44,"column":9}},"type":"if","locations":[{"start":{"line":40,"column":8},"end":{"line":44,"column":9}},{"start":{"line":40,"column":8},"end":{"line":44,"column":9}}],"line":40},"10":{"loc":{"start":{"line":40,"column":12},"end":{"line":40,"column":117}},"type":"binary-expr","locations":[{"start":{"line":40,"column":12},"end":{"line":40,"column":52}},{"start":{"line":40,"column":56},"end":{"line":40,"column":117}}],"line":40},"11":{"loc":{"start":{"line":47,"column":4},"end":{"line":53,"column":9}},"type":"if","locations":[{"start":{"line":47,"column":4},"end":{"line":53,"column":9}},{"start":{"line":47,"column":4},"end":{"line":53,"column":9}}],"line":47},"12":{"loc":{"start":{"line":47,"column":8},"end":{"line":47,"column":86}},"type":"binary-expr","locations":[{"start":{"line":47,"column":8},"end":{"line":47,"column":32}},{"start":{"line":47,"column":36},"end":{"line":47,"column":53}},{"start":{"line":47,"column":57},"end":{"line":47,"column":69}},{"start":{"line":47,"column":73},"end":{"line":47,"column":86}}],"line":47},"13":{"loc":{"start":{"line":49,"column":6},"end":{"line":53,"column":9}},"type":"if","locations":[{"start":{"line":49,"column":6},"end":{"line":53,"column":9}},{"start":{"line":49,"column":6},"end":{"line":53,"column":9}}],"line":49},"14":{"loc":{"start":{"line":49,"column":10},"end":{"line":49,"column":114}},"type":"binary-expr","locations":[{"start":{"line":49,"column":10},"end":{"line":49,"column":50}},{"start":{"line":49,"column":54},"end":{"line":49,"column":114}}],"line":49},"15":{"loc":{"start":{"line":56,"column":4},"end":{"line":66,"column":7}},"type":"if","locations":[{"start":{"line":56,"column":4},"end":{"line":66,"column":7}},{"start":{"line":56,"column":4},"end":{"line":66,"column":7}}],"line":56},"16":{"loc":{"start":{"line":56,"column":9},"end":{"line":56,"column":60}},"type":"binary-expr","locations":[{"start":{"line":56,"column":9},"end":{"line":56,"column":33}},{"start":{"line":56,"column":37},"end":{"line":56,"column":60}}],"line":56},"17":{"loc":{"start":{"line":58,"column":8},"end":{"line":64,"column":9}},"type":"if","locations":[{"start":{"line":58,"column":8},"end":{"line":64,"column":9}},{"start":{"line":58,"column":8},"end":{"line":64,"column":9}}],"line":58},"18":{"loc":{"start":{"line":58,"column":12},"end":{"line":58,"column":124}},"type":"binary-expr","locations":[{"start":{"line":58,"column":12},"end":{"line":58,"column":52}},{"start":{"line":58,"column":56},"end":{"line":58,"column":124}}],"line":58},"19":{"loc":{"start":{"line":69,"column":4},"end":{"line":76,"column":7}},"type":"if","locations":[{"start":{"line":69,"column":4},"end":{"line":76,"column":7}},{"start":{"line":69,"column":4},"end":{"line":76,"column":7}}],"line":69},"20":{"loc":{"start":{"line":69,"column":9},"end":{"line":69,"column":60}},"type":"binary-expr","locations":[{"start":{"line":69,"column":9},"end":{"line":69,"column":33}},{"start":{"line":69,"column":37},"end":{"line":69,"column":60}}],"line":69},"21":{"loc":{"start":{"line":70,"column":6},"end":{"line":76,"column":7}},"type":"if","locations":[{"start":{"line":70,"column":6},"end":{"line":76,"column":7}},{"start":{"line":70,"column":6},"end":{"line":76,"column":7}}],"line":70},"22":{"loc":{"start":{"line":70,"column":10},"end":{"line":70,"column":124}},"type":"binary-expr","locations":[{"start":{"line":70,"column":10},"end":{"line":70,"column":50}},{"start":{"line":70,"column":54},"end":{"line":70,"column":124}}],"line":70},"23":{"loc":{"start":{"line":92,"column":4},"end":{"line":98,"column":34}},"type":"if","locations":[{"start":{"line":92,"column":4},"end":{"line":98,"column":34}},{"start":{"line":92,"column":4},"end":{"line":98,"column":34}}],"line":92},"24":{"loc":{"start":{"line":92,"column":8},"end":{"line":92,"column":26}},"type":"binary-expr","locations":[{"start":{"line":92,"column":8},"end":{"line":92,"column":14}},{"start":{"line":92,"column":19},"end":{"line":92,"column":26}}],"line":92},"25":{"loc":{"start":{"line":93,"column":6},"end":{"line":96,"column":54}},"type":"if","locations":[{"start":{"line":93,"column":6},"end":{"line":96,"column":54}},{"start":{"line":93,"column":6},"end":{"line":96,"column":54}}],"line":93},"26":{"loc":{"start":{"line":103,"column":22},"end":{"line":103,"column":59}},"type":"cond-expr","locations":[{"start":{"line":103,"column":41},"end":{"line":103,"column":55}},{"start":{"line":103,"column":58},"end":{"line":103,"column":59}}],"line":103},"27":{"loc":{"start":{"line":104,"column":17},"end":{"line":104,"column":57}},"type":"cond-expr","locations":[{"start":{"line":104,"column":37},"end":{"line":104,"column":52}},{"start":{"line":104,"column":55},"end":{"line":104,"column":57}}],"line":104},"28":{"loc":{"start":{"line":115,"column":6},"end":{"line":150,"column":34}},"type":"if","locations":[{"start":{"line":115,"column":6},"end":{"line":150,"column":34}},{"start":{"line":115,"column":6},"end":{"line":150,"column":34}}],"line":115},"29":{"loc":{"start":{"line":117,"column":8},"end":{"line":121,"column":88}},"type":"if","locations":[{"start":{"line":117,"column":8},"end":{"line":121,"column":88}},{"start":{"line":117,"column":8},"end":{"line":121,"column":88}}],"line":117},"30":{"loc":{"start":{"line":117,"column":12},"end":{"line":117,"column":110}},"type":"binary-expr","locations":[{"start":{"line":117,"column":12},"end":{"line":117,"column":52}},{"start":{"line":117,"column":56},"end":{"line":117,"column":110}}],"line":117},"31":{"loc":{"start":{"line":134,"column":12},"end":{"line":139,"column":15}},"type":"if","locations":[{"start":{"line":134,"column":12},"end":{"line":139,"column":15}},{"start":{"line":134,"column":12},"end":{"line":139,"column":15}}],"line":134},"32":{"loc":{"start":{"line":134,"column":15},"end":{"line":134,"column":58}},"type":"binary-expr","locations":[{"start":{"line":134,"column":15},"end":{"line":134,"column":34}},{"start":{"line":134,"column":38},"end":{"line":134,"column":58}}],"line":134},"33":{"loc":{"start":{"line":165,"column":6},"end":{"line":187,"column":9}},"type":"if","locations":[{"start":{"line":165,"column":6},"end":{"line":187,"column":9}},{"start":{"line":165,"column":6},"end":{"line":187,"column":9}}],"line":165},"34":{"loc":{"start":{"line":170,"column":10},"end":{"line":173,"column":93}},"type":"if","locations":[{"start":{"line":170,"column":10},"end":{"line":173,"column":93}},{"start":{"line":170,"column":10},"end":{"line":173,"column":93}}],"line":170},"35":{"loc":{"start":{"line":170,"column":14},"end":{"line":170,"column":105}},"type":"binary-expr","locations":[{"start":{"line":170,"column":14},"end":{"line":170,"column":54}},{"start":{"line":170,"column":59},"end":{"line":170,"column":105}}],"line":170},"36":{"loc":{"start":{"line":181,"column":9},"end":{"line":185,"column":38}},"type":"if","locations":[{"start":{"line":181,"column":9},"end":{"line":185,"column":38}},{"start":{"line":181,"column":9},"end":{"line":185,"column":38}}],"line":181},"37":{"loc":{"start":{"line":201,"column":4},"end":{"line":221,"column":34}},"type":"if","locations":[{"start":{"line":201,"column":4},"end":{"line":221,"column":34}},{"start":{"line":201,"column":4},"end":{"line":221,"column":34}}],"line":201},"38":{"loc":{"start":{"line":203,"column":6},"end":{"line":218,"column":95}},"type":"if","locations":[{"start":{"line":203,"column":6},"end":{"line":218,"column":95}},{"start":{"line":203,"column":6},"end":{"line":218,"column":95}}],"line":203},"39":{"loc":{"start":{"line":205,"column":10},"end":{"line":208,"column":97}},"type":"if","locations":[{"start":{"line":205,"column":10},"end":{"line":208,"column":97}},{"start":{"line":205,"column":10},"end":{"line":208,"column":97}}],"line":205},"40":{"loc":{"start":{"line":205,"column":14},"end":{"line":205,"column":105}},"type":"binary-expr","locations":[{"start":{"line":205,"column":14},"end":{"line":205,"column":54}},{"start":{"line":205,"column":59},"end":{"line":205,"column":105}}],"line":205},"41":{"loc":{"start":{"line":214,"column":8},"end":{"line":218,"column":95}},"type":"if","locations":[{"start":{"line":214,"column":8},"end":{"line":218,"column":95}},{"start":{"line":214,"column":8},"end":{"line":218,"column":95}}],"line":214},"42":{"loc":{"start":{"line":214,"column":12},"end":{"line":214,"column":103}},"type":"binary-expr","locations":[{"start":{"line":214,"column":12},"end":{"line":214,"column":52}},{"start":{"line":214,"column":57},"end":{"line":214,"column":103}}],"line":214}},"s":{"0":1,"1":1,"2":1,"3":21,"4":14,"5":14,"6":14,"7":2,"8":2,"9":12,"10":1,"11":1,"12":12,"13":2,"14":2,"15":12,"16":3,"17":3,"18":12,"19":3,"20":3,"21":12,"22":3,"23":3,"24":14,"25":21,"26":3,"27":3,"28":3,"29":3,"30":0,"31":0,"32":0,"33":3,"34":3,"35":3,"36":3,"37":2,"38":1,"39":1,"40":1,"41":1,"42":1,"43":1,"44":1,"45":0,"46":21,"47":15,"48":15,"49":1,"50":0,"51":1,"52":14,"53":14,"54":13,"55":1,"56":21,"57":3,"58":3,"59":2,"60":1,"61":0,"62":1,"63":1,"64":0,"65":1,"66":1,"67":21},"f":{"0":21,"1":14,"2":3,"3":3,"4":1,"5":15,"6":15,"7":3,"8":3},"b":{"0":[2,12],"1":[14,12],"2":[2,0],"3":[2,2],"4":[1,11],"5":[1,0],"6":[1,1],"7":[2,10],"8":[12,11,10],"9":[2,0],"10":[2,2],"11":[3,9],"12":[12,11,10,10],"13":[3,0],"14":[3,3],"15":[3,9],"16":[12,10],"17":[3,0],"18":[3,3],"19":[3,9],"20":[12,10],"21":[3,0],"22":[3,3],"23":[0,3],"24":[3,0],"25":[0,0],"26":[0,3],"27":[0,3],"28":[2,1],"29":[1,1],"30":[2,2],"31":[1,0],"32":[1,1],"33":[1,14],"34":[0,1],"35":[1,0],"36":[13,1],"37":[2,1],"38":[1,1],"39":[0,1],"40":[1,0],"41":[0,1],"42":[1,0]},"_coverageSchema":"43e27e138ebf9cfc5966b082cf9a028302ed4184","hash":"dd21be0b23ff747fe3ac0bf583aaa495cdcfdf6c","contentHash":"bd01ea1bd9668777470931c7cf9ac63a4613cd4c692744a9f0a52c67bfe1f891"}}