{"/Users/ikram/Documents/TP3_4420A/helpers/formatter.js":{"path":"/Users/ikram/Documents/TP3_4420A/helpers/formatter.js","statementMap":{"0":{"start":{"line":1,"column":15},"end":{"line":1,"column":32}},"1":{"start":{"line":3,"column":0},"end":{"line":6,"column":1}},"2":{"start":{"line":4,"column":27},"end":{"line":4,"column":55}},"3":{"start":{"line":5,"column":28},"end":{"line":5,"column":58}}},"fnMap":{"0":{"name":"(anonymous_0)","decl":{"start":{"line":4,"column":16},"end":{"line":4,"column":17}},"loc":{"start":{"line":4,"column":27},"end":{"line":4,"column":55}},"line":4},"1":{"name":"(anonymous_1)","decl":{"start":{"line":5,"column":17},"end":{"line":5,"column":18}},"loc":{"start":{"line":5,"column":28},"end":{"line":5,"column":58}},"line":5}},"branchMap":{},"s":{"0":0,"1":0,"2":0,"3":0},"f":{"0":0,"1":0},"b":{}},"/Users/ikram/Documents/TP3_4420A/routes/home.js":{"path":"/Users/ikram/Documents/TP3_4420A/routes/home.js","statementMap":{"0":{"start":{"line":1,"column":16},"end":{"line":1,"column":34}},"1":{"start":{"line":2,"column":15},"end":{"line":2,"column":31}},"2":{"start":{"line":3,"column":14},"end":{"line":3,"column":30}},"3":{"start":{"line":5,"column":12},"end":{"line":5,"column":44}},"4":{"start":{"line":9,"column":0},"end":{"line":9,"column":23}},"5":{"start":{"line":11,"column":0},"end":{"line":26,"column":5}},"6":{"start":{"line":13,"column":8},"end":{"line":21,"column":11}},"7":{"start":{"line":14,"column":29},"end":{"line":14,"column":49}},"8":{"start":{"line":15,"column":25},"end":{"line":15,"column":38}},"9":{"start":{"line":16,"column":12},"end":{"line":16,"column":48}},"10":{"start":{"line":20,"column":14},"end":{"line":20,"column":24}},"11":{"start":{"line":30,"column":0},"end":{"line":30,"column":23}}},"fnMap":{"0":{"name":"(anonymous_0)","decl":{"start":{"line":11,"column":16},"end":{"line":11,"column":17}},"loc":{"start":{"line":11,"column":41},"end":{"line":25,"column":5}},"line":11}},"branchMap":{},"s":{"0":0,"1":0,"2":0,"3":0,"4":0,"5":0,"6":0,"7":0,"8":0,"9":0,"10":0,"11":0},"f":{"0":0},"b":{}},"/Users/ikram/Documents/TP3_4420A/routes/index.js":{"path":"/Users/ikram/Documents/TP3_4420A/routes/index.js","statementMap":{"0":{"start":{"line":1,"column":16},"end":{"line":1,"column":34}},"1":{"start":{"line":2,"column":15},"end":{"line":2,"column":31}},"2":{"start":{"line":4,"column":0},"end":{"line":11,"column":1}},"3":{"start":{"line":5,"column":2},"end":{"line":5,"column":36}},"4":{"start":{"line":6,"column":2},"end":{"line":6,"column":40}},"5":{"start":{"line":7,"column":2},"end":{"line":7,"column":48}},"6":{"start":{"line":8,"column":2},"end":{"line":8,"column":56}},"7":{"start":{"line":10,"column":2},"end":{"line":10,"column":31}}},"fnMap":{"0":{"name":"(anonymous_0)","decl":{"start":{"line":4,"column":17},"end":{"line":4,"column":18}},"loc":{"start":{"line":4,"column":37},"end":{"line":11,"column":1}},"line":4}},"branchMap":{},"s":{"0":0,"1":0,"2":0,"3":0,"4":0,"5":0,"6":0,"7":0},"f":{"0":0},"b":{}},"/Users/ikram/Documents/TP3_4420A/routes/projects.js":{"path":"/Users/ikram/Documents/TP3_4420A/routes/projects.js","statementMap":{"0":{"start":{"line":1,"column":16},"end":{"line":1,"column":34}},"1":{"start":{"line":2,"column":15},"end":{"line":2,"column":31}},"2":{"start":{"line":3,"column":14},"end":{"line":3,"column":30}},"3":{"start":{"line":5,"column":10},"end":{"line":5,"column":46}},"4":{"start":{"line":8,"column":0},"end":{"line":23,"column":2}},"5":{"start":{"line":10,"column":2},"end":{"line":11,"column":40}},"6":{"start":{"line":11,"column":4},"end":{"line":11,"column":40}},"7":{"start":{"line":14,"column":8},"end":{"line":20,"column":9}},"8":{"start":{"line":15,"column":27},"end":{"line":15,"column":47}},"9":{"start":{"line":16,"column":23},"end":{"line":16,"column":36}},"10":{"start":{"line":17,"column":10},"end":{"line":17,"column":50}},"11":{"start":{"line":19,"column":10},"end":{"line":19,"column":21}},"12":{"start":{"line":27,"column":0},"end":{"line":50,"column":2}},"13":{"start":{"line":29,"column":19},"end":{"line":29,"column":38}},"14":{"start":{"line":32,"column":20},"end":{"line":47,"column":7}},"15":{"start":{"line":33,"column":8},"end":{"line":46,"column":9}},"16":{"start":{"line":34,"column":10},"end":{"line":37,"column":20}},"17":{"start":{"line":35,"column":12},"end":{"line":35,"column":39}},"18":{"start":{"line":37,"column":12},"end":{"line":37,"column":20}},"19":{"start":{"line":40,"column":27},"end":{"line":40,"column":77}},"20":{"start":{"line":42,"column":23},"end":{"line":42,"column":36}},"21":{"start":{"line":43,"column":10},"end":{"line":43,"column":89}},"22":{"start":{"line":45,"column":10},"end":{"line":45,"column":21}},"23":{"start":{"line":48,"column":6},"end":{"line":48,"column":19}},"24":{"start":{"line":51,"column":0},"end":{"line":51,"column":23}},"25":{"start":{"line":54,"column":0},"end":{"line":54,"column":23}}},"fnMap":{"0":{"name":"(anonymous_0)","decl":{"start":{"line":8,"column":16},"end":{"line":8,"column":17}},"loc":{"start":{"line":8,"column":42},"end":{"line":23,"column":1}},"line":8},"1":{"name":"(anonymous_1)","decl":{"start":{"line":27,"column":19},"end":{"line":27,"column":20}},"loc":{"start":{"line":27,"column":39},"end":{"line":50,"column":1}},"line":27},"2":{"name":"(anonymous_2)","decl":{"start":{"line":32,"column":20},"end":{"line":32,"column":21}},"loc":{"start":{"line":32,"column":33},"end":{"line":47,"column":7}},"line":32}},"branchMap":{"0":{"loc":{"start":{"line":10,"column":2},"end":{"line":11,"column":40}},"type":"if","locations":[{"start":{"line":10,"column":2},"end":{"line":11,"column":40}},{"start":{"line":10,"column":2},"end":{"line":11,"column":40}}],"line":10},"1":{"loc":{"start":{"line":34,"column":10},"end":{"line":37,"column":20}},"type":"if","locations":[{"start":{"line":34,"column":10},"end":{"line":37,"column":20}},{"start":{"line":34,"column":10},"end":{"line":37,"column":20}}],"line":34}},"s":{"0":0,"1":0,"2":0,"3":0,"4":0,"5":0,"6":0,"7":0,"8":0,"9":0,"10":0,"11":0,"12":0,"13":0,"14":0,"15":0,"16":0,"17":0,"18":0,"19":0,"20":0,"21":0,"22":0,"23":0,"24":0,"25":0},"f":{"0":0,"1":0,"2":0},"b":{"0":[0,0],"1":[0,0]}},"/Users/ikram/Documents/TP3_4420A/routes/publications.js":{"path":"/Users/ikram/Documents/TP3_4420A/routes/publications.js","statementMap":{"0":{"start":{"line":1,"column":16},"end":{"line":1,"column":34}},"1":{"start":{"line":2,"column":15},"end":{"line":2,"column":31}},"2":{"start":{"line":3,"column":15},"end":{"line":3,"column":32}},"3":{"start":{"line":4,"column":14},"end":{"line":4,"column":30}},"4":{"start":{"line":7,"column":12},"end":{"line":7,"column":52}},"5":{"start":{"line":10,"column":4},"end":{"line":16,"column":27}},"6":{"start":{"line":11,"column":8},"end":{"line":14,"column":31}},"7":{"start":{"line":12,"column":12},"end":{"line":12,"column":31}},"8":{"start":{"line":14,"column":12},"end":{"line":14,"column":31}},"9":{"start":{"line":16,"column":8},"end":{"line":16,"column":27}},"10":{"start":{"line":23,"column":15},"end":{"line":23,"column":29}},"11":{"start":{"line":24,"column":18},"end":{"line":24,"column":33}},"12":{"start":{"line":25,"column":18},"end":{"line":25,"column":35}},"13":{"start":{"line":26,"column":18},"end":{"line":26,"column":36}},"14":{"start":{"line":27,"column":14},"end":{"line":27,"column":16}},"15":{"start":{"line":28,"column":4},"end":{"line":65,"column":7}},"16":{"start":{"line":30,"column":8},"end":{"line":36,"column":38}},"17":{"start":{"line":31,"column":8},"end":{"line":34,"column":58}},"18":{"start":{"line":32,"column":12},"end":{"line":32,"column":39}},"19":{"start":{"line":34,"column":12},"end":{"line":34,"column":58}},"20":{"start":{"line":36,"column":12},"end":{"line":36,"column":38}},"21":{"start":{"line":39,"column":8},"end":{"line":45,"column":9}},"22":{"start":{"line":46,"column":8},"end":{"line":46,"column":31}},"23":{"start":{"line":48,"column":25},"end":{"line":48,"column":173}},"24":{"start":{"line":49,"column":21},"end":{"line":49,"column":34}},"25":{"start":{"line":50,"column":8},"end":{"line":50,"column":214}},"26":{"start":{"line":55,"column":8},"end":{"line":63,"column":9}},"27":{"start":{"line":56,"column":12},"end":{"line":56,"column":23}},"28":{"start":{"line":59,"column":13},"end":{"line":63,"column":9}},"29":{"start":{"line":61,"column":12},"end":{"line":61,"column":70}},"30":{"start":{"line":69,"column":0},"end":{"line":75,"column":2}},"31":{"start":{"line":72,"column":6},"end":{"line":72,"column":41}},"32":{"start":{"line":77,"column":0},"end":{"line":93,"column":2}},"33":{"start":{"line":80,"column":21},"end":{"line":91,"column":10}},"34":{"start":{"line":88,"column":16},"end":{"line":89,"column":70}},"35":{"start":{"line":89,"column":21},"end":{"line":89,"column":70}},"36":{"start":{"line":89,"column":62},"end":{"line":89,"column":69}},"37":{"start":{"line":95,"column":0},"end":{"line":102,"column":2}},"38":{"start":{"line":98,"column":21},"end":{"line":98,"column":95}},"39":{"start":{"line":98,"column":87},"end":{"line":98,"column":94}},"40":{"start":{"line":101,"column":11},"end":{"line":101,"column":26}},"41":{"start":{"line":104,"column":0},"end":{"line":104,"column":23}}},"fnMap":{"0":{"name":"getMonths","decl":{"start":{"line":9,"column":9},"end":{"line":9,"column":18}},"loc":{"start":{"line":9,"column":32},"end":{"line":20,"column":1}},"line":9},"1":{"name":"getPublications","decl":{"start":{"line":22,"column":16},"end":{"line":22,"column":31}},"loc":{"start":{"line":22,"column":45},"end":{"line":66,"column":1}},"line":22},"2":{"name":"(anonymous_2)","decl":{"start":{"line":69,"column":16},"end":{"line":69,"column":17}},"loc":{"start":{"line":69,"column":41},"end":{"line":75,"column":1}},"line":69},"3":{"name":"(anonymous_3)","decl":{"start":{"line":77,"column":17},"end":{"line":77,"column":18}},"loc":{"start":{"line":77,"column":42},"end":{"line":93,"column":1}},"line":77},"4":{"name":"(anonymous_4)","decl":{"start":{"line":87,"column":15},"end":{"line":87,"column":16}},"loc":{"start":{"line":87,"column":27},"end":{"line":91,"column":9}},"line":87},"5":{"name":"(anonymous_5)","decl":{"start":{"line":89,"column":57},"end":{"line":89,"column":58}},"loc":{"start":{"line":89,"column":62},"end":{"line":89,"column":69}},"line":89},"6":{"name":"(anonymous_6)","decl":{"start":{"line":95,"column":19},"end":{"line":95,"column":20}},"loc":{"start":{"line":95,"column":44},"end":{"line":102,"column":1}},"line":95},"7":{"name":"(anonymous_7)","decl":{"start":{"line":98,"column":82},"end":{"line":98,"column":83}},"loc":{"start":{"line":98,"column":87},"end":{"line":98,"column":94}},"line":98}},"branchMap":{"0":{"loc":{"start":{"line":10,"column":4},"end":{"line":16,"column":27}},"type":"if","locations":[{"start":{"line":10,"column":4},"end":{"line":16,"column":27}},{"start":{"line":10,"column":4},"end":{"line":16,"column":27}}],"line":10},"1":{"loc":{"start":{"line":11,"column":8},"end":{"line":14,"column":31}},"type":"if","locations":[{"start":{"line":11,"column":8},"end":{"line":14,"column":31}},{"start":{"line":11,"column":8},"end":{"line":14,"column":31}}],"line":11},"2":{"loc":{"start":{"line":30,"column":8},"end":{"line":36,"column":38}},"type":"if","locations":[{"start":{"line":30,"column":8},"end":{"line":36,"column":38}},{"start":{"line":30,"column":8},"end":{"line":36,"column":38}}],"line":30},"3":{"loc":{"start":{"line":30,"column":12},"end":{"line":30,"column":29}},"type":"binary-expr","locations":[{"start":{"line":30,"column":12},"end":{"line":30,"column":18}},{"start":{"line":30,"column":22},"end":{"line":30,"column":29}}],"line":30},"4":{"loc":{"start":{"line":31,"column":8},"end":{"line":34,"column":58}},"type":"if","locations":[{"start":{"line":31,"column":8},"end":{"line":34,"column":58}},{"start":{"line":31,"column":8},"end":{"line":34,"column":58}}],"line":31},"5":{"loc":{"start":{"line":41,"column":24},"end":{"line":41,"column":41}},"type":"cond-expr","locations":[{"start":{"line":41,"column":33},"end":{"line":41,"column":37}},{"start":{"line":41,"column":40},"end":{"line":41,"column":41}}],"line":41},"6":{"loc":{"start":{"line":42,"column":19},"end":{"line":42,"column":39}},"type":"cond-expr","locations":[{"start":{"line":42,"column":29},"end":{"line":42,"column":34}},{"start":{"line":42,"column":37},"end":{"line":42,"column":39}}],"line":42},"7":{"loc":{"start":{"line":55,"column":8},"end":{"line":63,"column":9}},"type":"if","locations":[{"start":{"line":55,"column":8},"end":{"line":63,"column":9}},{"start":{"line":55,"column":8},"end":{"line":63,"column":9}}],"line":55},"8":{"loc":{"start":{"line":55,"column":12},"end":{"line":55,"column":63}},"type":"binary-expr","locations":[{"start":{"line":55,"column":12},"end":{"line":55,"column":38}},{"start":{"line":55,"column":42},"end":{"line":55,"column":63}}],"line":55},"9":{"loc":{"start":{"line":59,"column":13},"end":{"line":63,"column":9}},"type":"if","locations":[{"start":{"line":59,"column":13},"end":{"line":63,"column":9}},{"start":{"line":59,"column":13},"end":{"line":63,"column":9}}],"line":59},"10":{"loc":{"start":{"line":88,"column":16},"end":{"line":89,"column":70}},"type":"if","locations":[{"start":{"line":88,"column":16},"end":{"line":89,"column":70}},{"start":{"line":88,"column":16},"end":{"line":89,"column":70}}],"line":88}},"s":{"0":0,"1":0,"2":0,"3":0,"4":0,"5":0,"6":0,"7":0,"8":0,"9":0,"10":0,"11":0,"12":0,"13":0,"14":0,"15":0,"16":0,"17":0,"18":0,"19":0,"20":0,"21":0,"22":0,"23":0,"24":0,"25":0,"26":0,"27":0,"28":0,"29":0,"30":0,"31":0,"32":0,"33":0,"34":0,"35":0,"36":0,"37":0,"38":0,"39":0,"40":0,"41":0},"f":{"0":0,"1":0,"2":0,"3":0,"4":0,"5":0,"6":0,"7":0},"b":{"0":[0,0],"1":[0,0],"2":[0,0],"3":[0,0],"4":[0,0],"5":[0,0],"6":[0,0],"7":[0,0],"8":[0,0],"9":[0,0],"10":[0,0]}},"/Users/ikram/Documents/TP3_4420A/routes/rest/feed.js":{"path":"/Users/ikram/Documents/TP3_4420A/routes/rest/feed.js","statementMap":{"0":{"start":{"line":1,"column":16},"end":{"line":1,"column":34}},"1":{"start":{"line":3,"column":0},"end":{"line":30,"column":1}},"2":{"start":{"line":4,"column":17},"end":{"line":4,"column":33}},"3":{"start":{"line":6,"column":2},"end":{"line":27,"column":3}},"4":{"start":{"line":8,"column":7},"end":{"line":24,"column":8}},"5":{"start":{"line":11,"column":8},"end":{"line":23,"column":36}},"6":{"start":{"line":14,"column":10},"end":{"line":19,"column":89}},"7":{"start":{"line":15,"column":12},"end":{"line":15,"column":61}},"8":{"start":{"line":19,"column":12},"end":{"line":19,"column":89}},"9":{"start":{"line":23,"column":10},"end":{"line":23,"column":36}},"10":{"start":{"line":29,"column":2},"end":{"line":29,"column":15}}},"fnMap":{"0":{"name":"(anonymous_0)","decl":{"start":{"line":3,"column":17},"end":{"line":3,"column":18}},"loc":{"start":{"line":3,"column":32},"end":{"line":30,"column":1}},"line":3},"1":{"name":"(anonymous_1)","decl":{"start":{"line":6,"column":19},"end":{"line":6,"column":20}},"loc":{"start":{"line":6,"column":38},"end":{"line":26,"column":3}},"line":6},"2":{"name":"(anonymous_2)","decl":{"start":{"line":8,"column":61},"end":{"line":8,"column":62}},"loc":{"start":{"line":9,"column":6},"end":{"line":24,"column":7}},"line":9}},"branchMap":{"0":{"loc":{"start":{"line":11,"column":8},"end":{"line":23,"column":36}},"type":"if","locations":[{"start":{"line":11,"column":8},"end":{"line":23,"column":36}},{"start":{"line":11,"column":8},"end":{"line":23,"column":36}}],"line":11},"1":{"loc":{"start":{"line":14,"column":10},"end":{"line":19,"column":89}},"type":"if","locations":[{"start":{"line":14,"column":10},"end":{"line":19,"column":89}},{"start":{"line":14,"column":10},"end":{"line":19,"column":89}}],"line":14},"2":{"loc":{"start":{"line":14,"column":14},"end":{"line":14,"column":147}},"type":"binary-expr","locations":[{"start":{"line":14,"column":14},"end":{"line":14,"column":44}},{"start":{"line":14,"column":48},"end":{"line":14,"column":88}},{"start":{"line":14,"column":92},"end":{"line":14,"column":147}}],"line":14}},"s":{"0":0,"1":0,"2":0,"3":0,"4":0,"5":0,"6":0,"7":0,"8":0,"9":0,"10":0},"f":{"0":0,"1":0,"2":0},"b":{"0":[0,0],"1":[0,0],"2":[0,0,0]}},"/Users/ikram/Documents/TP3_4420A/routes/rest/index.js":{"path":"/Users/ikram/Documents/TP3_4420A/routes/rest/index.js","statementMap":{"0":{"start":{"line":1,"column":16},"end":{"line":1,"column":34}},"1":{"start":{"line":2,"column":15},"end":{"line":2,"column":31}},"2":{"start":{"line":4,"column":0},"end":{"line":16,"column":1}},"3":{"start":{"line":6,"column":18},"end":{"line":6,"column":69}},"4":{"start":{"line":9,"column":2},"end":{"line":9,"column":54}},"5":{"start":{"line":10,"column":2},"end":{"line":10,"column":63}},"6":{"start":{"line":11,"column":2},"end":{"line":11,"column":88}},"7":{"start":{"line":12,"column":2},"end":{"line":12,"column":88}},"8":{"start":{"line":13,"column":2},"end":{"line":13,"column":78}},"9":{"start":{"line":15,"column":2},"end":{"line":15,"column":31}}},"fnMap":{"0":{"name":"(anonymous_0)","decl":{"start":{"line":4,"column":17},"end":{"line":4,"column":18}},"loc":{"start":{"line":4,"column":37},"end":{"line":16,"column":1}},"line":4}},"branchMap":{},"s":{"0":0,"1":0,"2":0,"3":0,"4":0,"5":0,"6":0,"7":0,"8":0,"9":0},"f":{"0":0},"b":{}},"/Users/ikram/Documents/TP3_4420A/routes/rest/members.js":{"path":"/Users/ikram/Documents/TP3_4420A/routes/rest/members.js","statementMap":{"0":{"start":{"line":1,"column":16},"end":{"line":1,"column":34}},"1":{"start":{"line":3,"column":0},"end":{"line":25,"column":1}},"2":{"start":{"line":4,"column":17},"end":{"line":4,"column":33}},"3":{"start":{"line":6,"column":2},"end":{"line":21,"column":7}},"4":{"start":{"line":8,"column":4},"end":{"line":21,"column":5}},"5":{"start":{"line":11,"column":6},"end":{"line":17,"column":37}},"6":{"start":{"line":12,"column":8},"end":{"line":15,"column":88}},"7":{"start":{"line":13,"column":10},"end":{"line":13,"column":57}},"8":{"start":{"line":15,"column":10},"end":{"line":15,"column":88}},"9":{"start":{"line":17,"column":8},"end":{"line":17,"column":37}},"10":{"start":{"line":24,"column":0},"end":{"line":24,"column":13}}},"fnMap":{"0":{"name":"(anonymous_0)","decl":{"start":{"line":3,"column":17},"end":{"line":3,"column":18}},"loc":{"start":{"line":3,"column":32},"end":{"line":25,"column":1}},"line":3},"1":{"name":"(anonymous_1)","decl":{"start":{"line":6,"column":18},"end":{"line":6,"column":19}},"loc":{"start":{"line":6,"column":38},"end":{"line":21,"column":6}},"line":6},"2":{"name":"(anonymous_2)","decl":{"start":{"line":8,"column":31},"end":{"line":8,"column":32}},"loc":{"start":{"line":9,"column":4},"end":{"line":19,"column":5}},"line":9}},"branchMap":{"0":{"loc":{"start":{"line":11,"column":6},"end":{"line":17,"column":37}},"type":"if","locations":[{"start":{"line":11,"column":6},"end":{"line":17,"column":37}},{"start":{"line":11,"column":6},"end":{"line":17,"column":37}}],"line":11},"1":{"loc":{"start":{"line":12,"column":8},"end":{"line":15,"column":88}},"type":"if","locations":[{"start":{"line":12,"column":8},"end":{"line":15,"column":88}},{"start":{"line":12,"column":8},"end":{"line":15,"column":88}}],"line":12},"2":{"loc":{"start":{"line":12,"column":12},"end":{"line":12,"column":113}},"type":"binary-expr","locations":[{"start":{"line":12,"column":12},"end":{"line":12,"column":52}},{"start":{"line":12,"column":56},"end":{"line":12,"column":113}}],"line":12}},"s":{"0":0,"1":0,"2":0,"3":0,"4":0,"5":0,"6":0,"7":0,"8":0,"9":0,"10":0},"f":{"0":0,"1":0,"2":0},"b":{"0":[0,0],"1":[0,0],"2":[0,0]}},"/Users/ikram/Documents/TP3_4420A/routes/rest/projects.js":{"path":"/Users/ikram/Documents/TP3_4420A/routes/rest/projects.js","statementMap":{"0":{"start":{"line":1,"column":16},"end":{"line":1,"column":34}},"1":{"start":{"line":2,"column":14},"end":{"line":2,"column":30}},"2":{"start":{"line":3,"column":15},"end":{"line":3,"column":32}},"3":{"start":{"line":5,"column":0},"end":{"line":87,"column":1}},"4":{"start":{"line":6,"column":17},"end":{"line":6,"column":33}},"5":{"start":{"line":9,"column":2},"end":{"line":27,"column":7}},"6":{"start":{"line":11,"column":4},"end":{"line":27,"column":5}},"7":{"start":{"line":14,"column":6},"end":{"line":24,"column":34}},"8":{"start":{"line":16,"column":8},"end":{"line":19,"column":90}},"9":{"start":{"line":17,"column":10},"end":{"line":17,"column":56}},"10":{"start":{"line":19,"column":10},"end":{"line":19,"column":90}},"11":{"start":{"line":24,"column":8},"end":{"line":24,"column":34}},"12":{"start":{"line":29,"column":2},"end":{"line":84,"column":5}},"13":{"start":{"line":32,"column":4},"end":{"line":81,"column":5}},"14":{"start":{"line":37,"column":6},"end":{"line":77,"column":8}},"15":{"start":{"line":42,"column":10},"end":{"line":56,"column":11}},"16":{"start":{"line":43,"column":12},"end":{"line":46,"column":111}},"17":{"start":{"line":44,"column":14},"end":{"line":44,"column":60}},"18":{"start":{"line":46,"column":14},"end":{"line":46,"column":111}},"19":{"start":{"line":51,"column":12},"end":{"line":55,"column":93}},"20":{"start":{"line":52,"column":14},"end":{"line":52,"column":60}},"21":{"start":{"line":55,"column":14},"end":{"line":55,"column":93}},"22":{"start":{"line":61,"column":8},"end":{"line":77,"column":8}},"23":{"start":{"line":62,"column":10},"end":{"line":73,"column":62}},"24":{"start":{"line":64,"column":12},"end":{"line":68,"column":93}},"25":{"start":{"line":65,"column":14},"end":{"line":65,"column":60}},"26":{"start":{"line":68,"column":14},"end":{"line":68,"column":93}},"27":{"start":{"line":73,"column":12},"end":{"line":73,"column":62}},"28":{"start":{"line":75,"column":12},"end":{"line":75,"column":44}},"29":{"start":{"line":86,"column":2},"end":{"line":86,"column":15}}},"fnMap":{"0":{"name":"(anonymous_0)","decl":{"start":{"line":5,"column":17},"end":{"line":5,"column":18}},"loc":{"start":{"line":5,"column":58},"end":{"line":87,"column":1}},"line":5},"1":{"name":"(anonymous_1)","decl":{"start":{"line":9,"column":18},"end":{"line":9,"column":19}},"loc":{"start":{"line":9,"column":38},"end":{"line":27,"column":6}},"line":9},"2":{"name":"(anonymous_2)","decl":{"start":{"line":11,"column":49},"end":{"line":11,"column":50}},"loc":{"start":{"line":12,"column":4},"end":{"line":25,"column":5}},"line":12},"3":{"name":"(anonymous_3)","decl":{"start":{"line":29,"column":20},"end":{"line":29,"column":21}},"loc":{"start":{"line":29,"column":40},"end":{"line":82,"column":3}},"line":29},"4":{"name":"(anonymous_4)","decl":{"start":{"line":32,"column":88},"end":{"line":32,"column":89}},"loc":{"start":{"line":35,"column":4},"end":{"line":79,"column":5}},"line":35},"5":{"name":"(anonymous_5)","decl":{"start":{"line":61,"column":67},"end":{"line":61,"column":68}},"loc":{"start":{"line":61,"column":79},"end":{"line":77,"column":7}},"line":61}},"branchMap":{"0":{"loc":{"start":{"line":14,"column":6},"end":{"line":24,"column":34}},"type":"if","locations":[{"start":{"line":14,"column":6},"end":{"line":24,"column":34}},{"start":{"line":14,"column":6},"end":{"line":24,"column":34}}],"line":14},"1":{"loc":{"start":{"line":16,"column":8},"end":{"line":19,"column":90}},"type":"if","locations":[{"start":{"line":16,"column":8},"end":{"line":19,"column":90}},{"start":{"line":16,"column":8},"end":{"line":19,"column":90}}],"line":16},"2":{"loc":{"start":{"line":16,"column":12},"end":{"line":16,"column":148}},"type":"binary-expr","locations":[{"start":{"line":16,"column":12},"end":{"line":16,"column":42}},{"start":{"line":16,"column":46},"end":{"line":16,"column":86}},{"start":{"line":16,"column":90},"end":{"line":16,"column":148}}],"line":16},"3":{"loc":{"start":{"line":37,"column":6},"end":{"line":77,"column":8}},"type":"if","locations":[{"start":{"line":37,"column":6},"end":{"line":77,"column":8}},{"start":{"line":37,"column":6},"end":{"line":77,"column":8}}],"line":37},"4":{"loc":{"start":{"line":42,"column":10},"end":{"line":56,"column":11}},"type":"if","locations":[{"start":{"line":42,"column":10},"end":{"line":56,"column":11}},{"start":{"line":42,"column":10},"end":{"line":56,"column":11}}],"line":42},"5":{"loc":{"start":{"line":43,"column":12},"end":{"line":46,"column":111}},"type":"if","locations":[{"start":{"line":43,"column":12},"end":{"line":46,"column":111}},{"start":{"line":43,"column":12},"end":{"line":46,"column":111}}],"line":43},"6":{"loc":{"start":{"line":43,"column":16},"end":{"line":43,"column":121}},"type":"binary-expr","locations":[{"start":{"line":43,"column":16},"end":{"line":43,"column":56}},{"start":{"line":43,"column":60},"end":{"line":43,"column":121}}],"line":43},"7":{"loc":{"start":{"line":51,"column":12},"end":{"line":55,"column":93}},"type":"if","locations":[{"start":{"line":51,"column":12},"end":{"line":55,"column":93}},{"start":{"line":51,"column":12},"end":{"line":55,"column":93}}],"line":51},"8":{"loc":{"start":{"line":51,"column":16},"end":{"line":51,"column":117}},"type":"binary-expr","locations":[{"start":{"line":51,"column":16},"end":{"line":51,"column":56}},{"start":{"line":51,"column":60},"end":{"line":51,"column":117}}],"line":51},"9":{"loc":{"start":{"line":62,"column":10},"end":{"line":73,"column":62}},"type":"if","locations":[{"start":{"line":62,"column":10},"end":{"line":73,"column":62}},{"start":{"line":62,"column":10},"end":{"line":73,"column":62}}],"line":62},"10":{"loc":{"start":{"line":64,"column":12},"end":{"line":68,"column":93}},"type":"if","locations":[{"start":{"line":64,"column":12},"end":{"line":68,"column":93}},{"start":{"line":64,"column":12},"end":{"line":68,"column":93}}],"line":64},"11":{"loc":{"start":{"line":64,"column":16},"end":{"line":64,"column":117}},"type":"binary-expr","locations":[{"start":{"line":64,"column":16},"end":{"line":64,"column":56}},{"start":{"line":64,"column":60},"end":{"line":64,"column":117}}],"line":64}},"s":{"0":0,"1":0,"2":0,"3":0,"4":0,"5":0,"6":0,"7":0,"8":0,"9":0,"10":0,"11":0,"12":0,"13":0,"14":0,"15":0,"16":0,"17":0,"18":0,"19":0,"20":0,"21":0,"22":0,"23":0,"24":0,"25":0,"26":0,"27":0,"28":0,"29":0},"f":{"0":0,"1":0,"2":0,"3":0,"4":0,"5":0},"b":{"0":[0,0],"1":[0,0],"2":[0,0,0],"3":[0,0],"4":[0,0],"5":[0,0],"6":[0,0],"7":[0,0],"8":[0,0],"9":[0,0],"10":[0,0],"11":[0,0]}},"/Users/ikram/Documents/TP3_4420A/routes/rest/publications.js":{"path":"/Users/ikram/Documents/TP3_4420A/routes/rest/publications.js","statementMap":{"0":{"start":{"line":1,"column":16},"end":{"line":1,"column":34}},"1":{"start":{"line":2,"column":14},"end":{"line":2,"column":30}},"2":{"start":{"line":4,"column":0},"end":{"line":226,"column":1}},"3":{"start":{"line":5,"column":15},"end":{"line":5,"column":31}},"4":{"start":{"line":9,"column":13},"end":{"line":9,"column":15}},"5":{"start":{"line":10,"column":14},"end":{"line":10,"column":22}},"6":{"start":{"line":13,"column":2},"end":{"line":78,"column":3}},"7":{"start":{"line":15,"column":4},"end":{"line":19,"column":5}},"8":{"start":{"line":18,"column":6},"end":{"line":18,"column":69}},"9":{"start":{"line":26,"column":4},"end":{"line":35,"column":7}},"10":{"start":{"line":28,"column":8},"end":{"line":33,"column":9}},"11":{"start":{"line":31,"column":10},"end":{"line":31,"column":68}},"12":{"start":{"line":38,"column":4},"end":{"line":45,"column":7}},"13":{"start":{"line":40,"column":8},"end":{"line":44,"column":9}},"14":{"start":{"line":43,"column":10},"end":{"line":43,"column":68}},"15":{"start":{"line":47,"column":4},"end":{"line":53,"column":9}},"16":{"start":{"line":49,"column":6},"end":{"line":53,"column":9}},"17":{"start":{"line":52,"column":10},"end":{"line":52,"column":67}},"18":{"start":{"line":56,"column":4},"end":{"line":66,"column":7}},"19":{"start":{"line":58,"column":8},"end":{"line":64,"column":9}},"20":{"start":{"line":61,"column":10},"end":{"line":61,"column":75}},"21":{"start":{"line":69,"column":4},"end":{"line":76,"column":7}},"22":{"start":{"line":70,"column":6},"end":{"line":76,"column":7}},"23":{"start":{"line":73,"column":8},"end":{"line":73,"column":75}},"24":{"start":{"line":82,"column":2},"end":{"line":82,"column":13}},"25":{"start":{"line":86,"column":2},"end":{"line":154,"column":4}},"26":{"start":{"line":88,"column":18},"end":{"line":88,"column":35}},"27":{"start":{"line":89,"column":18},"end":{"line":89,"column":36}},"28":{"start":{"line":90,"column":14},"end":{"line":90,"column":16}},"29":{"start":{"line":92,"column":4},"end":{"line":98,"column":34}},"30":{"start":{"line":93,"column":6},"end":{"line":96,"column":54}},"31":{"start":{"line":94,"column":8},"end":{"line":94,"column":35}},"32":{"start":{"line":96,"column":8},"end":{"line":96,"column":54}},"33":{"start":{"line":98,"column":8},"end":{"line":98,"column":34}},"34":{"start":{"line":101,"column":6},"end":{"line":107,"column":7}},"35":{"start":{"line":113,"column":4},"end":{"line":152,"column":7}},"36":{"start":{"line":115,"column":6},"end":{"line":150,"column":34}},"37":{"start":{"line":117,"column":8},"end":{"line":121,"column":88}},"38":{"start":{"line":118,"column":10},"end":{"line":118,"column":58}},"39":{"start":{"line":121,"column":10},"end":{"line":121,"column":88}},"40":{"start":{"line":128,"column":8},"end":{"line":150,"column":34}},"41":{"start":{"line":130,"column":11},"end":{"line":145,"column":13}},"42":{"start":{"line":134,"column":12},"end":{"line":139,"column":15}},"43":{"start":{"line":135,"column":14},"end":{"line":139,"column":15}},"44":{"start":{"line":142,"column":16},"end":{"line":142,"column":42}},"45":{"start":{"line":150,"column":18},"end":{"line":150,"column":33}},"46":{"start":{"line":159,"column":3},"end":{"line":195,"column":4}},"47":{"start":{"line":162,"column":4},"end":{"line":194,"column":9}},"48":{"start":{"line":165,"column":6},"end":{"line":187,"column":9}},"49":{"start":{"line":170,"column":10},"end":{"line":173,"column":93}},"50":{"start":{"line":171,"column":12},"end":{"line":171,"column":61}},"51":{"start":{"line":173,"column":12},"end":{"line":173,"column":93}},"52":{"start":{"line":179,"column":28},"end":{"line":179,"column":54}},"53":{"start":{"line":181,"column":9},"end":{"line":185,"column":38}},"54":{"start":{"line":182,"column":12},"end":{"line":182,"column":56}},"55":{"start":{"line":185,"column":12},"end":{"line":185,"column":38}},"56":{"start":{"line":198,"column":2},"end":{"line":223,"column":4}},"57":{"start":{"line":200,"column":4},"end":{"line":222,"column":4}},"58":{"start":{"line":201,"column":4},"end":{"line":221,"column":34}},"59":{"start":{"line":203,"column":6},"end":{"line":218,"column":95}},"60":{"start":{"line":205,"column":10},"end":{"line":208,"column":97}},"61":{"start":{"line":206,"column":12},"end":{"line":206,"column":58}},"62":{"start":{"line":208,"column":12},"end":{"line":208,"column":97}},"63":{"start":{"line":214,"column":8},"end":{"line":218,"column":95}},"64":{"start":{"line":215,"column":10},"end":{"line":215,"column":56}},"65":{"start":{"line":218,"column":10},"end":{"line":218,"column":95}},"66":{"start":{"line":221,"column":6},"end":{"line":221,"column":34}},"67":{"start":{"line":225,"column":2},"end":{"line":225,"column":15}}},"fnMap":{"0":{"name":"(anonymous_0)","decl":{"start":{"line":4,"column":17},"end":{"line":4,"column":18}},"loc":{"start":{"line":4,"column":39},"end":{"line":226,"column":1}},"line":4},"1":{"name":"handelError","decl":{"start":{"line":8,"column":9},"end":{"line":8,"column":20}},"loc":{"start":{"line":8,"column":35},"end":{"line":83,"column":1}},"line":8},"2":{"name":"(anonymous_2)","decl":{"start":{"line":86,"column":17},"end":{"line":86,"column":18}},"loc":{"start":{"line":86,"column":33},"end":{"line":154,"column":3}},"line":86},"3":{"name":"(anonymous_3)","decl":{"start":{"line":113,"column":54},"end":{"line":113,"column":55}},"loc":{"start":{"line":113,"column":74},"end":{"line":151,"column":5}},"line":113},"4":{"name":"(anonymous_4)","decl":{"start":{"line":130,"column":60},"end":{"line":130,"column":61}},"loc":{"start":{"line":130,"column":77},"end":{"line":145,"column":11}},"line":130},"5":{"name":"(anonymous_5)","decl":{"start":{"line":159,"column":21},"end":{"line":159,"column":22}},"loc":{"start":{"line":159,"column":37},"end":{"line":195,"column":3}},"line":159},"6":{"name":"(anonymous_6)","decl":{"start":{"line":162,"column":51},"end":{"line":162,"column":52}},"loc":{"start":{"line":162,"column":64},"end":{"line":194,"column":6}},"line":162},"7":{"name":"(anonymous_7)","decl":{"start":{"line":198,"column":23},"end":{"line":198,"column":24}},"loc":{"start":{"line":198,"column":39},"end":{"line":223,"column":3}},"line":198},"8":{"name":"(anonymous_8)","decl":{"start":{"line":200,"column":56},"end":{"line":200,"column":57}},"loc":{"start":{"line":200,"column":76},"end":{"line":222,"column":3}},"line":200}},"branchMap":{"0":{"loc":{"start":{"line":13,"column":2},"end":{"line":78,"column":3}},"type":"if","locations":[{"start":{"line":13,"column":2},"end":{"line":78,"column":3}},{"start":{"line":13,"column":2},"end":{"line":78,"column":3}}],"line":13},"1":{"loc":{"start":{"line":13,"column":6},"end":{"line":13,"column":41}},"type":"binary-expr","locations":[{"start":{"line":13,"column":6},"end":{"line":13,"column":24}},{"start":{"line":13,"column":28},"end":{"line":13,"column":41}}],"line":13},"2":{"loc":{"start":{"line":15,"column":4},"end":{"line":19,"column":5}},"type":"if","locations":[{"start":{"line":15,"column":4},"end":{"line":19,"column":5}},{"start":{"line":15,"column":4},"end":{"line":19,"column":5}}],"line":15},"3":{"loc":{"start":{"line":15,"column":8},"end":{"line":15,"column":118}},"type":"binary-expr","locations":[{"start":{"line":15,"column":8},"end":{"line":15,"column":48}},{"start":{"line":15,"column":52},"end":{"line":15,"column":118}}],"line":15},"4":{"loc":{"start":{"line":26,"column":4},"end":{"line":35,"column":7}},"type":"if","locations":[{"start":{"line":26,"column":4},"end":{"line":35,"column":7}},{"start":{"line":26,"column":4},"end":{"line":35,"column":7}}],"line":26},"5":{"loc":{"start":{"line":28,"column":8},"end":{"line":33,"column":9}},"type":"if","locations":[{"start":{"line":28,"column":8},"end":{"line":33,"column":9}},{"start":{"line":28,"column":8},"end":{"line":33,"column":9}}],"line":28},"6":{"loc":{"start":{"line":28,"column":13},"end":{"line":28,"column":118}},"type":"binary-expr","locations":[{"start":{"line":28,"column":13},"end":{"line":28,"column":53}},{"start":{"line":28,"column":57},"end":{"line":28,"column":118}}],"line":28},"7":{"loc":{"start":{"line":38,"column":4},"end":{"line":45,"column":7}},"type":"if","locations":[{"start":{"line":38,"column":4},"end":{"line":45,"column":7}},{"start":{"line":38,"column":4},"end":{"line":45,"column":7}}],"line":38},"8":{"loc":{"start":{"line":38,"column":8},"end":{"line":38,"column":66}},"type":"binary-expr","locations":[{"start":{"line":38,"column":8},"end":{"line":38,"column":31}},{"start":{"line":38,"column":35},"end":{"line":38,"column":51}},{"start":{"line":38,"column":55},"end":{"line":38,"column":66}}],"line":38},"9":{"loc":{"start":{"line":40,"column":8},"end":{"line":44,"column":9}},"type":"if","locations":[{"start":{"line":40,"column":8},"end":{"line":44,"column":9}},{"start":{"line":40,"column":8},"end":{"line":44,"column":9}}],"line":40},"10":{"loc":{"start":{"line":40,"column":12},"end":{"line":40,"column":117}},"type":"binary-expr","locations":[{"start":{"line":40,"column":12},"end":{"line":40,"column":52}},{"start":{"line":40,"column":56},"end":{"line":40,"column":117}}],"line":40},"11":{"loc":{"start":{"line":47,"column":4},"end":{"line":53,"column":9}},"type":"if","locations":[{"start":{"line":47,"column":4},"end":{"line":53,"column":9}},{"start":{"line":47,"column":4},"end":{"line":53,"column":9}}],"line":47},"12":{"loc":{"start":{"line":47,"column":8},"end":{"line":47,"column":86}},"type":"binary-expr","locations":[{"start":{"line":47,"column":8},"end":{"line":47,"column":32}},{"start":{"line":47,"column":36},"end":{"line":47,"column":53}},{"start":{"line":47,"column":57},"end":{"line":47,"column":69}},{"start":{"line":47,"column":73},"end":{"line":47,"column":86}}],"line":47},"13":{"loc":{"start":{"line":49,"column":6},"end":{"line":53,"column":9}},"type":"if","locations":[{"start":{"line":49,"column":6},"end":{"line":53,"column":9}},{"start":{"line":49,"column":6},"end":{"line":53,"column":9}}],"line":49},"14":{"loc":{"start":{"line":49,"column":10},"end":{"line":49,"column":114}},"type":"binary-expr","locations":[{"start":{"line":49,"column":10},"end":{"line":49,"column":50}},{"start":{"line":49,"column":54},"end":{"line":49,"column":114}}],"line":49},"15":{"loc":{"start":{"line":56,"column":4},"end":{"line":66,"column":7}},"type":"if","locations":[{"start":{"line":56,"column":4},"end":{"line":66,"column":7}},{"start":{"line":56,"column":4},"end":{"line":66,"column":7}}],"line":56},"16":{"loc":{"start":{"line":56,"column":9},"end":{"line":56,"column":60}},"type":"binary-expr","locations":[{"start":{"line":56,"column":9},"end":{"line":56,"column":33}},{"start":{"line":56,"column":37},"end":{"line":56,"column":60}}],"line":56},"17":{"loc":{"start":{"line":58,"column":8},"end":{"line":64,"column":9}},"type":"if","locations":[{"start":{"line":58,"column":8},"end":{"line":64,"column":9}},{"start":{"line":58,"column":8},"end":{"line":64,"column":9}}],"line":58},"18":{"loc":{"start":{"line":58,"column":12},"end":{"line":58,"column":124}},"type":"binary-expr","locations":[{"start":{"line":58,"column":12},"end":{"line":58,"column":52}},{"start":{"line":58,"column":56},"end":{"line":58,"column":124}}],"line":58},"19":{"loc":{"start":{"line":69,"column":4},"end":{"line":76,"column":7}},"type":"if","locations":[{"start":{"line":69,"column":4},"end":{"line":76,"column":7}},{"start":{"line":69,"column":4},"end":{"line":76,"column":7}}],"line":69},"20":{"loc":{"start":{"line":69,"column":9},"end":{"line":69,"column":60}},"type":"binary-expr","locations":[{"start":{"line":69,"column":9},"end":{"line":69,"column":33}},{"start":{"line":69,"column":37},"end":{"line":69,"column":60}}],"line":69},"21":{"loc":{"start":{"line":70,"column":6},"end":{"line":76,"column":7}},"type":"if","locations":[{"start":{"line":70,"column":6},"end":{"line":76,"column":7}},{"start":{"line":70,"column":6},"end":{"line":76,"column":7}}],"line":70},"22":{"loc":{"start":{"line":70,"column":10},"end":{"line":70,"column":124}},"type":"binary-expr","locations":[{"start":{"line":70,"column":10},"end":{"line":70,"column":50}},{"start":{"line":70,"column":54},"end":{"line":70,"column":124}}],"line":70},"23":{"loc":{"start":{"line":92,"column":4},"end":{"line":98,"column":34}},"type":"if","locations":[{"start":{"line":92,"column":4},"end":{"line":98,"column":34}},{"start":{"line":92,"column":4},"end":{"line":98,"column":34}}],"line":92},"24":{"loc":{"start":{"line":92,"column":8},"end":{"line":92,"column":26}},"type":"binary-expr","locations":[{"start":{"line":92,"column":8},"end":{"line":92,"column":14}},{"start":{"line":92,"column":19},"end":{"line":92,"column":26}}],"line":92},"25":{"loc":{"start":{"line":93,"column":6},"end":{"line":96,"column":54}},"type":"if","locations":[{"start":{"line":93,"column":6},"end":{"line":96,"column":54}},{"start":{"line":93,"column":6},"end":{"line":96,"column":54}}],"line":93},"26":{"loc":{"start":{"line":103,"column":22},"end":{"line":103,"column":59}},"type":"cond-expr","locations":[{"start":{"line":103,"column":41},"end":{"line":103,"column":55}},{"start":{"line":103,"column":58},"end":{"line":103,"column":59}}],"line":103},"27":{"loc":{"start":{"line":104,"column":17},"end":{"line":104,"column":57}},"type":"cond-expr","locations":[{"start":{"line":104,"column":37},"end":{"line":104,"column":52}},{"start":{"line":104,"column":55},"end":{"line":104,"column":57}}],"line":104},"28":{"loc":{"start":{"line":115,"column":6},"end":{"line":150,"column":34}},"type":"if","locations":[{"start":{"line":115,"column":6},"end":{"line":150,"column":34}},{"start":{"line":115,"column":6},"end":{"line":150,"column":34}}],"line":115},"29":{"loc":{"start":{"line":117,"column":8},"end":{"line":121,"column":88}},"type":"if","locations":[{"start":{"line":117,"column":8},"end":{"line":121,"column":88}},{"start":{"line":117,"column":8},"end":{"line":121,"column":88}}],"line":117},"30":{"loc":{"start":{"line":117,"column":12},"end":{"line":117,"column":110}},"type":"binary-expr","locations":[{"start":{"line":117,"column":12},"end":{"line":117,"column":52}},{"start":{"line":117,"column":56},"end":{"line":117,"column":110}}],"line":117},"31":{"loc":{"start":{"line":134,"column":12},"end":{"line":139,"column":15}},"type":"if","locations":[{"start":{"line":134,"column":12},"end":{"line":139,"column":15}},{"start":{"line":134,"column":12},"end":{"line":139,"column":15}}],"line":134},"32":{"loc":{"start":{"line":134,"column":15},"end":{"line":134,"column":58}},"type":"binary-expr","locations":[{"start":{"line":134,"column":15},"end":{"line":134,"column":34}},{"start":{"line":134,"column":38},"end":{"line":134,"column":58}}],"line":134},"33":{"loc":{"start":{"line":165,"column":6},"end":{"line":187,"column":9}},"type":"if","locations":[{"start":{"line":165,"column":6},"end":{"line":187,"column":9}},{"start":{"line":165,"column":6},"end":{"line":187,"column":9}}],"line":165},"34":{"loc":{"start":{"line":170,"column":10},"end":{"line":173,"column":93}},"type":"if","locations":[{"start":{"line":170,"column":10},"end":{"line":173,"column":93}},{"start":{"line":170,"column":10},"end":{"line":173,"column":93}}],"line":170},"35":{"loc":{"start":{"line":170,"column":14},"end":{"line":170,"column":105}},"type":"binary-expr","locations":[{"start":{"line":170,"column":14},"end":{"line":170,"column":54}},{"start":{"line":170,"column":59},"end":{"line":170,"column":105}}],"line":170},"36":{"loc":{"start":{"line":181,"column":9},"end":{"line":185,"column":38}},"type":"if","locations":[{"start":{"line":181,"column":9},"end":{"line":185,"column":38}},{"start":{"line":181,"column":9},"end":{"line":185,"column":38}}],"line":181},"37":{"loc":{"start":{"line":201,"column":4},"end":{"line":221,"column":34}},"type":"if","locations":[{"start":{"line":201,"column":4},"end":{"line":221,"column":34}},{"start":{"line":201,"column":4},"end":{"line":221,"column":34}}],"line":201},"38":{"loc":{"start":{"line":203,"column":6},"end":{"line":218,"column":95}},"type":"if","locations":[{"start":{"line":203,"column":6},"end":{"line":218,"column":95}},{"start":{"line":203,"column":6},"end":{"line":218,"column":95}}],"line":203},"39":{"loc":{"start":{"line":205,"column":10},"end":{"line":208,"column":97}},"type":"if","locations":[{"start":{"line":205,"column":10},"end":{"line":208,"column":97}},{"start":{"line":205,"column":10},"end":{"line":208,"column":97}}],"line":205},"40":{"loc":{"start":{"line":205,"column":14},"end":{"line":205,"column":105}},"type":"binary-expr","locations":[{"start":{"line":205,"column":14},"end":{"line":205,"column":54}},{"start":{"line":205,"column":59},"end":{"line":205,"column":105}}],"line":205},"41":{"loc":{"start":{"line":214,"column":8},"end":{"line":218,"column":95}},"type":"if","locations":[{"start":{"line":214,"column":8},"end":{"line":218,"column":95}},{"start":{"line":214,"column":8},"end":{"line":218,"column":95}}],"line":214},"42":{"loc":{"start":{"line":214,"column":12},"end":{"line":214,"column":103}},"type":"binary-expr","locations":[{"start":{"line":214,"column":12},"end":{"line":214,"column":52}},{"start":{"line":214,"column":57},"end":{"line":214,"column":103}}],"line":214}},"s":{"0":0,"1":0,"2":0,"3":0,"4":0,"5":0,"6":0,"7":0,"8":0,"9":0,"10":0,"11":0,"12":0,"13":0,"14":0,"15":0,"16":0,"17":0,"18":0,"19":0,"20":0,"21":0,"22":0,"23":0,"24":0,"25":0,"26":0,"27":0,"28":0,"29":0,"30":0,"31":0,"32":0,"33":0,"34":0,"35":0,"36":0,"37":0,"38":0,"39":0,"40":0,"41":0,"42":0,"43":0,"44":0,"45":0,"46":0,"47":0,"48":0,"49":0,"50":0,"51":0,"52":0,"53":0,"54":0,"55":0,"56":0,"57":0,"58":0,"59":0,"60":0,"61":0,"62":0,"63":0,"64":0,"65":0,"66":0,"67":0},"f":{"0":0,"1":0,"2":0,"3":0,"4":0,"5":0,"6":0,"7":0,"8":0},"b":{"0":[0,0],"1":[0,0],"2":[0,0],"3":[0,0],"4":[0,0],"5":[0,0],"6":[0,0],"7":[0,0],"8":[0,0,0],"9":[0,0],"10":[0,0],"11":[0,0],"12":[0,0,0,0],"13":[0,0],"14":[0,0],"15":[0,0],"16":[0,0],"17":[0,0],"18":[0,0],"19":[0,0],"20":[0,0],"21":[0,0],"22":[0,0],"23":[0,0],"24":[0,0],"25":[0,0],"26":[0,0],"27":[0,0],"28":[0,0],"29":[0,0],"30":[0,0],"31":[0,0],"32":[0,0],"33":[0,0],"34":[0,0],"35":[0,0],"36":[0,0],"37":[0,0],"38":[0,0],"39":[0,0],"40":[0,0],"41":[0,0],"42":[0,0]}},"/Users/ikram/Documents/TP3_4420A/routes/team.js":{"path":"/Users/ikram/Documents/TP3_4420A/routes/team.js","statementMap":{"0":{"start":{"line":1,"column":16},"end":{"line":1,"column":34}},"1":{"start":{"line":2,"column":15},"end":{"line":2,"column":31}},"2":{"start":{"line":3,"column":14},"end":{"line":3,"column":30}},"3":{"start":{"line":6,"column":12},"end":{"line":6,"column":47}},"4":{"start":{"line":8,"column":0},"end":{"line":24,"column":1}},"5":{"start":{"line":11,"column":4},"end":{"line":19,"column":7}},"6":{"start":{"line":12,"column":25},"end":{"line":12,"column":107}},"7":{"start":{"line":13,"column":21},"end":{"line":13,"column":34}},"8":{"start":{"line":14,"column":8},"end":{"line":14,"column":45}},"9":{"start":{"line":18,"column":10},"end":{"line":18,"column":20}},"10":{"start":{"line":25,"column":0},"end":{"line":25,"column":23}}},"fnMap":{"0":{"name":"(anonymous_0)","decl":{"start":{"line":8,"column":16},"end":{"line":8,"column":17}},"loc":{"start":{"line":8,"column":41},"end":{"line":23,"column":1}},"line":8}},"branchMap":{},"s":{"0":0,"1":0,"2":0,"3":0,"4":0,"5":0,"6":0,"7":0,"8":0,"9":0,"10":0},"f":{"0":0},"b":{}},"/Users/ikram/Documents/TP3_4420A/services/feed.js":{"path":"/Users/ikram/Documents/TP3_4420A/services/feed.js","statementMap":{"0":{"start":{"line":1,"column":14},"end":{"line":1,"column":30}},"1":{"start":{"line":20,"column":17},"end":{"line":30,"column":1}},"2":{"start":{"line":20,"column":32},"end":{"line":30,"column":1}},"3":{"start":{"line":20,"column":50},"end":{"line":30,"column":1}},"4":{"start":{"line":20,"column":62},"end":{"line":30,"column":1}},"5":{"start":{"line":20,"column":74},"end":{"line":30,"column":1}},"6":{"start":{"line":21,"column":23},"end":{"line":21,"column":90}},"7":{"start":{"line":23,"column":2},"end":{"line":29,"column":4}},"8":{"start":{"line":24,"column":4},"end":{"line":28,"column":5}},"9":{"start":{"line":25,"column":6},"end":{"line":25,"column":25}},"10":{"start":{"line":27,"column":6},"end":{"line":27,"column":53}},"11":{"start":{"line":40,"column":37},"end":{"line":45,"column":1}},"12":{"start":{"line":41,"column":16},"end":{"line":43,"column":50}},"13":{"start":{"line":42,"column":42},"end":{"line":42,"column":73}},"14":{"start":{"line":43,"column":22},"end":{"line":43,"column":49}},"15":{"start":{"line":44,"column":2},"end":{"line":44,"column":23}},"16":{"start":{"line":47,"column":0},"end":{"line":51,"column":1}},"17":{"start":{"line":48,"column":2},"end":{"line":50,"column":3}}},"fnMap":{"0":{"name":"(anonymous_0)","decl":{"start":{"line":20,"column":17},"end":{"line":20,"column":18}},"loc":{"start":{"line":20,"column":32},"end":{"line":30,"column":1}},"line":20},"1":{"name":"(anonymous_1)","decl":{"start":{"line":20,"column":32},"end":{"line":20,"column":33}},"loc":{"start":{"line":20,"column":50},"end":{"line":30,"column":1}},"line":20},"2":{"name":"(anonymous_2)","decl":{"start":{"line":20,"column":50},"end":{"line":20,"column":51}},"loc":{"start":{"line":20,"column":62},"end":{"line":30,"column":1}},"line":20},"3":{"name":"(anonymous_3)","decl":{"start":{"line":20,"column":62},"end":{"line":20,"column":63}},"loc":{"start":{"line":20,"column":74},"end":{"line":30,"column":1}},"line":20},"4":{"name":"(anonymous_4)","decl":{"start":{"line":20,"column":74},"end":{"line":20,"column":75}},"loc":{"start":{"line":20,"column":86},"end":{"line":30,"column":1}},"line":20},"5":{"name":"(anonymous_5)","decl":{"start":{"line":23,"column":102},"end":{"line":23,"column":103}},"loc":{"start":{"line":23,"column":120},"end":{"line":29,"column":3}},"line":23},"6":{"name":"(anonymous_6)","decl":{"start":{"line":40,"column":37},"end":{"line":40,"column":38}},"loc":{"start":{"line":40,"column":60},"end":{"line":45,"column":1}},"line":40},"7":{"name":"(anonymous_7)","decl":{"start":{"line":42,"column":12},"end":{"line":42,"column":13}},"loc":{"start":{"line":42,"column":42},"end":{"line":42,"column":73}},"line":42},"8":{"name":"(anonymous_8)","decl":{"start":{"line":43,"column":10},"end":{"line":43,"column":11}},"loc":{"start":{"line":43,"column":22},"end":{"line":43,"column":49}},"line":43},"9":{"name":"(anonymous_9)","decl":{"start":{"line":47,"column":17},"end":{"line":47,"column":18}},"loc":{"start":{"line":47,"column":50},"end":{"line":51,"column":1}},"line":47}},"branchMap":{"0":{"loc":{"start":{"line":24,"column":4},"end":{"line":28,"column":5}},"type":"if","locations":[{"start":{"line":24,"column":4},"end":{"line":28,"column":5}},{"start":{"line":24,"column":4},"end":{"line":28,"column":5}}],"line":24}},"s":{"0":0,"1":0,"2":0,"3":0,"4":0,"5":0,"6":0,"7":0,"8":0,"9":0,"10":0,"11":0,"12":0,"13":0,"14":0,"15":0,"16":0,"17":0},"f":{"0":0,"1":0,"2":0,"3":0,"4":0,"5":0,"6":0,"7":0,"8":0,"9":0},"b":{"0":[0,0]}},"/Users/ikram/Documents/TP3_4420A/services/mongo/factory.js":{"path":"/Users/ikram/Documents/TP3_4420A/services/mongo/factory.js","statementMap":{"0":{"start":{"line":1,"column":0},"end":{"line":10,"column":1}},"1":{"start":{"line":2,"column":2},"end":{"line":9,"column":3}}},"fnMap":{"0":{"name":"(anonymous_0)","decl":{"start":{"line":1,"column":17},"end":{"line":1,"column":18}},"loc":{"start":{"line":1,"column":23},"end":{"line":10,"column":1}},"line":1}},"branchMap":{},"s":{"0":0,"1":0},"f":{"0":0},"b":{}},"/Users/ikram/Documents/TP3_4420A/services/mongo/news.js":{"path":"/Users/ikram/Documents/TP3_4420A/services/mongo/news.js","statementMap":{"0":{"start":{"line":1,"column":15},"end":{"line":1,"column":32}},"1":{"start":{"line":2,"column":27},"end":{"line":2,"column":46}},"2":{"start":{"line":19,"column":16},"end":{"line":46,"column":1}},"3":{"start":{"line":19,"column":22},"end":{"line":46,"column":1}},"4":{"start":{"line":19,"column":34},"end":{"line":46,"column":1}},"5":{"start":{"line":21,"column":2},"end":{"line":44,"column":4}},"6":{"start":{"line":22,"column":4},"end":{"line":42,"column":5}},"7":{"start":{"line":24,"column":8},"end":{"line":24,"column":27}},"8":{"start":{"line":28,"column":23},"end":{"line":40,"column":11}},"9":{"start":{"line":30,"column":37},"end":{"line":30,"column":69}},"10":{"start":{"line":31,"column":39},"end":{"line":31,"column":90}},"11":{"start":{"line":32,"column":14},"end":{"line":38,"column":15}},"12":{"start":{"line":41,"column":10},"end":{"line":41,"column":30}},"13":{"start":{"line":48,"column":0},"end":{"line":52,"column":1}},"14":{"start":{"line":49,"column":2},"end":{"line":51,"column":3}}},"fnMap":{"0":{"name":"(anonymous_0)","decl":{"start":{"line":19,"column":16},"end":{"line":19,"column":17}},"loc":{"start":{"line":19,"column":22},"end":{"line":46,"column":1}},"line":19},"1":{"name":"(anonymous_1)","decl":{"start":{"line":19,"column":22},"end":{"line":19,"column":23}},"loc":{"start":{"line":19,"column":34},"end":{"line":46,"column":1}},"line":19},"2":{"name":"(anonymous_2)","decl":{"start":{"line":19,"column":34},"end":{"line":19,"column":35}},"loc":{"start":{"line":19,"column":46},"end":{"line":46,"column":1}},"line":19},"3":{"name":"(anonymous_3)","decl":{"start":{"line":21,"column":41},"end":{"line":21,"column":42}},"loc":{"start":{"line":21,"column":60},"end":{"line":44,"column":3}},"line":21},"4":{"name":"(anonymous_4)","decl":{"start":{"line":29,"column":17},"end":{"line":29,"column":18}},"loc":{"start":{"line":29,"column":22},"end":{"line":39,"column":13}},"line":29},"5":{"name":"(anonymous_5)","decl":{"start":{"line":48,"column":17},"end":{"line":48,"column":18}},"loc":{"start":{"line":48,"column":23},"end":{"line":52,"column":1}},"line":48}},"branchMap":{"0":{"loc":{"start":{"line":22,"column":4},"end":{"line":42,"column":5}},"type":"if","locations":[{"start":{"line":22,"column":4},"end":{"line":42,"column":5}},{"start":{"line":22,"column":4},"end":{"line":42,"column":5}}],"line":22},"1":{"loc":{"start":{"line":28,"column":24},"end":{"line":28,"column":51}},"type":"cond-expr","locations":[{"start":{"line":28,"column":42},"end":{"line":28,"column":44}},{"start":{"line":28,"column":47},"end":{"line":28,"column":51}}],"line":28}},"s":{"0":0,"1":0,"2":0,"3":0,"4":0,"5":0,"6":0,"7":0,"8":0,"9":0,"10":0,"11":0,"12":0,"13":0,"14":0},"f":{"0":0,"1":0,"2":0,"3":0,"4":0,"5":0},"b":{"0":[0,0],"1":[0,0]}},"/Users/ikram/Documents/TP3_4420A/services/mongo/projects.js":{"path":"/Users/ikram/Documents/TP3_4420A/services/mongo/projects.js","statementMap":{"0":{"start":{"line":1,"column":27},"end":{"line":1,"column":46}},"1":{"start":{"line":2,"column":17},"end":{"line":2,"column":44}},"2":{"start":{"line":19,"column":20},"end":{"line":50,"column":1}},"3":{"start":{"line":19,"column":26},"end":{"line":50,"column":1}},"4":{"start":{"line":19,"column":38},"end":{"line":50,"column":1}},"5":{"start":{"line":23,"column":2},"end":{"line":48,"column":4}},"6":{"start":{"line":25,"column":4},"end":{"line":25,"column":32}},"7":{"start":{"line":27,"column":4},"end":{"line":47,"column":5}},"8":{"start":{"line":28,"column":6},"end":{"line":28,"column":25}},"9":{"start":{"line":32,"column":23},"end":{"line":44,"column":10}},"10":{"start":{"line":35,"column":34},"end":{"line":35,"column":73}},"11":{"start":{"line":36,"column":40},"end":{"line":36,"column":85}},"12":{"start":{"line":38,"column":10},"end":{"line":43,"column":11}},"13":{"start":{"line":45,"column":6},"end":{"line":45,"column":30}},"14":{"start":{"line":69,"column":23},"end":{"line":92,"column":1}},"15":{"start":{"line":69,"column":29},"end":{"line":92,"column":1}},"16":{"start":{"line":69,"column":47},"end":{"line":92,"column":1}},"17":{"start":{"line":69,"column":59},"end":{"line":92,"column":1}},"18":{"start":{"line":69,"column":65},"end":{"line":92,"column":1}},"19":{"start":{"line":71,"column":2},"end":{"line":71,"column":30}},"20":{"start":{"line":72,"column":2},"end":{"line":90,"column":4}},"21":{"start":{"line":74,"column":4},"end":{"line":89,"column":5}},"22":{"start":{"line":76,"column":6},"end":{"line":76,"column":24}},"23":{"start":{"line":78,"column":8},"end":{"line":87,"column":9}},"24":{"start":{"line":79,"column":10},"end":{"line":79,"column":30}},"25":{"start":{"line":82,"column":27},"end":{"line":82,"column":242}},"26":{"start":{"line":83,"column":24},"end":{"line":83,"column":43}},"27":{"start":{"line":84,"column":10},"end":{"line":84,"column":34}},"28":{"start":{"line":85,"column":10},"end":{"line":85,"column":31}},"29":{"start":{"line":91,"column":2},"end":{"line":91,"column":12}},"30":{"start":{"line":94,"column":0},"end":{"line":99,"column":1}},"31":{"start":{"line":95,"column":2},"end":{"line":98,"column":3}}},"fnMap":{"0":{"name":"(anonymous_0)","decl":{"start":{"line":19,"column":20},"end":{"line":19,"column":21}},"loc":{"start":{"line":19,"column":26},"end":{"line":50,"column":1}},"line":19},"1":{"name":"(anonymous_1)","decl":{"start":{"line":19,"column":26},"end":{"line":19,"column":27}},"loc":{"start":{"line":19,"column":38},"end":{"line":50,"column":1}},"line":19},"2":{"name":"(anonymous_2)","decl":{"start":{"line":19,"column":38},"end":{"line":19,"column":39}},"loc":{"start":{"line":19,"column":50},"end":{"line":50,"column":1}},"line":19},"3":{"name":"(anonymous_3)","decl":{"start":{"line":23,"column":45},"end":{"line":23,"column":46}},"loc":{"start":{"line":23,"column":64},"end":{"line":48,"column":3}},"line":23},"4":{"name":"(anonymous_4)","decl":{"start":{"line":34,"column":13},"end":{"line":34,"column":14}},"loc":{"start":{"line":34,"column":24},"end":{"line":44,"column":9}},"line":34},"5":{"name":"(anonymous_5)","decl":{"start":{"line":69,"column":23},"end":{"line":69,"column":24}},"loc":{"start":{"line":69,"column":29},"end":{"line":92,"column":1}},"line":69},"6":{"name":"(anonymous_6)","decl":{"start":{"line":69,"column":29},"end":{"line":69,"column":30}},"loc":{"start":{"line":69,"column":47},"end":{"line":92,"column":1}},"line":69},"7":{"name":"(anonymous_7)","decl":{"start":{"line":69,"column":47},"end":{"line":69,"column":48}},"loc":{"start":{"line":69,"column":59},"end":{"line":92,"column":1}},"line":69},"8":{"name":"(anonymous_8)","decl":{"start":{"line":69,"column":59},"end":{"line":69,"column":60}},"loc":{"start":{"line":69,"column":65},"end":{"line":92,"column":1}},"line":69},"9":{"name":"(anonymous_9)","decl":{"start":{"line":69,"column":65},"end":{"line":69,"column":66}},"loc":{"start":{"line":69,"column":77},"end":{"line":92,"column":1}},"line":69},"10":{"name":"(anonymous_10)","decl":{"start":{"line":72,"column":53},"end":{"line":72,"column":54}},"loc":{"start":{"line":72,"column":66},"end":{"line":90,"column":3}},"line":72},"11":{"name":"(anonymous_11)","decl":{"start":{"line":94,"column":17},"end":{"line":94,"column":18}},"loc":{"start":{"line":94,"column":23},"end":{"line":99,"column":1}},"line":94}},"branchMap":{"0":{"loc":{"start":{"line":27,"column":4},"end":{"line":47,"column":5}},"type":"if","locations":[{"start":{"line":27,"column":4},"end":{"line":47,"column":5}},{"start":{"line":27,"column":4},"end":{"line":47,"column":5}}],"line":27},"1":{"loc":{"start":{"line":32,"column":24},"end":{"line":32,"column":51}},"type":"cond-expr","locations":[{"start":{"line":32,"column":42},"end":{"line":32,"column":44}},{"start":{"line":32,"column":47},"end":{"line":32,"column":51}}],"line":32},"2":{"loc":{"start":{"line":42,"column":26},"end":{"line":42,"column":90}},"type":"cond-expr","locations":[{"start":{"line":42,"column":65},"end":{"line":42,"column":67}},{"start":{"line":42,"column":70},"end":{"line":42,"column":90}}],"line":42},"3":{"loc":{"start":{"line":74,"column":4},"end":{"line":89,"column":5}},"type":"if","locations":[{"start":{"line":74,"column":4},"end":{"line":89,"column":5}},{"start":{"line":74,"column":4},"end":{"line":89,"column":5}}],"line":74},"4":{"loc":{"start":{"line":78,"column":8},"end":{"line":87,"column":9}},"type":"if","locations":[{"start":{"line":78,"column":8},"end":{"line":87,"column":9}},{"start":{"line":78,"column":8},"end":{"line":87,"column":9}}],"line":78},"5":{"loc":{"start":{"line":82,"column":27},"end":{"line":82,"column":242}},"type":"cond-expr","locations":[{"start":{"line":82,"column":171},"end":{"line":82,"column":188}},{"start":{"line":82,"column":191},"end":{"line":82,"column":242}}],"line":82},"6":{"loc":{"start":{"line":82,"column":27},"end":{"line":82,"column":168}},"type":"binary-expr","locations":[{"start":{"line":82,"column":27},"end":{"line":82,"column":55}},{"start":{"line":82,"column":59},"end":{"line":82,"column":99}},{"start":{"line":82,"column":103},"end":{"line":82,"column":168}}],"line":82}},"s":{"0":0,"1":0,"2":0,"3":0,"4":0,"5":0,"6":0,"7":0,"8":0,"9":0,"10":0,"11":0,"12":0,"13":0,"14":0,"15":0,"16":0,"17":0,"18":0,"19":0,"20":0,"21":0,"22":0,"23":0,"24":0,"25":0,"26":0,"27":0,"28":0,"29":0,"30":0,"31":0},"f":{"0":0,"1":0,"2":0,"3":0,"4":0,"5":0,"6":0,"7":0,"8":0,"9":0,"10":0,"11":0},"b":{"0":[0,0],"1":[0,0],"2":[0,0],"3":[0,0],"4":[0,0],"5":[0,0],"6":[0,0,0]}},"/Users/ikram/Documents/TP3_4420A/services/mongo/publication.js":{"path":"/Users/ikram/Documents/TP3_4420A/services/mongo/publication.js","statementMap":{"0":{"start":{"line":1,"column":15},"end":{"line":1,"column":32}},"1":{"start":{"line":2,"column":16},"end":{"line":2,"column":34}},"2":{"start":{"line":18,"column":32},"end":{"line":21,"column":1}},"3":{"start":{"line":18,"column":38},"end":{"line":21,"column":1}},"4":{"start":{"line":20,"column":2},"end":{"line":20,"column":19}},"5":{"start":{"line":44,"column":24},"end":{"line":47,"column":1}},"6":{"start":{"line":44,"column":30},"end":{"line":47,"column":1}},"7":{"start":{"line":44,"column":44},"end":{"line":47,"column":1}},"8":{"start":{"line":46,"column":2},"end":{"line":46,"column":20}},"9":{"start":{"line":64,"column":26},"end":{"line":67,"column":1}},"10":{"start":{"line":64,"column":32},"end":{"line":67,"column":1}},"11":{"start":{"line":64,"column":47},"end":{"line":67,"column":1}},"12":{"start":{"line":66,"column":2},"end":{"line":66,"column":12}},"13":{"start":{"line":76,"column":26},"end":{"line":79,"column":1}},"14":{"start":{"line":76,"column":32},"end":{"line":79,"column":1}},"15":{"start":{"line":76,"column":38},"end":{"line":79,"column":1}},"16":{"start":{"line":78,"column":2},"end":{"line":78,"column":12}},"17":{"start":{"line":96,"column":29},"end":{"line":99,"column":1}},"18":{"start":{"line":96,"column":35},"end":{"line":99,"column":1}},"19":{"start":{"line":96,"column":45},"end":{"line":99,"column":1}},"20":{"start":{"line":98,"column":2},"end":{"line":98,"column":20}},"21":{"start":{"line":101,"column":0},"end":{"line":109,"column":1}},"22":{"start":{"line":102,"column":2},"end":{"line":108,"column":3}}},"fnMap":{"0":{"name":"(anonymous_0)","decl":{"start":{"line":18,"column":32},"end":{"line":18,"column":33}},"loc":{"start":{"line":18,"column":38},"end":{"line":21,"column":1}},"line":18},"1":{"name":"(anonymous_1)","decl":{"start":{"line":18,"column":38},"end":{"line":18,"column":39}},"loc":{"start":{"line":18,"column":50},"end":{"line":21,"column":1}},"line":18},"2":{"name":"(anonymous_2)","decl":{"start":{"line":44,"column":24},"end":{"line":44,"column":25}},"loc":{"start":{"line":44,"column":30},"end":{"line":47,"column":1}},"line":44},"3":{"name":"(anonymous_3)","decl":{"start":{"line":44,"column":30},"end":{"line":44,"column":31}},"loc":{"start":{"line":44,"column":44},"end":{"line":47,"column":1}},"line":44},"4":{"name":"(anonymous_4)","decl":{"start":{"line":44,"column":44},"end":{"line":44,"column":45}},"loc":{"start":{"line":44,"column":56},"end":{"line":47,"column":1}},"line":44},"5":{"name":"(anonymous_5)","decl":{"start":{"line":64,"column":26},"end":{"line":64,"column":27}},"loc":{"start":{"line":64,"column":32},"end":{"line":67,"column":1}},"line":64},"6":{"name":"(anonymous_6)","decl":{"start":{"line":64,"column":32},"end":{"line":64,"column":33}},"loc":{"start":{"line":64,"column":47},"end":{"line":67,"column":1}},"line":64},"7":{"name":"(anonymous_7)","decl":{"start":{"line":64,"column":47},"end":{"line":64,"column":48}},"loc":{"start":{"line":64,"column":59},"end":{"line":67,"column":1}},"line":64},"8":{"name":"(anonymous_8)","decl":{"start":{"line":76,"column":26},"end":{"line":76,"column":27}},"loc":{"start":{"line":76,"column":32},"end":{"line":79,"column":1}},"line":76},"9":{"name":"(anonymous_9)","decl":{"start":{"line":76,"column":32},"end":{"line":76,"column":33}},"loc":{"start":{"line":76,"column":38},"end":{"line":79,"column":1}},"line":76},"10":{"name":"(anonymous_10)","decl":{"start":{"line":76,"column":38},"end":{"line":76,"column":39}},"loc":{"start":{"line":76,"column":50},"end":{"line":79,"column":1}},"line":76},"11":{"name":"(anonymous_11)","decl":{"start":{"line":96,"column":29},"end":{"line":96,"column":30}},"loc":{"start":{"line":96,"column":35},"end":{"line":99,"column":1}},"line":96},"12":{"name":"(anonymous_12)","decl":{"start":{"line":96,"column":35},"end":{"line":96,"column":36}},"loc":{"start":{"line":96,"column":45},"end":{"line":99,"column":1}},"line":96},"13":{"name":"(anonymous_13)","decl":{"start":{"line":96,"column":45},"end":{"line":96,"column":46}},"loc":{"start":{"line":96,"column":57},"end":{"line":99,"column":1}},"line":96},"14":{"name":"(anonymous_14)","decl":{"start":{"line":101,"column":17},"end":{"line":101,"column":18}},"loc":{"start":{"line":101,"column":23},"end":{"line":109,"column":1}},"line":101}},"branchMap":{},"s":{"0":0,"1":0,"2":0,"3":0,"4":0,"5":0,"6":0,"7":0,"8":0,"9":0,"10":0,"11":0,"12":0,"13":0,"14":0,"15":0,"16":0,"17":0,"18":0,"19":0,"20":0,"21":0,"22":0},"f":{"0":0,"1":0,"2":0,"3":0,"4":0,"5":0,"6":0,"7":0,"8":0,"9":0,"10":0,"11":0,"12":0,"13":0,"14":0},"b":{}},"/Users/ikram/Documents/TP3_4420A/services/mongo/seminar.js":{"path":"/Users/ikram/Documents/TP3_4420A/services/mongo/seminar.js","statementMap":{"0":{"start":{"line":1,"column":15},"end":{"line":1,"column":32}},"1":{"start":{"line":2,"column":27},"end":{"line":2,"column":46}},"2":{"start":{"line":21,"column":20},"end":{"line":24,"column":1}},"3":{"start":{"line":21,"column":26},"end":{"line":24,"column":1}},"4":{"start":{"line":21,"column":35},"end":{"line":24,"column":1}},"5":{"start":{"line":21,"column":47},"end":{"line":24,"column":1}},"6":{"start":{"line":23,"column":2},"end":{"line":23,"column":20}},"7":{"start":{"line":26,"column":0},"end":{"line":30,"column":1}},"8":{"start":{"line":27,"column":2},"end":{"line":29,"column":3}}},"fnMap":{"0":{"name":"(anonymous_0)","decl":{"start":{"line":21,"column":20},"end":{"line":21,"column":21}},"loc":{"start":{"line":21,"column":26},"end":{"line":24,"column":1}},"line":21},"1":{"name":"(anonymous_1)","decl":{"start":{"line":21,"column":26},"end":{"line":21,"column":27}},"loc":{"start":{"line":21,"column":35},"end":{"line":24,"column":1}},"line":21},"2":{"name":"(anonymous_2)","decl":{"start":{"line":21,"column":35},"end":{"line":21,"column":36}},"loc":{"start":{"line":21,"column":47},"end":{"line":24,"column":1}},"line":21},"3":{"name":"(anonymous_3)","decl":{"start":{"line":21,"column":47},"end":{"line":21,"column":48}},"loc":{"start":{"line":21,"column":59},"end":{"line":24,"column":1}},"line":21},"4":{"name":"(anonymous_4)","decl":{"start":{"line":26,"column":17},"end":{"line":26,"column":18}},"loc":{"start":{"line":26,"column":23},"end":{"line":30,"column":1}},"line":26}},"branchMap":{},"s":{"0":0,"1":0,"2":0,"3":0,"4":0,"5":0,"6":0,"7":0,"8":0},"f":{"0":0,"1":0,"2":0,"3":0,"4":0},"b":{}},"/Users/ikram/Documents/TP3_4420A/services/mongo/team.js":{"path":"/Users/ikram/Documents/TP3_4420A/services/mongo/team.js","statementMap":{"0":{"start":{"line":10,"column":23},"end":{"line":26,"column":1}},"1":{"start":{"line":10,"column":29},"end":{"line":26,"column":1}},"2":{"start":{"line":12,"column":2},"end":{"line":25,"column":5}},"3":{"start":{"line":13,"column":4},"end":{"line":24,"column":5}},"4":{"start":{"line":13,"column":13},"end":{"line":13,"column":32}},"5":{"start":{"line":15,"column":19},"end":{"line":22,"column":10}},"6":{"start":{"line":17,"column":10},"end":{"line":21,"column":11}},"7":{"start":{"line":18,"column":12},"end":{"line":18,"column":93}},"8":{"start":{"line":20,"column":12},"end":{"line":20,"column":55}},"9":{"start":{"line":23,"column":6},"end":{"line":23,"column":26}},"10":{"start":{"line":28,"column":0},"end":{"line":32,"column":1}},"11":{"start":{"line":29,"column":2},"end":{"line":31,"column":3}}},"fnMap":{"0":{"name":"(anonymous_0)","decl":{"start":{"line":10,"column":23},"end":{"line":10,"column":24}},"loc":{"start":{"line":10,"column":29},"end":{"line":26,"column":1}},"line":10},"1":{"name":"(anonymous_1)","decl":{"start":{"line":10,"column":29},"end":{"line":10,"column":30}},"loc":{"start":{"line":10,"column":41},"end":{"line":26,"column":1}},"line":10},"2":{"name":"(anonymous_2)","decl":{"start":{"line":12,"column":44},"end":{"line":12,"column":45}},"loc":{"start":{"line":12,"column":66},"end":{"line":25,"column":3}},"line":12},"3":{"name":"(anonymous_3)","decl":{"start":{"line":16,"column":14},"end":{"line":16,"column":15}},"loc":{"start":{"line":16,"column":26},"end":{"line":22,"column":9}},"line":16},"4":{"name":"(anonymous_4)","decl":{"start":{"line":28,"column":17},"end":{"line":28,"column":18}},"loc":{"start":{"line":28,"column":23},"end":{"line":32,"column":1}},"line":28}},"branchMap":{"0":{"loc":{"start":{"line":13,"column":4},"end":{"line":24,"column":5}},"type":"if","locations":[{"start":{"line":13,"column":4},"end":{"line":24,"column":5}},{"start":{"line":13,"column":4},"end":{"line":24,"column":5}}],"line":13},"1":{"loc":{"start":{"line":15,"column":20},"end":{"line":15,"column":51}},"type":"cond-expr","locations":[{"start":{"line":15,"column":40},"end":{"line":15,"column":42}},{"start":{"line":15,"column":45},"end":{"line":15,"column":51}}],"line":15},"2":{"loc":{"start":{"line":17,"column":10},"end":{"line":21,"column":11}},"type":"if","locations":[{"start":{"line":17,"column":10},"end":{"line":21,"column":11}},{"start":{"line":17,"column":10},"end":{"line":21,"column":11}}],"line":17},"3":{"loc":{"start":{"line":18,"column":19},"end":{"line":18,"column":93}},"type":"cond-expr","locations":[{"start":{"line":18,"column":51},"end":{"line":18,"column":53}},{"start":{"line":18,"column":56},"end":{"line":18,"column":93}}],"line":18},"4":{"loc":{"start":{"line":18,"column":56},"end":{"line":18,"column":93}},"type":"cond-expr","locations":[{"start":{"line":18,"column":88},"end":{"line":18,"column":89}},{"start":{"line":18,"column":92},"end":{"line":18,"column":93}}],"line":18},"5":{"loc":{"start":{"line":20,"column":19},"end":{"line":20,"column":55}},"type":"cond-expr","locations":[{"start":{"line":20,"column":49},"end":{"line":20,"column":51}},{"start":{"line":20,"column":54},"end":{"line":20,"column":55}}],"line":20}},"s":{"0":0,"1":0,"2":0,"3":0,"4":0,"5":0,"6":0,"7":0,"8":0,"9":0,"10":0,"11":0},"f":{"0":0,"1":0,"2":0,"3":0,"4":0},"b":{"0":[0,0],"1":[0,0],"2":[0,0],"3":[0,0],"4":[0,0],"5":[0,0]}},"/Users/ikram/Documents/TP3_4420A/services/utils.js":{"path":"/Users/ikram/Documents/TP3_4420A/services/utils.js","statementMap":{"0":{"start":{"line":15,"column":0},"end":{"line":23,"column":1}},"1":{"start":{"line":16,"column":2},"end":{"line":22,"column":3}},"2":{"start":{"line":17,"column":4},"end":{"line":17,"column":13}},"3":{"start":{"line":18,"column":9},"end":{"line":22,"column":3}},"4":{"start":{"line":19,"column":4},"end":{"line":19,"column":26}},"5":{"start":{"line":21,"column":4},"end":{"line":21,"column":22}}},"fnMap":{"0":{"name":"(anonymous_0)","decl":{"start":{"line":15,"column":25},"end":{"line":15,"column":26}},"loc":{"start":{"line":15,"column":46},"end":{"line":23,"column":1}},"line":15}},"branchMap":{"0":{"loc":{"start":{"line":16,"column":2},"end":{"line":22,"column":3}},"type":"if","locations":[{"start":{"line":16,"column":2},"end":{"line":22,"column":3}},{"start":{"line":16,"column":2},"end":{"line":22,"column":3}}],"line":16},"1":{"loc":{"start":{"line":18,"column":9},"end":{"line":22,"column":3}},"type":"if","locations":[{"start":{"line":18,"column":9},"end":{"line":22,"column":3}},{"start":{"line":18,"column":9},"end":{"line":22,"column":3}}],"line":18}},"s":{"0":0,"1":0,"2":0,"3":0,"4":0,"5":0},"f":{"0":0},"b":{"0":[0,0],"1":[0,0]}},"/Users/ikram/Documents/TP3_4420A/services/yaml/factory.js":{"path":"/Users/ikram/Documents/TP3_4420A/services/yaml/factory.js","statementMap":{"0":{"start":{"line":1,"column":0},"end":{"line":10,"column":1}},"1":{"start":{"line":2,"column":2},"end":{"line":9,"column":3}}},"fnMap":{"0":{"name":"(anonymous_0)","decl":{"start":{"line":1,"column":17},"end":{"line":1,"column":18}},"loc":{"start":{"line":1,"column":23},"end":{"line":10,"column":1}},"line":1}},"branchMap":{},"s":{"0":0,"1":0},"f":{"0":0},"b":{}},"/Users/ikram/Documents/TP3_4420A/services/yaml/news.js":{"path":"/Users/ikram/Documents/TP3_4420A/services/yaml/news.js","statementMap":{"0":{"start":{"line":1,"column":13},"end":{"line":1,"column":31}},"1":{"start":{"line":2,"column":15},"end":{"line":2,"column":32}},"2":{"start":{"line":3,"column":27},"end":{"line":3,"column":46}},"3":{"start":{"line":20,"column":16},"end":{"line":40,"column":1}},"4":{"start":{"line":20,"column":22},"end":{"line":40,"column":1}},"5":{"start":{"line":20,"column":34},"end":{"line":40,"column":1}},"6":{"start":{"line":21,"column":2},"end":{"line":39,"column":4}},"7":{"start":{"line":22,"column":4},"end":{"line":38,"column":5}},"8":{"start":{"line":23,"column":6},"end":{"line":23,"column":25}},"9":{"start":{"line":25,"column":29},"end":{"line":25,"column":51}},"10":{"start":{"line":26,"column":19},"end":{"line":36,"column":10}},"11":{"start":{"line":28,"column":33},"end":{"line":28,"column":65}},"12":{"start":{"line":29,"column":35},"end":{"line":29,"column":86}},"13":{"start":{"line":30,"column":10},"end":{"line":35,"column":11}},"14":{"start":{"line":37,"column":6},"end":{"line":37,"column":26}},"15":{"start":{"line":42,"column":0},"end":{"line":46,"column":1}},"16":{"start":{"line":43,"column":2},"end":{"line":45,"column":3}}},"fnMap":{"0":{"name":"(anonymous_0)","decl":{"start":{"line":20,"column":16},"end":{"line":20,"column":17}},"loc":{"start":{"line":20,"column":22},"end":{"line":40,"column":1}},"line":20},"1":{"name":"(anonymous_1)","decl":{"start":{"line":20,"column":22},"end":{"line":20,"column":23}},"loc":{"start":{"line":20,"column":34},"end":{"line":40,"column":1}},"line":20},"2":{"name":"(anonymous_2)","decl":{"start":{"line":20,"column":34},"end":{"line":20,"column":35}},"loc":{"start":{"line":20,"column":46},"end":{"line":40,"column":1}},"line":20},"3":{"name":"(anonymous_3)","decl":{"start":{"line":21,"column":41},"end":{"line":21,"column":42}},"loc":{"start":{"line":21,"column":59},"end":{"line":39,"column":3}},"line":21},"4":{"name":"(anonymous_4)","decl":{"start":{"line":27,"column":13},"end":{"line":27,"column":14}},"loc":{"start":{"line":27,"column":18},"end":{"line":36,"column":9}},"line":27},"5":{"name":"(anonymous_5)","decl":{"start":{"line":42,"column":17},"end":{"line":42,"column":18}},"loc":{"start":{"line":42,"column":23},"end":{"line":46,"column":1}},"line":42}},"branchMap":{"0":{"loc":{"start":{"line":22,"column":4},"end":{"line":38,"column":5}},"type":"if","locations":[{"start":{"line":22,"column":4},"end":{"line":38,"column":5}},{"start":{"line":22,"column":4},"end":{"line":38,"column":5}}],"line":22},"1":{"loc":{"start":{"line":26,"column":20},"end":{"line":26,"column":67}},"type":"cond-expr","locations":[{"start":{"line":26,"column":48},"end":{"line":26,"column":50}},{"start":{"line":26,"column":53},"end":{"line":26,"column":67}}],"line":26}},"s":{"0":0,"1":0,"2":0,"3":0,"4":0,"5":0,"6":0,"7":0,"8":0,"9":0,"10":0,"11":0,"12":0,"13":0,"14":0,"15":0,"16":0},"f":{"0":0,"1":0,"2":0,"3":0,"4":0,"5":0},"b":{"0":[0,0],"1":[0,0]}},"/Users/ikram/Documents/TP3_4420A/services/yaml/projects.js":{"path":"/Users/ikram/Documents/TP3_4420A/services/yaml/projects.js","statementMap":{"0":{"start":{"line":1,"column":13},"end":{"line":1,"column":31}},"1":{"start":{"line":2,"column":27},"end":{"line":2,"column":46}},"2":{"start":{"line":19,"column":20},"end":{"line":40,"column":1}},"3":{"start":{"line":19,"column":26},"end":{"line":40,"column":1}},"4":{"start":{"line":19,"column":38},"end":{"line":40,"column":1}},"5":{"start":{"line":20,"column":2},"end":{"line":39,"column":4}},"6":{"start":{"line":21,"column":4},"end":{"line":38,"column":5}},"7":{"start":{"line":22,"column":6},"end":{"line":22,"column":25}},"8":{"start":{"line":24,"column":29},"end":{"line":24,"column":51}},"9":{"start":{"line":25,"column":23},"end":{"line":36,"column":10}},"10":{"start":{"line":28,"column":34},"end":{"line":28,"column":73}},"11":{"start":{"line":29,"column":40},"end":{"line":29,"column":85}},"12":{"start":{"line":30,"column":10},"end":{"line":35,"column":11}},"13":{"start":{"line":37,"column":6},"end":{"line":37,"column":30}},"14":{"start":{"line":59,"column":23},"end":{"line":75,"column":1}},"15":{"start":{"line":59,"column":29},"end":{"line":75,"column":1}},"16":{"start":{"line":59,"column":47},"end":{"line":75,"column":1}},"17":{"start":{"line":59,"column":59},"end":{"line":75,"column":1}},"18":{"start":{"line":59,"column":65},"end":{"line":75,"column":1}},"19":{"start":{"line":60,"column":2},"end":{"line":74,"column":4}},"20":{"start":{"line":61,"column":4},"end":{"line":73,"column":5}},"21":{"start":{"line":62,"column":6},"end":{"line":62,"column":25}},"22":{"start":{"line":64,"column":25},"end":{"line":64,"column":57}},"23":{"start":{"line":64,"column":44},"end":{"line":64,"column":56}},"24":{"start":{"line":65,"column":6},"end":{"line":72,"column":7}},"25":{"start":{"line":66,"column":8},"end":{"line":66,"column":34}},"26":{"start":{"line":68,"column":25},"end":{"line":68,"column":240}},"27":{"start":{"line":69,"column":22},"end":{"line":69,"column":41}},"28":{"start":{"line":70,"column":8},"end":{"line":70,"column":32}},"29":{"start":{"line":71,"column":8},"end":{"line":71,"column":29}},"30":{"start":{"line":77,"column":0},"end":{"line":82,"column":1}},"31":{"start":{"line":78,"column":2},"end":{"line":81,"column":3}}},"fnMap":{"0":{"name":"(anonymous_0)","decl":{"start":{"line":19,"column":20},"end":{"line":19,"column":21}},"loc":{"start":{"line":19,"column":26},"end":{"line":40,"column":1}},"line":19},"1":{"name":"(anonymous_1)","decl":{"start":{"line":19,"column":26},"end":{"line":19,"column":27}},"loc":{"start":{"line":19,"column":38},"end":{"line":40,"column":1}},"line":19},"2":{"name":"(anonymous_2)","decl":{"start":{"line":19,"column":38},"end":{"line":19,"column":39}},"loc":{"start":{"line":19,"column":50},"end":{"line":40,"column":1}},"line":19},"3":{"name":"(anonymous_3)","decl":{"start":{"line":20,"column":45},"end":{"line":20,"column":46}},"loc":{"start":{"line":20,"column":63},"end":{"line":39,"column":3}},"line":20},"4":{"name":"(anonymous_4)","decl":{"start":{"line":27,"column":13},"end":{"line":27,"column":14}},"loc":{"start":{"line":27,"column":24},"end":{"line":36,"column":9}},"line":27},"5":{"name":"(anonymous_5)","decl":{"start":{"line":59,"column":23},"end":{"line":59,"column":24}},"loc":{"start":{"line":59,"column":29},"end":{"line":75,"column":1}},"line":59},"6":{"name":"(anonymous_6)","decl":{"start":{"line":59,"column":29},"end":{"line":59,"column":30}},"loc":{"start":{"line":59,"column":47},"end":{"line":75,"column":1}},"line":59},"7":{"name":"(anonymous_7)","decl":{"start":{"line":59,"column":47},"end":{"line":59,"column":48}},"loc":{"start":{"line":59,"column":59},"end":{"line":75,"column":1}},"line":59},"8":{"name":"(anonymous_8)","decl":{"start":{"line":59,"column":59},"end":{"line":59,"column":60}},"loc":{"start":{"line":59,"column":65},"end":{"line":75,"column":1}},"line":59},"9":{"name":"(anonymous_9)","decl":{"start":{"line":59,"column":65},"end":{"line":59,"column":66}},"loc":{"start":{"line":59,"column":77},"end":{"line":75,"column":1}},"line":59},"10":{"name":"(anonymous_10)","decl":{"start":{"line":60,"column":28},"end":{"line":60,"column":29}},"loc":{"start":{"line":60,"column":47},"end":{"line":74,"column":3}},"line":60},"11":{"name":"(anonymous_11)","decl":{"start":{"line":64,"column":39},"end":{"line":64,"column":40}},"loc":{"start":{"line":64,"column":44},"end":{"line":64,"column":56}},"line":64},"12":{"name":"(anonymous_12)","decl":{"start":{"line":77,"column":17},"end":{"line":77,"column":18}},"loc":{"start":{"line":77,"column":23},"end":{"line":82,"column":1}},"line":77}},"branchMap":{"0":{"loc":{"start":{"line":21,"column":4},"end":{"line":38,"column":5}},"type":"if","locations":[{"start":{"line":21,"column":4},"end":{"line":38,"column":5}},{"start":{"line":21,"column":4},"end":{"line":38,"column":5}}],"line":21},"1":{"loc":{"start":{"line":25,"column":24},"end":{"line":25,"column":71}},"type":"cond-expr","locations":[{"start":{"line":25,"column":52},"end":{"line":25,"column":54}},{"start":{"line":25,"column":57},"end":{"line":25,"column":71}}],"line":25},"2":{"loc":{"start":{"line":34,"column":26},"end":{"line":34,"column":90}},"type":"cond-expr","locations":[{"start":{"line":34,"column":65},"end":{"line":34,"column":67}},{"start":{"line":34,"column":70},"end":{"line":34,"column":90}}],"line":34},"3":{"loc":{"start":{"line":61,"column":4},"end":{"line":73,"column":5}},"type":"if","locations":[{"start":{"line":61,"column":4},"end":{"line":73,"column":5}},{"start":{"line":61,"column":4},"end":{"line":73,"column":5}}],"line":61},"4":{"loc":{"start":{"line":65,"column":6},"end":{"line":72,"column":7}},"type":"if","locations":[{"start":{"line":65,"column":6},"end":{"line":72,"column":7}},{"start":{"line":65,"column":6},"end":{"line":72,"column":7}}],"line":65},"5":{"loc":{"start":{"line":68,"column":25},"end":{"line":68,"column":240}},"type":"cond-expr","locations":[{"start":{"line":68,"column":169},"end":{"line":68,"column":186}},{"start":{"line":68,"column":189},"end":{"line":6
[...]
"line":98,"column":42},"end":{"line":98,"column":43}},"loc":{"start":{"line":98,"column":54},"end":{"line":108,"column":1}},"line":98},"16":{"name":"(anonymous_16)","decl":{"start":{"line":99,"column":35},"end":{"line":99,"column":36}},"loc":{"start":{"line":99,"column":50},"end":{"line":107,"column":3}},"line":99},"17":{"name":"(anonymous_17)","decl":{"start":{"line":117,"column":29},"end":{"line":117,"column":30}},"loc":{"start":{"line":117,"column":35},"end":{"line":127,"column":1}},"line":117},"18":{"name":"(anonymous_18)","decl":{"start":{"line":117,"column":35},"end":{"line":117,"column":36}},"loc":{"start":{"line":117,"column":45},"end":{"line":127,"column":1}},"line":117},"19":{"name":"(anonymous_19)","decl":{"start":{"line":117,"column":45},"end":{"line":117,"column":46}},"loc":{"start":{"line":117,"column":57},"end":{"line":127,"column":1}},"line":117},"20":{"name":"(anonymous_20)","decl":{"start":{"line":119,"column":26},"end":{"line":119,"column":27}},"loc":{"start":{"line":119,"column":49},"end":{"line":126,"column":3}},"line":119},"21":{"name":"(anonymous_21)","decl":{"start":{"line":124,"column":41},"end":{"line":124,"column":42}},"loc":{"start":{"line":124,"column":56},"end":{"line":124,"column":88}},"line":124},"22":{"name":"(anonymous_22)","decl":{"start":{"line":124,"column":95},"end":{"line":124,"column":96}},"loc":{"start":{"line":124,"column":107},"end":{"line":124,"column":133}},"line":124},"23":{"name":"(anonymous_23)","decl":{"start":{"line":129,"column":17},"end":{"line":129,"column":18}},"loc":{"start":{"line":129,"column":23},"end":{"line":137,"column":1}},"line":129}},"branchMap":{"0":{"loc":{"start":{"line":20,"column":4},"end":{"line":26,"column":5}},"type":"if","locations":[{"start":{"line":20,"column":4},"end":{"line":26,"column":5}},{"start":{"line":20,"column":4},"end":{"line":26,"column":5}}],"line":20},"1":{"loc":{"start":{"line":24,"column":28},"end":{"line":24,"column":75}},"type":"cond-expr","locations":[{"start":{"line":24,"column":56},"end":{"line":24,"column":58}},{"start":{"line":24,"column":61},"end":{"line":24,"column":75}}],"line":24},"2":{"loc":{"start":{"line":47,"column":4},"end":{"line":77,"column":5}},"type":"if","locations":[{"start":{"line":47,"column":4},"end":{"line":77,"column":5}},{"start":{"line":47,"column":4},"end":{"line":77,"column":5}}],"line":47},"3":{"loc":{"start":{"line":52,"column":6},"end":{"line":58,"column":11}},"type":"if","locations":[{"start":{"line":52,"column":6},"end":{"line":58,"column":11}},{"start":{"line":52,"column":6},"end":{"line":58,"column":11}}],"line":52},"4":{"loc":{"start":{"line":52,"column":10},"end":{"line":52,"column":107}},"type":"binary-expr","locations":[{"start":{"line":52,"column":10},"end":{"line":52,"column":34}},{"start":{"line":52,"column":38},"end":{"line":52,"column":73}},{"start":{"line":52,"column":77},"end":{"line":52,"column":107}}],"line":52},"5":{"loc":{"start":{"line":60,"column":28},"end":{"line":60,"column":75}},"type":"cond-expr","locations":[{"start":{"line":60,"column":56},"end":{"line":60,"column":58}},{"start":{"line":60,"column":61},"end":{"line":60,"column":75}}],"line":60},"6":{"loc":{"start":{"line":65,"column":19},"end":{"line":65,"column":119}},"type":"cond-expr","locations":[{"start":{"line":65,"column":55},"end":{"line":65,"column":64}},{"start":{"line":65,"column":67},"end":{"line":65,"column":119}}],"line":65},"7":{"loc":{"start":{"line":69,"column":6},"end":{"line":76,"column":7}},"type":"if","locations":[{"start":{"line":69,"column":6},"end":{"line":76,"column":7}},{"start":{"line":69,"column":6},"end":{"line":76,"column":7}}],"line":69},"8":{"loc":{"start":{"line":69,"column":10},"end":{"line":69,"column":107}},"type":"binary-expr","locations":[{"start":{"line":69,"column":10},"end":{"line":69,"column":34}},{"start":{"line":69,"column":38},"end":{"line":69,"column":73}},{"start":{"line":69,"column":77},"end":{"line":69,"column":107}}],"line":69},"9":{"loc":{"start":{"line":100,"column":4},"end":{"line":105,"column":5}},"type":"if","locations":[{"start":{"line":100,"column":4},"end":{"line":105,"column":5}},{"start":{"line":100,"column":4},"end":{"line":105,"column":5}}],"line":100},"10":{"loc":{"start":{"line":103,"column":22},"end":{"line":103,"column":80}},"type":"cond-expr","locations":[{"start":{"line":103,"column":46},"end":{"line":103,"column":48}},{"start":{"line":103,"column":51},"end":{"line":103,"column":80}}],"line":103},"11":{"loc":{"start":{"line":103,"column":51},"end":{"line":103,"column":80}},"type":"cond-expr","locations":[{"start":{"line":103,"column":75},"end":{"line":103,"column":76}},{"start":{"line":103,"column":79},"end":{"line":103,"column":80}}],"line":103},"12":{"loc":{"start":{"line":104,"column":13},"end":{"line":104,"column":78}},"type":"cond-expr","locations":[{"start":{"line":104,"column":31},"end":{"line":104,"column":38}},{"start":{"line":104,"column":41},"end":{"line":104,"column":78}}],"line":104},"13":{"loc":{"start":{"line":104,"column":41},"end":{"line":104,"column":78}},"type":"cond-expr","locations":[{"start":{"line":104,"column":60},"end":{"line":104,"column":68}},{"start":{"line":104,"column":71},"end":{"line":104,"column":78}}],"line":104},"14":{"loc":{"start":{"line":121,"column":4},"end":{"line":125,"column":5}},"type":"if","locations":[{"start":{"line":121,"column":4},"end":{"line":125,"column":5}},{"start":{"line":121,"column":4},"end":{"line":125,"column":5}}],"line":121},"15":{"loc":{"start":{"line":124,"column":107},"end":{"line":124,"column":133}},"type":"cond-expr","locations":[{"start":{"line":124,"column":127},"end":{"line":124,"column":128}},{"start":{"line":124,"column":131},"end":{"line":124,"column":133}}],"line":124}},"s":{"0":0,"1":0,"2":0,"3":0,"4":0,"5":0,"6":0,"7":0,"8":0,"9":0,"10":0,"11":0,"12":0,"13":0,"14":0,"15":0,"16":0,"17":0,"18":0,"19":0,"20":0,"21":0,"22":0,"23":0,"24":0,"25":0,"26":0,"27":0,"28":0,"29":0,"30":0,"31":0,"32":0,"33":0,"34":0,"35":0,"36":0,"37":0,"38":0,"39":0,"40":0,"41":0,"42":0,"43":0,"44":0,"45":0,"46":0,"47":0,"48":0,"49":0,"50":0,"51":0,"52":0,"53":0,"54":0},"f":{"0":0,"1":0,"2":0,"3":0,"4":0,"5":0,"6":0,"7":0,"8":0,"9":0,"10":0,"11":0,"12":0,"13":0,"14":0,"15":0,"16":0,"17":0,"18":0,"19":0,"20":0,"21":0,"22":0,"23":0},"b":{"0":[0,0],"1":[0,0],"2":[0,0],"3":[0,0],"4":[0,0,0],"5":[0,0],"6":[0,0],"7":[0,0],"8":[0,0,0],"9":[0,0],"10":[0,0],"11":[0,0],"12":[0,0],"13":[0,0],"14":[0,0],"15":[0,0]}},"/Users/ikram/Documents/TP3_4420A/services/yaml/seminar.js":{"path":"/Users/ikram/Documents/TP3_4420A/services/yaml/seminar.js","statementMap":{"0":{"start":{"line":1,"column":13},"end":{"line":1,"column":31}},"1":{"start":{"line":2,"column":15},"end":{"line":2,"column":32}},"2":{"start":{"line":3,"column":27},"end":{"line":3,"column":46}},"3":{"start":{"line":22,"column":20},"end":{"line":49,"column":1}},"4":{"start":{"line":22,"column":26},"end":{"line":49,"column":1}},"5":{"start":{"line":22,"column":35},"end":{"line":49,"column":1}},"6":{"start":{"line":22,"column":47},"end":{"line":49,"column":1}},"7":{"start":{"line":23,"column":2},"end":{"line":48,"column":4}},"8":{"start":{"line":24,"column":4},"end":{"line":47,"column":5}},"9":{"start":{"line":25,"column":6},"end":{"line":25,"column":25}},"10":{"start":{"line":27,"column":29},"end":{"line":27,"column":51}},"11":{"start":{"line":28,"column":23},"end":{"line":42,"column":10}},"12":{"start":{"line":30,"column":34},"end":{"line":30,"column":67}},"13":{"start":{"line":31,"column":40},"end":{"line":31,"column":79}},"14":{"start":{"line":32,"column":26},"end":{"line":32,"column":72}},"15":{"start":{"line":33,"column":35},"end":{"line":33,"column":86}},"16":{"start":{"line":34,"column":10},"end":{"line":41,"column":11}},"17":{"start":{"line":44,"column":30},"end":{"line":44,"column":84}},"18":{"start":{"line":45,"column":34},"end":{"line":45,"column":86}},"19":{"start":{"line":45,"column":69},"end":{"line":45,"column":75}},"20":{"start":{"line":46,"column":6},"end":{"line":46,"column":41}},"21":{"start":{"line":60,"column":33},"end":{"line":66,"column":1}},"22":{"start":{"line":60,"column":42},"end":{"line":66,"column":1}},"23":{"start":{"line":61,"column":2},"end":{"line":65,"column":3}},"24":{"start":{"line":62,"column":4},"end":{"line":62,"column":52}},"25":{"start":{"line":62,"column":32},"end":{"line":62,"column":51}},"26":{"start":{"line":64,"column":4},"end":{"line":64,"column":19}},"27":{"start":{"line":77,"column":21},"end":{"line":87,"column":1}},"28":{"start":{"line":77,"column":30},"end":{"line":87,"column":1}},"29":{"start":{"line":78,"column":25},"end":{"line":81,"column":63}},"30":{"start":{"line":82,"column":2},"end":{"line":86,"column":3}},"31":{"start":{"line":83,"column":4},"end":{"line":83,"column":81}},"32":{"start":{"line":83,"column":37},"end":{"line":83,"column":80}},"33":{"start":{"line":85,"column":4},"end":{"line":85,"column":19}},"34":{"start":{"line":97,"column":16},"end":{"line":105,"column":1}},"35":{"start":{"line":97,"column":25},"end":{"line":105,"column":1}},"36":{"start":{"line":97,"column":31},"end":{"line":105,"column":1}},"37":{"start":{"line":98,"column":2},"end":{"line":104,"column":3}},"38":{"start":{"line":99,"column":4},"end":{"line":99,"column":43}},"39":{"start":{"line":100,"column":9},"end":{"line":104,"column":3}},"40":{"start":{"line":101,"column":4},"end":{"line":101,"column":43}},"41":{"start":{"line":103,"column":4},"end":{"line":103,"column":12}},"42":{"start":{"line":107,"column":0},"end":{"line":111,"column":1}},"43":{"start":{"line":108,"column":2},"end":{"line":110,"column":3}}},"fnMap":{"0":{"name":"(anonymous_0)","decl":{"start":{"line":22,"column":20},"end":{"line":22,"column":21}},"loc":{"start":{"line":22,"column":26},"end":{"line":49,"column":1}},"line":22},"1":{"name":"(anonymous_1)","decl":{"start":{"line":22,"column":26},"end":{"line":22,"column":27}},"loc":{"start":{"line":22,"column":35},"end":{"line":49,"column":1}},"line":22},"2":{"name":"(anonymous_2)","decl":{"start":{"line":22,"column":35},"end":{"line":22,"column":36}},"loc":{"start":{"line":22,"column":47},"end":{"line":49,"column":1}},"line":22},"3":{"name":"(anonymous_3)","decl":{"start":{"line":22,"column":47},"end":{"line":22,"column":48}},"loc":{"start":{"line":22,"column":59},"end":{"line":49,"column":1}},"line":22},"4":{"name":"(anonymous_4)","decl":{"start":{"line":23,"column":45},"end":{"line":23,"column":46}},"loc":{"start":{"line":23,"column":63},"end":{"line":48,"column":3}},"line":23},"5":{"name":"(anonymous_5)","decl":{"start":{"line":29,"column":13},"end":{"line":29,"column":14}},"loc":{"start":{"line":29,"column":18},"end":{"line":42,"column":9}},"line":29},"6":{"name":"(anonymous_6)","decl":{"start":{"line":45,"column":57},"end":{"line":45,"column":58}},"loc":{"start":{"line":45,"column":69},"end":{"line":45,"column":75}},"line":45},"7":{"name":"(anonymous_7)","decl":{"start":{"line":60,"column":33},"end":{"line":60,"column":34}},"loc":{"start":{"line":60,"column":42},"end":{"line":66,"column":1}},"line":60},"8":{"name":"(anonymous_8)","decl":{"start":{"line":60,"column":42},"end":{"line":60,"column":43}},"loc":{"start":{"line":60,"column":54},"end":{"line":66,"column":1}},"line":60},"9":{"name":"(anonymous_9)","decl":{"start":{"line":62,"column":27},"end":{"line":62,"column":28}},"loc":{"start":{"line":62,"column":32},"end":{"line":62,"column":51}},"line":62},"10":{"name":"(anonymous_10)","decl":{"start":{"line":77,"column":21},"end":{"line":77,"column":22}},"loc":{"start":{"line":77,"column":30},"end":{"line":87,"column":1}},"line":77},"11":{"name":"(anonymous_11)","decl":{"start":{"line":77,"column":30},"end":{"line":77,"column":31}},"loc":{"start":{"line":77,"column":42},"end":{"line":87,"column":1}},"line":77},"12":{"name":"(anonymous_12)","decl":{"start":{"line":83,"column":25},"end":{"line":83,"column":26}},"loc":{"start":{"line":83,"column":37},"end":{"line":83,"column":80}},"line":83},"13":{"name":"(anonymous_13)","decl":{"start":{"line":97,"column":16},"end":{"line":97,"column":17}},"loc":{"start":{"line":97,"column":25},"end":{"line":105,"column":1}},"line":97},"14":{"name":"(anonymous_14)","decl":{"start":{"line":97,"column":25},"end":{"line":97,"column":26}},"loc":{"start":{"line":97,"column":31},"end":{"line":105,"column":1}},"line":97},"15":{"name":"(anonymous_15)","decl":{"start":{"line":97,"column":31},"end":{"line":97,"column":32}},"loc":{"start":{"line":97,"column":37},"end":{"line":105,"column":1}},"line":97},"16":{"name":"(anonymous_16)","decl":{"start":{"line":107,"column":17},"end":{"line":107,"column":18}},"loc":{"start":{"line":107,"column":23},"end":{"line":111,"column":1}},"line":107}},"branchMap":{"0":{"loc":{"start":{"line":24,"column":4},"end":{"line":47,"column":5}},"type":"if","locations":[{"start":{"line":24,"column":4},"end":{"line":47,"column":5}},{"start":{"line":24,"column":4},"end":{"line":47,"column":5}}],"line":24},"1":{"loc":{"start":{"line":28,"column":24},"end":{"line":28,"column":71}},"type":"cond-expr","locations":[{"start":{"line":28,"column":52},"end":{"line":28,"column":54}},{"start":{"line":28,"column":57},"end":{"line":28,"column":71}}],"line":28},"2":{"loc":{"start":{"line":61,"column":2},"end":{"line":65,"column":3}},"type":"if","locations":[{"start":{"line":61,"column":2},"end":{"line":65,"column":3}},{"start":{"line":61,"column":2},"end":{"line":65,"column":3}}],"line":61},"3":{"loc":{"start":{"line":61,"column":6},"end":{"line":61,"column":53}},"type":"binary-expr","locations":[{"start":{"line":61,"column":6},"end":{"line":61,"column":25}},{"start":{"line":61,"column":29},"end":{"line":61,"column":53}}],"line":61},"4":{"loc":{"start":{"line":78,"column":25},"end":{"line":81,"column":63}},"type":"binary-expr","locations":[{"start":{"line":78,"column":25},"end":{"line":78,"column":44}},{"start":{"line":79,"column":4},"end":{"line":79,"column":28}},{"start":{"line":80,"column":4},"end":{"line":80,"column":34}},{"start":{"line":81,"column":5},"end":{"line":81,"column":31}},{"start":{"line":81,"column":35},"end":{"line":81,"column":62}}],"line":78},"5":{"loc":{"start":{"line":82,"column":2},"end":{"line":86,"column":3}},"type":"if","locations":[{"start":{"line":82,"column":2},"end":{"line":86,"column":3}},{"start":{"line":82,"column":2},"end":{"line":86,"column":3}}],"line":82},"6":{"loc":{"start":{"line":98,"column":2},"end":{"line":104,"column":3}},"type":"if","locations":[{"start":{"line":98,"column":2},"end":{"line":104,"column":3}},{"start":{"line":98,"column":2},"end":{"line":104,"column":3}}],"line":98},"7":{"loc":{"start":{"line":99,"column":11},"end":{"line":99,"column":43}},"type":"cond-expr","locations":[{"start":{"line":99,"column":23},"end":{"line":99,"column":25}},{"start":{"line":99,"column":28},"end":{"line":99,"column":43}}],"line":99},"8":{"loc":{"start":{"line":99,"column":28},"end":{"line":99,"column":43}},"type":"cond-expr","locations":[{"start":{"line":99,"column":38},"end":{"line":99,"column":39}},{"start":{"line":99,"column":42},"end":{"line":99,"column":43}}],"line":99},"9":{"loc":{"start":{"line":100,"column":9},"end":{"line":104,"column":3}},"type":"if","locations":[{"start":{"line":100,"column":9},"end":{"line":104,"column":3}},{"start":{"line":100,"column":9},"end":{"line":104,"column":3}}],"line":100},"10":{"loc":{"start":{"line":101,"column":11},"end":{"line":101,"column":43}},"type":"cond-expr","locations":[{"start":{"line":101,"column":23},"end":{"line":101,"column":24}},{"start":{"line":101,"column":27},"end":{"line":101,"column":43}}],"line":101},"11":{"loc":{"start":{"line":101,"column":27},"end":{"line":101,"column":43}},"type":"cond-expr","locations":[{"start":{"line":101,"column":37},"end":{"line":101,"column":39}},{"start":{"line":101,"column":42},"end":{"line":101,"column":43}}],"line":101}},"s":{"0":0,"1":0,"2":0,"3":0,"4":0,"5":0,"6":0,"7":0,"8":0,"9":0,"10":0,"11":0,"12":0,"13":0,"14":0,"15":0,"16":0,"17":0,"18":0,"19":0,"20":0,"21":0,"22":0,"23":0,"24":0,"25":0,"26":0,"27":0,"28":0,"29":0,"30":0,"31":0,"32":0,"33":0,"34":0,"35":0,"36":0,"37":0,"38":0,"39":0,"40":0,"41":0,"42":0,"43":0},"f":{"0":0,"1":0,"2":0,"3":0,"4":0,"5":0,"6":0,"7":0,"8":0,"9":0,"10":0,"11":0,"12":0,"13":0,"14":0,"15":0,"16":0},"b":{"0":[0,0],"1":[0,0],"2":[0,0],"3":[0,0],"4":[0,0,0,0,0],"5":[0,0],"6":[0,0],"7":[0,0],"8":[0,0],"9":[0,0],"10":[0,0],"11":[0,0]}},"/Users/ikram/Documents/TP3_4420A/services/yaml/team.js":{"path":"/Users/ikram/Documents/TP3_4420A/services/yaml/team.js","statementMap":{"0":{"start":{"line":1,"column":13},"end":{"line":1,"column":31}},"1":{"start":{"line":11,"column":23},"end":{"line":28,"column":1}},"2":{"start":{"line":11,"column":29},"end":{"line":28,"column":1}},"3":{"start":{"line":12,"column":2},"end":{"line":27,"column":4}},"4":{"start":{"line":13,"column":4},"end":{"line":26,"column":5}},"5":{"start":{"line":14,"column":6},"end":{"line":14,"column":25}},"6":{"start":{"line":16,"column":29},"end":{"line":16,"column":51}},"7":{"start":{"line":17,"column":19},"end":{"line":24,"column":10}},"8":{"start":{"line":19,"column":10},"end":{"line":23,"column":11}},"9":{"start":{"line":20,"column":12},"end":{"line":20,"column":93}},"10":{"start":{"line":22,"column":12},"end":{"line":22,"column":55}},"11":{"start":{"line":25,"column":6},"end":{"line":25,"column":26}},"12":{"start":{"line":30,"column":0},"end":{"line":34,"column":1}},"13":{"start":{"line":31,"column":2},"end":{"line":33,"column":3}}},"fnMap":{"0":{"name":"(anonymous_0)","decl":{"start":{"line":11,"column":23},"end":{"line":11,"column":24}},"loc":{"start":{"line":11,"column":29},"end":{"line":28,"column":1}},"line":11},"1":{"name":"(anonymous_1)","decl":{"start":{"line":11,"column":29},"end":{"line":11,"column":30}},"loc":{"start":{"line":11,"column":41},"end":{"line":28,"column":1}},"line":11},"2":{"name":"(anonymous_2)","decl":{"start":{"line":12,"column":41},"end":{"line":12,"column":42}},"loc":{"start":{"line":12,"column":59},"end":{"line":27,"column":3}},"line":12},"3":{"name":"(anonymous_3)","decl":{"start":{"line":18,"column":14},"end":{"line":18,"column":15}},"loc":{"start":{"line":18,"column":26},"end":{"line":24,"column":9}},"line":18},"4":{"name":"(anonymous_4)","decl":{"start":{"line":30,"column":17},"end":{"line":30,"column":18}},"loc":{"start":{"line":30,"column":23},"end":{"line":34,"column":1}},"line":30}},"branchMap":{"0":{"loc":{"start":{"line":13,"column":4},"end":{"line":26,"column":5}},"type":"if","locations":[{"start":{"line":13,"column":4},"end":{"line":26,"column":5}},{"start":{"line":13,"column":4},"end":{"line":26,"column":5}}],"line":13},"1":{"loc":{"start":{"line":17,"column":20},"end":{"line":17,"column":67}},"type":"cond-expr","locations":[{"start":{"line":17,"column":48},"end":{"line":17,"column":50}},{"start":{"line":17,"column":53},"end":{"line":17,"column":67}}],"line":17},"2":{"loc":{"start":{"line":19,"column":10},"end":{"line":23,"column":11}},"type":"if","locations":[{"start":{"line":19,"column":10},"end":{"line":23,"column":11}},{"start":{"line":19,"column":10},"end":{"line":23,"column":11}}],"line":19},"3":{"loc":{"start":{"line":20,"column":19},"end":{"line":20,"column":93}},"type":"cond-expr","locations":[{"start":{"line":20,"column":51},"end":{"line":20,"column":53}},{"start":{"line":20,"column":56},"end":{"line":20,"column":93}}],"line":20},"4":{"loc":{"start":{"line":20,"column":56},"end":{"line":20,"column":93}},"type":"cond-expr","locations":[{"start":{"line":20,"column":88},"end":{"line":20,"column":89}},{"start":{"line":20,"column":92},"end":{"line":20,"column":93}}],"line":20},"5":{"loc":{"start":{"line":22,"column":19},"end":{"line":22,"column":55}},"type":"cond-expr","locations":[{"start":{"line":22,"column":49},"end":{"line":22,"column":51}},{"start":{"line":22,"column":54},"end":{"line":22,"column":55}}],"line":22}},"s":{"0":0,"1":0,"2":0,"3":0,"4":0,"5":0,"6":0,"7":0,"8":0,"9":0,"10":0,"11":0,"12":0,"13":0},"f":{"0":0,"1":0,"2":0,"3":0,"4":0},"b":{"0":[0,0],"1":[0,0],"2":[0,0],"3":[0,0],"4":[0,0],"5":[0,0]}}}